[ +318 ms] Artifact Instance of 'MaterialFonts' is not required, skipping update.
[        ] Artifact Instance of 'GradleWrapper' is not required, skipping update.
[        ] Artifact Instance of 'AndroidGenSnapshotArtifacts' is not required, skipping update.
[        ] Artifact Instance of 'AndroidInternalBuildArtifacts' is not required, skipping update.
[        ] Artifact Instance of 'IOSEngineArtifacts' is not required, skipping update.
[        ] Artifact Instance of 'FlutterWebSdk' is not required, skipping update.
[        ] Artifact Instance of 'LegacyCanvasKitRemover' is not required, skipping update.
[        ] Artifact Instance of 'FlutterSdk' is not required, skipping update.
[        ] Artifact Instance of 'WindowsEngineArtifacts' is not required, skipping update.
[        ] Artifact Instance of 'MacOSEngineArtifacts' is not required, skipping update.
[        ] Artifact Instance of 'LinuxEngineArtifacts' is not required, skipping update.
[        ] Artifact Instance of 'LinuxFuchsiaSDKArtifacts' is not required, skipping update.
[        ] Artifact Instance of 'MacOSFuchsiaSDKArtifacts' is not required, skipping update.
[        ] Artifact Instance of 'FlutterRunnerSDKArtifacts' is not required, skipping update.
[        ] Artifact Instance of 'FlutterRunnerDebugSymbols' is not required, skipping update.
[        ] Artifact Instance of 'IosUsbArtifacts' is not required, skipping update.
[        ] Artifact Instance of 'IosUsbArtifacts' is not required, skipping update.
[        ] Artifact Instance of 'IosUsbArtifacts' is not required, skipping update.
[        ] Artifact Instance of 'IosUsbArtifacts' is not required, skipping update.
[        ] Artifact Instance of 'IosUsbArtifacts' is not required, skipping update.
[        ] Artifact Instance of 'IosUsbArtifacts' is not required, skipping update.
[        ] Artifact Instance of 'FontSubsetArtifacts' is not required, skipping update.
[        ] Artifact Instance of 'PubDependencies' is not required, skipping update.
[  +46 ms] Artifact Instance of 'AndroidGenSnapshotArtifacts' is not required, skipping update.
[        ] Artifact Instance of 'AndroidInternalBuildArtifacts' is not required, skipping update.
[        ] Artifact Instance of 'IOSEngineArtifacts' is not required, skipping update.
[        ] Artifact Instance of 'FlutterWebSdk' is not required, skipping update.
[        ] Artifact Instance of 'FlutterEngineStamp' is not required, skipping update.
[        ] Artifact Instance of 'LegacyCanvasKitRemover' is not required, skipping update.
[   +1 ms] Artifact Instance of 'WindowsEngineArtifacts' is not required, skipping update.
[        ] Artifact Instance of 'MacOSEngineArtifacts' is not required, skipping update.
[        ] Artifact Instance of 'LinuxEngineArtifacts' is not required, skipping update.
[        ] Artifact Instance of 'LinuxFuchsiaSDKArtifacts' is not required, skipping update.
[        ] Artifact Instance of 'MacOSFuchsiaSDKArtifacts' is not required, skipping update.
[        ] Artifact Instance of 'FlutterRunnerSDKArtifacts' is not required, skipping update.
[        ] Artifact Instance of 'FlutterRunnerDebugSymbols' is not required, skipping update.
[  +30 ms] Artifact Instance of 'MaterialFonts' is not required, skipping update.
[        ] Artifact Instance of 'GradleWrapper' is not required, skipping update.
[   +1 ms] Artifact Instance of 'AndroidInternalBuildArtifacts' is not required, skipping update.
[        ] Artifact Instance of 'IOSEngineArtifacts' is not required, skipping update.
[        ] Artifact Instance of 'FlutterWebSdk' is not required, skipping update.
[        ] Artifact Instance of 'FlutterEngineStamp' is not required, skipping update.
[        ] Artifact Instance of 'LegacyCanvasKitRemover' is not required, skipping update.
[        ] Artifact Instance of 'FlutterSdk' is not required, skipping update.
[        ] Artifact Instance of 'WindowsEngineArtifacts' is not required, skipping update.
[        ] Artifact Instance of 'MacOSEngineArtifacts' is not required, skipping update.
[        ] Artifact Instance of 'LinuxEngineArtifacts' is not required, skipping update.
[        ] Artifact Instance of 'LinuxFuchsiaSDKArtifacts' is not required, skipping update.
[        ] Artifact Instance of 'MacOSFuchsiaSDKArtifacts' is not required, skipping update.
[        ] Artifact Instance of 'FlutterRunnerSDKArtifacts' is not required, skipping update.
[        ] Artifact Instance of 'FlutterRunnerDebugSymbols' is not required, skipping update.
[        ] Artifact Instance of 'IosUsbArtifacts' is not required, skipping update.
[        ] Artifact Instance of 'IosUsbArtifacts' is not required, skipping update.
[        ] Artifact Instance of 'IosUsbArtifacts' is not required, skipping update.
[        ] Artifact Instance of 'IosUsbArtifacts' is not required, skipping update.
[        ] Artifact Instance of 'IosUsbArtifacts' is not required, skipping update.
[        ] Artifact Instance of 'IosUsbArtifacts' is not required, skipping update.
[        ] Artifact Instance of 'FontSubsetArtifacts' is not required, skipping update.
[        ] Artifact Instance of 'PubDependencies' is not required, skipping update.
[  +44 ms] Skipping pub get: version match.
[  +50 ms] Found plugin url_launcher at C:\Users\Harika Nagaraju\AppData\Local\Pub\Cache\hosted\pub.dev\url_launcher-6.3.2\
[   +2 ms] Found plugin url_launcher_windows at C:\Users\Harika Nagaraju\AppData\Local\Pub\Cache\hosted\pub.dev\url_launcher_windows-3.1.5\
[   +3 ms] Found plugin url_launcher_web at C:\Users\Harika Nagaraju\AppData\Local\Pub\Cache\hosted\pub.dev\url_launcher_web-2.4.1\
[   +2 ms] Found plugin url_launcher_macos at C:\Users\Harika Nagaraju\AppData\Local\Pub\Cache\hosted\pub.dev\url_launcher_macos-3.2.5\
[   +1 ms] Found plugin url_launcher_linux at C:\Users\Harika Nagaraju\AppData\Local\Pub\Cache\hosted\pub.dev\url_launcher_linux-3.2.2\
[   +1 ms] Found plugin url_launcher_ios at C:\Users\Harika Nagaraju\AppData\Local\Pub\Cache\hosted\pub.dev\url_launcher_ios-6.3.6\
[   +1 ms] Found plugin url_launcher_android at C:\Users\Harika Nagaraju\AppData\Local\Pub\Cache\hosted\pub.dev\url_launcher_android-6.3.28\
[   +1 ms] Found plugin shared_preferences at C:\Users\Harika Nagaraju\AppData\Local\Pub\Cache\hosted\pub.dev\shared_preferences-2.5.4\
[   +2 ms] Found plugin shared_preferences_windows at C:\Users\Harika Nagaraju\AppData\Local\Pub\Cache\hosted\pub.dev\shared_preferences_windows-2.4.1\
[   +2 ms] Found plugin path_provider_windows at C:\Users\Harika Nagaraju\AppData\Local\Pub\Cache\hosted\pub.dev\path_provider_windows-2.3.0\
[   +5 ms] Found plugin shared_preferences_web at C:\Users\Harika Nagaraju\AppData\Local\Pub\Cache\hosted\pub.dev\shared_preferences_web-2.4.3\
[   +1 ms] Found plugin shared_preferences_linux at C:\Users\Harika Nagaraju\AppData\Local\Pub\Cache\hosted\pub.dev\shared_preferences_linux-2.4.1\
[   +1 ms] Found plugin path_provider_linux at C:\Users\Harika Nagaraju\AppData\Local\Pub\Cache\hosted\pub.dev\path_provider_linux-2.2.1\
[   +1 ms] Found plugin shared_preferences_foundation at C:\Users\Harika Nagaraju\AppData\Local\Pub\Cache\hosted\pub.dev\shared_preferences_foundation-2.5.6\
[   +1 ms] Found plugin shared_preferences_android at C:\Users\Harika Nagaraju\AppData\Local\Pub\Cache\hosted\pub.dev\shared_preferences_android-2.4.20\
[   +1 ms] Found plugin share_plus at C:\Users\Harika Nagaraju\AppData\Local\Pub\Cache\hosted\pub.dev\share_plus-12.0.1\
[   +8 ms] Found plugin path_provider at C:\Users\Harika Nagaraju\AppData\Local\Pub\Cache\hosted\pub.dev\path_provider-2.1.5\
[   +1 ms] Found plugin path_provider_foundation at C:\Users\Harika Nagaraju\AppData\Local\Pub\Cache\hosted\pub.dev\path_provider_foundation-2.5.1\
[   +1 ms] Found plugin path_provider_android at C:\Users\Harika Nagaraju\AppData\Local\Pub\Cache\hosted\pub.dev\path_provider_android-2.2.22\
[   +3 ms] Found plugin razorpay_flutter at C:\Users\Harika Nagaraju\AppData\Local\Pub\Cache\hosted\pub.dev\razorpay_flutter-1.4.1\
[   +4 ms] Found plugin permission_handler at C:\Users\Harika Nagaraju\AppData\Local\Pub\Cache\hosted\pub.dev\permission_handler-12.0.1\
[   +1 ms] Found plugin permission_handler_windows at C:\Users\Harika Nagaraju\AppData\Local\Pub\Cache\hosted\pub.dev\permission_handler_windows-0.2.1\
[   +2 ms] Found plugin permission_handler_html at C:\Users\Harika Nagaraju\AppData\Local\Pub\Cache\hosted\pub.dev\permission_handler_html-0.1.3+5\
[   +1 ms] Found plugin permission_handler_apple at C:\Users\Harika Nagaraju\AppData\Local\Pub\Cache\hosted\pub.dev\permission_handler_apple-9.4.7\
[   +1 ms] Found plugin permission_handler_android at C:\Users\Harika Nagaraju\AppData\Local\Pub\Cache\hosted\pub.dev\permission_handler_android-13.0.1\
[   +2 ms] Found plugin image_picker at C:\Users\Harika Nagaraju\AppData\Local\Pub\Cache\hosted\pub.dev\image_picker-1.2.1\
[   +1 ms] Found plugin image_picker_windows at C:\Users\Harika Nagaraju\AppData\Local\Pub\Cache\hosted\pub.dev\image_picker_windows-0.2.2\
[   +3 ms] Found plugin file_selector_windows at C:\Users\Harika Nagaraju\AppData\Local\Pub\Cache\hosted\pub.dev\file_selector_windows-0.9.3+5\
[   +2 ms] Found plugin image_picker_macos at C:\Users\Harika Nagaraju\AppData\Local\Pub\Cache\hosted\pub.dev\image_picker_macos-0.2.2+1\
[   +1 ms] Found plugin file_selector_macos at C:\Users\Harika Nagaraju\AppData\Local\Pub\Cache\hosted\pub.dev\file_selector_macos-0.9.5\
[        ] Found plugin image_picker_linux at C:\Users\Harika Nagaraju\AppData\Local\Pub\Cache\hosted\pub.dev\image_picker_linux-0.2.2\
[   +1 ms] Found plugin file_selector_linux at C:\Users\Harika Nagaraju\AppData\Local\Pub\Cache\hosted\pub.dev\file_selector_linux-0.9.4\
[   +1 ms] Found plugin image_picker_ios at C:\Users\Harika Nagaraju\AppData\Local\Pub\Cache\hosted\pub.dev\image_picker_ios-0.8.13+3\
[   +1 ms] Found plugin image_picker_for_web at C:\Users\Harika Nagaraju\AppData\Local\Pub\Cache\hosted\pub.dev\image_picker_for_web-3.1.1\
[        ] Found plugin image_picker_android at C:\Users\Harika Nagaraju\AppData\Local\Pub\Cache\hosted\pub.dev\image_picker_android-0.8.13+13\
[        ] Found plugin flutter_plugin_android_lifecycle at C:\Users\Harika Nagaraju\AppData\Local\Pub\Cache\hosted\pub.dev\flutter_plugin_android_lifecycle-2.0.33\
[   +1 ms] Found plugin geolocator at C:\Users\Harika Nagaraju\AppData\Local\Pub\Cache\hosted\pub.dev\geolocator-14.0.2\
[        ] Found plugin geolocator_windows at C:\Users\Harika Nagaraju\AppData\Local\Pub\Cache\hosted\pub.dev\geolocator_windows-0.2.5\
[   +1 ms] Found plugin geolocator_web at C:\Users\Harika Nagaraju\AppData\Local\Pub\Cache\hosted\pub.dev\geolocator_web-4.1.3\
[        ] Found plugin geolocator_linux at C:\Users\Harika Nagaraju\AppData\Local\Pub\Cache\hosted\pub.dev\geolocator_linux-0.2.4\
[   +1 ms] Found plugin package_info_plus at C:\Users\Harika Nagaraju\AppData\Local\Pub\Cache\hosted\pub.dev\package_info_plus-9.0.0\
[   +5 ms] Found plugin geolocator_apple at C:\Users\Harika Nagaraju\AppData\Local\Pub\Cache\hosted\pub.dev\geolocator_apple-2.3.13\
[        ] Found plugin geolocator_android at C:\Users\Harika Nagaraju\AppData\Local\Pub\Cache\hosted\pub.dev\geolocator_android-5.0.2\
[        ] Found plugin fluttertoast at C:\Users\Harika Nagaraju\AppData\Local\Pub\Cache\hosted\pub.dev\fluttertoast-8.2.14\
[   +1 ms] Found plugin flutter_local_notifications at C:\Users\Harika Nagaraju\AppData\Local\Pub\Cache\hosted\pub.dev\flutter_local_notifications-20.0.0\
[   +1 ms] Found plugin flutter_local_notifications_windows at C:\Users\Harika Nagaraju\AppData\Local\Pub\Cache\hosted\pub.dev\flutter_local_notifications_windows-2.0.0\
[   +1 ms] Found plugin flutter_local_notifications_linux at C:\Users\Harika Nagaraju\AppData\Local\Pub\Cache\hosted\pub.dev\flutter_local_notifications_linux-7.0.0\
[        ] Found plugin firebase_messaging at C:\Users\Harika Nagaraju\AppData\Local\Pub\Cache\hosted\pub.dev\firebase_messaging-16.1.1\
[        ] Found plugin firebase_messaging_web at C:\Users\Harika Nagaraju\AppData\Local\Pub\Cache\hosted\pub.dev\firebase_messaging_web-4.1.2\
[   +1 ms] Found plugin firebase_core at C:\Users\Harika Nagaraju\AppData\Local\Pub\Cache\hosted\pub.dev\firebase_core-4.4.0\
[   +1 ms] Found plugin firebase_core_web at C:\Users\Harika Nagaraju\AppData\Local\Pub\Cache\hosted\pub.dev\firebase_core_web-3.4.0\
[   +5 ms] Found plugin agora_rtc_engine at C:\Users\Harika Nagaraju\AppData\Local\Pub\Cache\hosted\pub.dev\agora_rtc_engine-6.5.3\
[   +2 ms] Found plugin iris_method_channel at C:\Users\Harika Nagaraju\AppData\Local\Pub\Cache\hosted\pub.dev\iris_method_channel-2.2.4\
[  +39 ms] Found plugin url_launcher at C:\Users\Harika Nagaraju\AppData\Local\Pub\Cache\hosted\pub.dev\url_launcher-6.3.2\
[        ] Found plugin url_launcher_windows at C:\Users\Harika Nagaraju\AppData\Local\Pub\Cache\hosted\pub.dev\url_launcher_windows-3.1.5\
[   +1 ms] Found plugin url_launcher_web at C:\Users\Harika Nagaraju\AppData\Local\Pub\Cache\hosted\pub.dev\url_launcher_web-2.4.1\
[   +1 ms] Found plugin url_launcher_macos at C:\Users\Harika Nagaraju\AppData\Local\Pub\Cache\hosted\pub.dev\url_launcher_macos-3.2.5\
[        ] Found plugin url_launcher_linux at C:\Users\Harika Nagaraju\AppData\Local\Pub\Cache\hosted\pub.dev\url_launcher_linux-3.2.2\
[        ] Found plugin url_launcher_ios at C:\Users\Harika Nagaraju\AppData\Local\Pub\Cache\hosted\pub.dev\url_launcher_ios-6.3.6\
[        ] Found plugin url_launcher_android at C:\Users\Harika Nagaraju\AppData\Local\Pub\Cache\hosted\pub.dev\url_launcher_android-6.3.28\
[   +1 ms] Found plugin shared_preferences at C:\Users\Harika Nagaraju\AppData\Local\Pub\Cache\hosted\pub.dev\shared_preferences-2.5.4\
[        ] Found plugin shared_preferences_windows at C:\Users\Harika Nagaraju\AppData\Local\Pub\Cache\hosted\pub.dev\shared_preferences_windows-2.4.1\
[   +1 ms] Found plugin path_provider_windows at C:\Users\Harika Nagaraju\AppData\Local\Pub\Cache\hosted\pub.dev\path_provider_windows-2.3.0\
[   +2 ms] Found plugin shared_preferences_web at C:\Users\Harika Nagaraju\AppData\Local\Pub\Cache\hosted\pub.dev\shared_preferences_web-2.4.3\
[        ] Found plugin shared_preferences_linux at C:\Users\Harika Nagaraju\AppData\Local\Pub\Cache\hosted\pub.dev\shared_preferences_linux-2.4.1\
[        ] Found plugin path_provider_linux at C:\Users\Harika Nagaraju\AppData\Local\Pub\Cache\hosted\pub.dev\path_provider_linux-2.2.1\
[   +1 ms] Found plugin shared_preferences_foundation at C:\Users\Harika Nagaraju\AppData\Local\Pub\Cache\hosted\pub.dev\shared_preferences_foundation-2.5.6\
[        ] Found plugin shared_preferences_android at C:\Users\Harika Nagaraju\AppData\Local\Pub\Cache\hosted\pub.dev\shared_preferences_android-2.4.20\
[        ] Found plugin share_plus at C:\Users\Harika Nagaraju\AppData\Local\Pub\Cache\hosted\pub.dev\share_plus-12.0.1\
[   +3 ms] Found plugin path_provider at C:\Users\Harika Nagaraju\AppData\Local\Pub\Cache\hosted\pub.dev\path_provider-2.1.5\
[        ] Found plugin path_provider_foundation at C:\Users\Harika Nagaraju\AppData\Local\Pub\Cache\hosted\pub.dev\path_provider_foundation-2.5.1\
[        ] Found plugin path_provider_android at C:\Users\Harika Nagaraju\AppData\Local\Pub\Cache\hosted\pub.dev\path_provider_android-2.2.22\
[   +1 ms] Found plugin razorpay_flutter at C:\Users\Harika Nagaraju\AppData\Local\Pub\Cache\hosted\pub.dev\razorpay_flutter-1.4.1\
[   +2 ms] Found plugin permission_handler at C:\Users\Harika Nagaraju\AppData\Local\Pub\Cache\hosted\pub.dev\permission_handler-12.0.1\
[        ] Found plugin permission_handler_windows at C:\Users\Harika Nagaraju\AppData\Local\Pub\Cache\hosted\pub.dev\permission_handler_windows-0.2.1\
[   +1 ms] Found plugin permission_handler_html at C:\Users\Harika Nagaraju\AppData\Local\Pub\Cache\hosted\pub.dev\permission_handler_html-0.1.3+5\
[        ] Found plugin permission_handler_apple at C:\Users\Harika Nagaraju\AppData\Local\Pub\Cache\hosted\pub.dev\permission_handler_apple-9.4.7\
[        ] Found plugin permission_handler_android at C:\Users\Harika Nagaraju\AppData\Local\Pub\Cache\hosted\pub.dev\permission_handler_android-13.0.1\
[   +1 ms] Found plugin image_picker at C:\Users\Harika Nagaraju\AppData\Local\Pub\Cache\hosted\pub.dev\image_picker-1.2.1\
[   +1 ms] Found plugin image_picker_windows at C:\Users\Harika Nagaraju\AppData\Local\Pub\Cache\hosted\pub.dev\image_picker_windows-0.2.2\
[   +3 ms] Found plugin file_selector_windows at C:\Users\Harika Nagaraju\AppData\Local\Pub\Cache\hosted\pub.dev\file_selector_windows-0.9.3+5\
[   +1 ms] Found plugin image_picker_macos at C:\Users\Harika Nagaraju\AppData\Local\Pub\Cache\hosted\pub.dev\image_picker_macos-0.2.2+1\
[        ] Found plugin file_selector_macos at C:\Users\Harika Nagaraju\AppData\Local\Pub\Cache\hosted\pub.dev\file_selector_macos-0.9.5\
[   +1 ms] Found plugin image_picker_linux at C:\Users\Harika Nagaraju\AppData\Local\Pub\Cache\hosted\pub.dev\image_picker_linux-0.2.2\
[   +1 ms] Found plugin file_selector_linux at C:\Users\Harika Nagaraju\AppData\Local\Pub\Cache\hosted\pub.dev\file_selector_linux-0.9.4\
[   +1 ms] Found plugin image_picker_ios at C:\Users\Harika Nagaraju\AppData\Local\Pub\Cache\hosted\pub.dev\image_picker_ios-0.8.13+3\
[        ] Found plugin image_picker_for_web at C:\Users\Harika Nagaraju\AppData\Local\Pub\Cache\hosted\pub.dev\image_picker_for_web-3.1.1\
[        ] Found plugin image_picker_android at C:\Users\Harika Nagaraju\AppData\Local\Pub\Cache\hosted\pub.dev\image_picker_android-0.8.13+13\
[   +1 ms] Found plugin flutter_plugin_android_lifecycle at C:\Users\Harika Nagaraju\AppData\Local\Pub\Cache\hosted\pub.dev\flutter_plugin_android_lifecycle-2.0.33\
[        ] Found plugin geolocator at C:\Users\Harika Nagaraju\AppData\Local\Pub\Cache\hosted\pub.dev\geolocator-14.0.2\
[        ] Found plugin geolocator_windows at C:\Users\Harika Nagaraju\AppData\Local\Pub\Cache\hosted\pub.dev\geolocator_windows-0.2.5\
[   +1 ms] Found plugin geolocator_web at C:\Users\Harika Nagaraju\AppData\Local\Pub\Cache\hosted\pub.dev\geolocator_web-4.1.3\
[        ] Found plugin geolocator_linux at C:\Users\Harika Nagaraju\AppData\Local\Pub\Cache\hosted\pub.dev\geolocator_linux-0.2.4\
[        ] Found plugin package_info_plus at C:\Users\Harika Nagaraju\AppData\Local\Pub\Cache\hosted\pub.dev\package_info_plus-9.0.0\
[   +4 ms] Found plugin geolocator_apple at C:\Users\Harika Nagaraju\AppData\Local\Pub\Cache\hosted\pub.dev\geolocator_apple-2.3.13\
[        ] Found plugin geolocator_android at C:\Users\Harika Nagaraju\AppData\Local\Pub\Cache\hosted\pub.dev\geolocator_android-5.0.2\
[        ] Found plugin fluttertoast at C:\Users\Harika Nagaraju\AppData\Local\Pub\Cache\hosted\pub.dev\fluttertoast-8.2.14\
[        ] Found plugin flutter_local_notifications at C:\Users\Harika Nagaraju\AppData\Local\Pub\Cache\hosted\pub.dev\flutter_local_notifications-20.0.0\
[   +1 ms] Found plugin flutter_local_notifications_windows at C:\Users\Harika Nagaraju\AppData\Local\Pub\Cache\hosted\pub.dev\flutter_local_notifications_windows-2.0.0\
[   +1 ms] Found plugin flutter_local_notifications_linux at C:\Users\Harika Nagaraju\AppData\Local\Pub\Cache\hosted\pub.dev\flutter_local_notifications_linux-7.0.0\
[        ] Found plugin firebase_messaging at C:\Users\Harika Nagaraju\AppData\Local\Pub\Cache\hosted\pub.dev\firebase_messaging-16.1.1\
[        ] Found plugin firebase_messaging_web at C:\Users\Harika Nagaraju\AppData\Local\Pub\Cache\hosted\pub.dev\firebase_messaging_web-4.1.2\
[   +1 ms] Found plugin firebase_core at C:\Users\Harika Nagaraju\AppData\Local\Pub\Cache\hosted\pub.dev\firebase_core-4.4.0\
[        ] Found plugin firebase_core_web at C:\Users\Harika Nagaraju\AppData\Local\Pub\Cache\hosted\pub.dev\firebase_core_web-3.4.0\
[   +3 ms] Found plugin agora_rtc_engine at C:\Users\Harika Nagaraju\AppData\Local\Pub\Cache\hosted\pub.dev\agora_rtc_engine-6.5.3\
[   +1 ms] Found plugin iris_method_channel at C:\Users\Harika Nagaraju\AppData\Local\Pub\Cache\hosted\pub.dev\iris_method_channel-2.2.4\
[   +6 ms] Skipping generating web_plugin_registrant.dart because it is up-to-date.
[  +21 ms] Found plugin url_launcher at C:\Users\Harika Nagaraju\AppData\Local\Pub\Cache\hosted\pub.dev\url_launcher-6.3.2\
[        ] Found plugin url_launcher_windows at C:\Users\Harika Nagaraju\AppData\Local\Pub\Cache\hosted\pub.dev\url_launcher_windows-3.1.5\
[   +1 ms] Found plugin url_launcher_web at C:\Users\Harika Nagaraju\AppData\Local\Pub\Cache\hosted\pub.dev\url_launcher_web-2.4.1\
[   +1 ms] Found plugin url_launcher_macos at C:\Users\Harika Nagaraju\AppData\Local\Pub\Cache\hosted\pub.dev\url_launcher_macos-3.2.5\
[        ] Found plugin url_launcher_linux at C:\Users\Harika Nagaraju\AppData\Local\Pub\Cache\hosted\pub.dev\url_launcher_linux-3.2.2\
[        ] Found plugin url_launcher_ios at C:\Users\Harika Nagaraju\AppData\Local\Pub\Cache\hosted\pub.dev\url_launcher_ios-6.3.6\
[        ] Found plugin url_launcher_android at C:\Users\Harika Nagaraju\AppData\Local\Pub\Cache\hosted\pub.dev\url_launcher_android-6.3.28\
[        ] Found plugin shared_preferences at C:\Users\Harika Nagaraju\AppData\Local\Pub\Cache\hosted\pub.dev\shared_preferences-2.5.4\
[        ] Found plugin shared_preferences_windows at C:\Users\Harika Nagaraju\AppData\Local\Pub\Cache\hosted\pub.dev\shared_preferences_windows-2.4.1\
[   +1 ms] Found plugin path_provider_windows at C:\Users\Harika Nagaraju\AppData\Local\Pub\Cache\hosted\pub.dev\path_provider_windows-2.3.0\
[   +2 ms] Found plugin shared_preferences_web at C:\Users\Harika Nagaraju\AppData\Local\Pub\Cache\hosted\pub.dev\shared_preferences_web-2.4.3\
[        ] Found plugin shared_preferences_linux at C:\Users\Harika Nagaraju\AppData\Local\Pub\Cache\hosted\pub.dev\shared_preferences_linux-2.4.1\
[        ] Found plugin path_provider_linux at C:\Users\Harika Nagaraju\AppData\Local\Pub\Cache\hosted\pub.dev\path_provider_linux-2.2.1\
[   +1 ms] Found plugin shared_preferences_foundation at C:\Users\Harika Nagaraju\AppData\Local\Pub\Cache\hosted\pub.dev\shared_preferences_foundation-2.5.6\
[        ] Found plugin shared_preferences_android at C:\Users\Harika Nagaraju\AppData\Local\Pub\Cache\hosted\pub.dev\shared_preferences_android-2.4.20\
[   +1 ms] Found plugin share_plus at C:\Users\Harika Nagaraju\AppData\Local\Pub\Cache\hosted\pub.dev\share_plus-12.0.1\
[   +3 ms] Found plugin path_provider at C:\Users\Harika Nagaraju\AppData\Local\Pub\Cache\hosted\pub.dev\path_provider-2.1.5\
[        ] Found plugin path_provider_foundation at C:\Users\Harika Nagaraju\AppData\Local\Pub\Cache\hosted\pub.dev\path_provider_foundation-2.5.1\
[        ] Found plugin path_provider_android at C:\Users\Harika Nagaraju\AppData\Local\Pub\Cache\hosted\pub.dev\path_provider_android-2.2.22\
[   +1 ms] Found plugin razorpay_flutter at C:\Users\Harika Nagaraju\AppData\Local\Pub\Cache\hosted\pub.dev\razorpay_flutter-1.4.1\
[   +2 ms] Found plugin permission_handler at C:\Users\Harika Nagaraju\AppData\Local\Pub\Cache\hosted\pub.dev\permission_handler-12.0.1\
[        ] Found plugin permission_handler_windows at C:\Users\Harika Nagaraju\AppData\Local\Pub\Cache\hosted\pub.dev\permission_handler_windows-0.2.1\
[        ] Found plugin permission_handler_html at C:\Users\Harika Nagaraju\AppData\Local\Pub\Cache\hosted\pub.dev\permission_handler_html-0.1.3+5\
[        ] Found plugin permission_handler_apple at C:\Users\Harika Nagaraju\AppData\Local\Pub\Cache\hosted\pub.dev\permission_handler_apple-9.4.7\
[        ] Found plugin permission_handler_android at C:\Users\Harika Nagaraju\AppData\Local\Pub\Cache\hosted\pub.dev\permission_handler_android-13.0.1\
[   +1 ms] Found plugin image_picker at C:\Users\Harika Nagaraju\AppData\Local\Pub\Cache\hosted\pub.dev\image_picker-1.2.1\
[        ] Found plugin image_picker_windows at C:\Users\Harika Nagaraju\AppData\Local\Pub\Cache\hosted\pub.dev\image_picker_windows-0.2.2\
[   +2 ms] Found plugin file_selector_windows at C:\Users\Harika Nagaraju\AppData\Local\Pub\Cache\hosted\pub.dev\file_selector_windows-0.9.3+5\
[   +1 ms] Found plugin image_picker_macos at C:\Users\Harika Nagaraju\AppData\Local\Pub\Cache\hosted\pub.dev\image_picker_macos-0.2.2+1\
[        ] Found plugin file_selector_macos at C:\Users\Harika Nagaraju\AppData\Local\Pub\Cache\hosted\pub.dev\file_selector_macos-0.9.5\
[        ] Found plugin image_picker_linux at C:\Users\Harika Nagaraju\AppData\Local\Pub\Cache\hosted\pub.dev\image_picker_linux-0.2.2\
[        ] Found plugin file_selector_linux at C:\Users\Harika Nagaraju\AppData\Local\Pub\Cache\hosted\pub.dev\file_selector_linux-0.9.4\
[        ] Found plugin image_picker_ios at C:\Users\Harika Nagaraju\AppData\Local\Pub\Cache\hosted\pub.dev\image_picker_ios-0.8.13+3\
[        ] Found plugin image_picker_for_web at C:\Users\Harika Nagaraju\AppData\Local\Pub\Cache\hosted\pub.dev\image_picker_for_web-3.1.1\
[        ] Found plugin image_picker_android at C:\Users\Harika Nagaraju\AppData\Local\Pub\Cache\hosted\pub.dev\image_picker_android-0.8.13+13\
[        ] Found plugin flutter_plugin_android_lifecycle at C:\Users\Harika Nagaraju\AppData\Local\Pub\Cache\hosted\pub.dev\flutter_plugin_android_lifecycle-2.0.33\
[        ] Found plugin geolocator at C:\Users\Harika Nagaraju\AppData\Local\Pub\Cache\hosted\pub.dev\geolocator-14.0.2\
[        ] Found plugin geolocator_windows at C:\Users\Harika Nagaraju\AppData\Local\Pub\Cache\hosted\pub.dev\geolocator_windows-0.2.5\
[        ] Found plugin geolocator_web at C:\Users\Harika Nagaraju\AppData\Local\Pub\Cache\hosted\pub.dev\geolocator_web-4.1.3\
[        ] Found plugin geolocator_linux at C:\Users\Harika Nagaraju\AppData\Local\Pub\Cache\hosted\pub.dev\geolocator_linux-0.2.4\
[        ] Found plugin package_info_plus at C:\Users\Harika Nagaraju\AppData\Local\Pub\Cache\hosted\pub.dev\package_info_plus-9.0.0\
[   +3 ms] Found plugin geolocator_apple at C:\Users\Harika Nagaraju\AppData\Local\Pub\Cache\hosted\pub.dev\geolocator_apple-2.3.13\
[        ] Found plugin geolocator_android at C:\Users\Harika Nagaraju\AppData\Local\Pub\Cache\hosted\pub.dev\geolocator_android-5.0.2\
[        ] Found plugin fluttertoast at C:\Users\Harika Nagaraju\AppData\Local\Pub\Cache\hosted\pub.dev\fluttertoast-8.2.14\
[        ] Found plugin flutter_local_notifications at C:\Users\Harika Nagaraju\AppData\Local\Pub\Cache\hosted\pub.dev\flutter_local_notifications-20.0.0\
[        ] Found plugin flutter_local_notifications_windows at C:\Users\Harika Nagaraju\AppData\Local\Pub\Cache\hosted\pub.dev\flutter_local_notifications_windows-2.0.0\
[   +1 ms] Found plugin flutter_local_notifications_linux at C:\Users\Harika Nagaraju\AppData\Local\Pub\Cache\hosted\pub.dev\flutter_local_notifications_linux-7.0.0\
[        ] Found plugin firebase_messaging at C:\Users\Harika Nagaraju\AppData\Local\Pub\Cache\hosted\pub.dev\firebase_messaging-16.1.1\
[        ] Found plugin firebase_messaging_web at C:\Users\Harika Nagaraju\AppData\Local\Pub\Cache\hosted\pub.dev\firebase_messaging_web-4.1.2\
[   +1 ms] Found plugin firebase_core at C:\Users\Harika Nagaraju\AppData\Local\Pub\Cache\hosted\pub.dev\firebase_core-4.4.0\
[        ] Found plugin firebase_core_web at C:\Users\Harika Nagaraju\AppData\Local\Pub\Cache\hosted\pub.dev\firebase_core_web-3.4.0\
[   +3 ms] Found plugin agora_rtc_engine at C:\Users\Harika Nagaraju\AppData\Local\Pub\Cache\hosted\pub.dev\agora_rtc_engine-6.5.3\
[   +1 ms] Found plugin iris_method_channel at C:\Users\Harika Nagaraju\AppData\Local\Pub\Cache\hosted\pub.dev\iris_method_channel-2.2.4\
[   +4 ms] Generating C:\Fusionvertex\dating_app_boyflow\android\app\src\main\java\io\flutter\plugins\GeneratedPluginRegistrant.java
[   +1 ms] Skipping generating GeneratedPluginRegistrant.java because it is up-to-date.
[   +3 ms] Skipping generating generated_plugin_registrant.h because it is up-to-date.
[        ] Skipping generating generated_plugin_registrant.cc because it is up-to-date.
[        ] Skipping generating generated_plugins.cmake because it is up-to-date.
[   +1 ms] Skipping generating generated_plugin_registrant.h because it is up-to-date.
[   +1 ms] Skipping generating generated_plugin_registrant.cc because it is up-to-date.
[        ] Skipping generating generated_plugins.cmake because it is up-to-date.
[   +1 ms] Skipping generating GeneratedPluginRegistrant.h because it is up-to-date.
[        ] Skipping generating GeneratedPluginRegistrant.m because it is up-to-date.
[        ] Skipping generating GeneratedPluginRegistrant.swift because it is up-to-date.
[ +133 ms] executing: C:\Program Files\Android\Android Studio\jbr\bin\java -version
[  +91 ms] Exit code 0 from: C:\Program Files\Android\Android Studio\jbr\bin\java -version
[        ] openjdk version "21.0.6" 2025-01-21
           OpenJDK Runtime Environment (build 21.0.6+-13368085-b895.109)
           OpenJDK 64-Bit Server VM (build 21.0.6+-13368085-b895.109, mixed mode)
[   +6 ms] Top-level Gradle build file not found, skipping migration of task "clean".
[   +1 ms] executing: C:\Program Files\Android\Android Studio\jbr\bin\java --version
[  +84 ms] Exit code 0 from: C:\Program Files\Android\Android Studio\jbr\bin\java --version
[        ] openjdk 21.0.6 2025-01-21
           OpenJDK Runtime Environment (build 21.0.6+-13368085-b895.109)
           OpenJDK 64-Bit Server VM (build 21.0.6+-13368085-b895.109, mixed mode)
[   +1 ms] Version of Java is different than impacted version, no migration attempted.
[   +8 ms] CMake project not found, skipping support Android 15 16k page size migration.
[   +3 ms] Using gradle from C:\Fusionvertex\dating_app_boyflow\android\gradlew.bat.
[  +30 ms] LocalFile: 'C:\Fusionvertex\dating_app_boyflow\android\build.gradle.kts' doesn't provide an AGP version. Checking settings.
[   +5 ms] LocalFile: 'C:\Fusionvertex\dating_app_boyflow\android\settings.gradle.kts' provides AGP version: 8.9.1
[  +12 ms] Running Gradle task 'assembleDebug'...
[        ] executing: [C:\Fusionvertex\dating_app_boyflow\android/] C:\Fusionvertex\dating_app_boyflow\android\gradlew.bat --full-stacktrace --info -Pverbose=true -Ptarget-platform=android-arm,android-arm64,android-x64 -Ptarget=lib\main.dart -Pbase-application-name=android.app.Application -Pdart-defines=RkxVVFRFUl9WRVJTSU9OPTMuMzUuNw==,RkxVVFRFUl9DSEFOTkVMPXN0YWJsZQ==,RkxVVFRFUl9HSVRfVVJMPWh0dHBzOi8vZ2l0aHViLmNvbS9mbHV0dGVyL2ZsdXR0ZXIuZ2l0,RkxVVFRFUl9GUkFNRVdPUktfUkVWSVNJT049YWRjOTAxMDYyNQ==,RkxVVFRFUl9FTkdJTkVfUkVWSVNJT049MDM1MzE2NTY1YQ==,RkxVVFRFUl9EQVJUX1ZFUlNJT049My45LjI= -Pdart-obfuscation=false -Ptrack-widget-creation=true -Ptree-shake-icons=false assembleDebug
[ +514 ms] Initialized native services in: C:\Users\Harika Nagaraju\.gradle\native
[        ] Initialized jansi services in: C:\Users\Harika Nagaraju\.gradle\native
[ +306 ms] The client will now receive all logging from the daemon (pid: 37772). The daemon log file: C:\Users\Harika Nagaraju\.gradle\daemon\8.12\daemon-37772.out.log
[        ] Starting 8th build in daemon [uptime: 29 mins 59.72 secs, performance: 100%, GC rate: 0.00/s, heap usage: 0% of 4 GiB]
[        ] Using 16 worker leases.
[        ] Now considering [C:\Fusionvertex\dating_app_boyflow\android, C:\programTools\flutter\packages\flutter_tools\gradle] as hierarchies to watch
[        ] Watching the file system is configured to be enabled if available
[        ] File system watching is active
[        ] Starting Build
[        ] Now considering [C:\programTools\flutter\packages\flutter_tools\gradle, C:\Fusionvertex\dating_app_boyflow\android] as hierarchies to watch
[ +107 ms] > Configure project :gradle
[        ] Evaluating project ':gradle' using build file 'C:\programTools\flutter\packages\flutter_tools\gradle\build.gradle.kts'.
[        ] Resolved plugin [id: 'org.gradle.java-gradle-plugin']
[        ] Resolved plugin [id: 'org.gradle.groovy']
[        ] Resolved plugin [id: 'org.gradle.kotlin.kotlin-dsl', version: '5.1.2']
[        ] Resolved plugin [id: 'org.jetbrains.kotlin.jvm', version: '1.9.20']
[        ] Using Kotlin Gradle Plugin gradle85 variant
[        ] kotlin scripting plugin: created the scripting discovery configuration: kotlinScriptDef
[        ] kotlin scripting plugin: created the scripting discovery configuration: testKotlinScriptDef
[        ] file or directory 'C:\programTools\flutter\packages\flutter_tools\gradle\src\main\java', not found
[        ] Resolved plugin [id: 'dev.flutter.flutter-plugin-loader', version: '1.0.0']
[        ] Resolved plugin [id: 'com.android.application', version: '8.9.1', apply: false]
[        ] Resolved plugin [id: 'org.jetbrains.kotlin.android', version: '2.1.0', apply: false]
[        ] Resolve mutations for :gradle:checkKotlinGradlePluginConfigurationErrors (Thread[#1527,Execution worker,5,main]) started.
[        ] :gradle:checkKotlinGradlePluginConfigurationErrors (Thread[#1527,Execution worker,5,main]) started.
[        ] > Task :gradle:checkKotlinGradlePluginConfigurationErrors SKIPPED
[        ] Skipping task ':gradle:checkKotlinGradlePluginConfigurationErrors' as task onlyIf 'errorDiagnostics are present' is false.
[        ] Resolve mutations for :gradle:compileKotlin (Thread[#1526,included builds,5,main]) started.
[        ] :gradle:compileKotlin (Thread[#1526,included builds,5,main]) started.
[        ] > Task :gradle:compileKotlin UP-TO-DATE
[        ] Caching disabled for task ':gradle:compileKotlin' because:
[        ]   Build cache is disabled
[        ] Skipping task ':gradle:compileKotlin' as it is up-to-date.
[        ] Resolve mutations for :gradle:compileJava (Thread[#1526,included builds,5,main]) started.
[        ] :gradle:compileJava (Thread[#1526,included builds,5,main]) started.
[        ] > Task :gradle:compileJava NO-SOURCE
[        ] Skipping task ':gradle:compileJava' as it has no source files and no previous output files.
[        ] Resolve mutations for :gradle:compileGroovy (Thread[#1526,included builds,5,main]) started.
[        ] :gradle:compileGroovy (Thread[#1526,included builds,5,main]) started.
[        ] > Task :gradle:compileGroovy NO-SOURCE
[        ] Skipping task ':gradle:compileGroovy' as it has no source files and no previous output files.
[        ] Resolve mutations for :gradle:pluginDescriptors (Thread[#1526,included builds,5,main]) started.
[        ] :gradle:pluginDescriptors (Thread[#1526,included builds,5,main]) started.
[        ] > Task :gradle:pluginDescriptors UP-TO-DATE
[        ] Caching disabled for task ':gradle:pluginDescriptors' because:
[        ]   Build cache is disabled
[        ]   Not worth caching
[        ] Skipping task ':gradle:pluginDescriptors' as it is up-to-date.
[        ] Resolve mutations for :gradle:processResources (Thread[#1526,included builds,5,main]) started.
[        ] :gradle:processResources (Thread[#1530,Execution worker Thread 4,5,main]) started.
[        ] > Task :gradle:processResources UP-TO-DATE
[        ] Caching disabled for task ':gradle:processResources' because:
[        ]   Build cache is disabled
[        ]   Not worth caching
[        ] Skipping task ':gradle:processResources' as it is up-to-date.
[        ] Resolve mutations for :gradle:classes (Thread[#1526,included builds,5,main]) started.
[        ] :gradle:classes (Thread[#1526,included builds,5,main]) started.
[        ] > Task :gradle:classes UP-TO-DATE
[        ] Skipping task ':gradle:classes' as it has no actions.
[        ] Resolve mutations for :gradle:jar (Thread[#1526,included builds,5,main]) started.
[        ] :gradle:jar (Thread[#1526,included builds,5,main]) started.
[        ] > Task :gradle:jar UP-TO-DATE
[        ] Caching disabled for task ':gradle:jar' because:
[        ]   Build cache is disabled
[        ]   Not worth caching
[        ] Skipping task ':gradle:jar' as it is up-to-date.
[  +89 ms] Settings evaluated using settings file 'C:\Fusionvertex\dating_app_boyflow\android\settings.gradle.kts'.
[        ] Projects loaded. Root project using build file 'C:\Fusionvertex\dating_app_boyflow\android\build.gradle.kts'.
[        ] Included projects: [root project 'android', project ':agora_rtc_engine', project ':app', project ':firebase_core', project ':firebase_messaging', project ':flutter_local_notifications', project ':flutter_plugin_android_lifecycle', project ':fluttertoast', project ':geolocator_android', project ':image_picker_android', project ':iris_method_channel', project ':package_info_plus', project ':path_provider_android', project ':permission_handler_android', project ':razorpay_flutter', project ':share_plus', project ':shared_preferences_android', project ':url_launcher_android']
[  +94 ms] > Configure project :app
[        ] Evaluating project ':app' using build file 'C:\Fusionvertex\dating_app_boyflow\android\app\build.gradle.kts'.
[        ] Resolved plugin [id: 'com.android.application']
[        ] Resolved plugin [id: 'kotlin-android']
[        ] Resolved plugin [id: 'dev.flutter.flutter-gradle-plugin']
[        ] Resolved plugin [id: 'com.google.gms.google-services']
[        ] Using default execution profile
[        ] Using Kotlin Gradle Plugin gradle85 variant
[        ] C/C++: android.ndkVersion from module build.gradle is [27.0.12077973]
[        ] C/C++: android.ndkPath from module build.gradle is not set
[        ] C/C++: ndk.dir in local.properties is not set
[        ] C/C++: Not considering ANDROID_NDK_HOME because support was removed after deprecation period.
[        ] C/C++: sdkFolder is C:\Android\Sdk
[        ] C/C++: android.ndkVersion from module build.gradle is [27.0.12077973]
[        ] C/C++: android.ndkPath from module build.gradle is not set
[        ] C/C++: ndk.dir in local.properties is not set
[        ] C/C++: Not considering ANDROID_NDK_HOME because support was removed after deprecation period.
[        ] C/C++: sdkFolder is C:\Android\Sdk
[        ] C/C++: android.ndkVersion from module build.gradle is [27.0.12077973]
[        ] C/C++: android.ndkPath from module build.gradle is not set
[        ] C/C++: ndk.dir in local.properties is not set
[        ] C/C++: Not considering ANDROID_NDK_HOME because support was removed after deprecation period.
[        ] C/C++: sdkFolder is C:\Android\Sdk
[        ] C/C++: android.ndkVersion from module build.gradle is [27.0.12077973]
[        ] C/C++: android.ndkPath from module build.gradle is not set
[        ] C/C++: ndk.dir in local.properties is not set
[        ] C/C++: Not considering ANDROID_NDK_HOME because support was removed after deprecation period.
[        ] C/C++: sdkFolder is C:\Android\Sdk
[        ] C/C++: android.ndkVersion from module build.gradle is [27.0.12077973]
[        ] C/C++: android.ndkPath from module build.gradle is not set
[        ] C/C++: ndk.dir in local.properties is not set
[        ] C/C++: Not considering ANDROID_NDK_HOME because support was removed after deprecation period.
[        ] C/C++: sdkFolder is C:\Android\Sdk
[        ] C/C++: android.ndkVersion from module build.gradle is [27.0.12077973]
[        ] C/C++: android.ndkPath from module build.gradle is not set
[        ] C/C++: ndk.dir in local.properties is not set
[        ] C/C++: Not considering ANDROID_NDK_HOME because support was removed after deprecation period.
[        ] C/C++: sdkFolder is C:\Android\Sdk
[        ] C/C++: android.ndkVersion from module build.gradle is [27.0.12077973]
[        ] C/C++: android.ndkPath from module build.gradle is not set
[        ] C/C++: ndk.dir in local.properties is not set
[        ] C/C++: Not considering ANDROID_NDK_HOME because support was removed after deprecation period.
[        ] C/C++: sdkFolder is C:\Android\Sdk
[        ] C/C++: android.ndkVersion from module build.gradle is [27.0.12077973]
[        ] C/C++: android.ndkPath from module build.gradle is not set
[        ] C/C++: ndk.dir in local.properties is not set
[        ] C/C++: Not considering ANDROID_NDK_HOME because support was removed after deprecation period.
[        ] C/C++: sdkFolder is C:\Android\Sdk
[        ] C/C++: android.ndkVersion from module build.gradle is [27.0.12077973]
[        ] C/C++: android.ndkPath from module build.gradle is not set
[        ] C/C++: ndk.dir in local.properties is not set
[        ] C/C++: Not considering ANDROID_NDK_HOME because support was removed after deprecation period.
[        ] C/C++: sdkFolder is C:\Android\Sdk
[        ] C/C++: android.ndkVersion from module build.gradle is [27.0.12077973]
[        ] C/C++: android.ndkPath from module build.gradle is not set
[        ] C/C++: ndk.dir in local.properties is not set
[        ] C/C++: Not considering ANDROID_NDK_HOME because support was removed after deprecation period.
[        ] C/C++: sdkFolder is C:\Android\Sdk
[        ] C/C++: android.ndkVersion from module build.gradle is [27.0.12077973]
[        ] C/C++: android.ndkPath from module build.gradle is not set
[        ] C/C++: ndk.dir in local.properties is not set
[        ] C/C++: Not considering ANDROID_NDK_HOME because support was removed after deprecation period.
[        ] C/C++: sdkFolder is C:\Android\Sdk
[        ] C/C++: android.ndkVersion from module build.gradle is [27.0.12077973]
[        ] C/C++: android.ndkPath from module build.gradle is not set
[        ] C/C++: ndk.dir in local.properties is not set
[        ] C/C++: Not considering ANDROID_NDK_HOME because support was removed after deprecation period.
[        ] C/C++: sdkFolder is C:\Android\Sdk
[        ] C/C++: android.ndkVersion from module build.gradle is [27.0.12077973]
[        ] C/C++: android.ndkPath from module build.gradle is not set
[        ] C/C++: ndk.dir in local.properties is not set
[        ] C/C++: Not considering ANDROID_NDK_HOME because support was removed after deprecation period.
[        ] C/C++: sdkFolder is C:\Android\Sdk
[        ] C/C++: android.ndkVersion from module build.gradle is [27.0.12077973]
[        ] C/C++: android.ndkPath from module build.gradle is not set
[        ] C/C++: ndk.dir in local.properties is not set
[        ] C/C++: Not considering ANDROID_NDK_HOME because support was removed after deprecation period.
[        ] C/C++: sdkFolder is C:\Android\Sdk
[        ] C/C++: android.ndkVersion from module build.gradle is [27.0.12077973]
[        ] C/C++: android.ndkPath from module build.gradle is not set
[        ] C/C++: ndk.dir in local.properties is not set
[        ] C/C++: Not considering ANDROID_NDK_HOME because support was removed after deprecation period.
[        ] C/C++: sdkFolder is C:\Android\Sdk
[        ] C/C++: android.ndkVersion from module build.gradle is [27.0.12077973]
[        ] C/C++: android.ndkPath from module build.gradle is not set
[        ] C/C++: ndk.dir in local.properties is not set
[        ] C/C++: Not considering ANDROID_NDK_HOME because support was removed after deprecation period.
[        ] C/C++: sdkFolder is C:\Android\Sdk
[        ] C/C++: android.ndkVersion from module build.gradle is [27.0.12077973]
[        ] C/C++: android.ndkPath from module build.gradle is not set
[        ] C/C++: ndk.dir in local.properties is not set
[        ] C/C++: Not considering ANDROID_NDK_HOME because support was removed after deprecation period.
[        ] C/C++: sdkFolder is C:\Android\Sdk
[        ] C/C++: android.ndkVersion from module build.gradle is [27.0.12077973]
[        ] C/C++: android.ndkPath from module build.gradle is not set
[        ] C/C++: ndk.dir in local.properties is not set
[        ] C/C++: Not considering ANDROID_NDK_HOME because support was removed after deprecation period.
[        ] C/C++: sdkFolder is C:\Android\Sdk
[        ] C/C++: android.ndkVersion from module build.gradle is [27.0.12077973]
[        ] C/C++: android.ndkPath from module build.gradle is not set
[        ] C/C++: ndk.dir in local.properties is not set
[        ] C/C++: Not considering ANDROID_NDK_HOME because support was removed after deprecation period.
[        ] C/C++: sdkFolder is C:\Android\Sdk
[        ] > Configure project :
[        ] Evaluating root project 'android' using build file 'C:\Fusionvertex\dating_app_boyflow\android\build.gradle.kts'.
[        ] Resolved plugin [id: 'com.google.gms.google-services', version: '4.4.4', apply: false]
[  +97 ms] > Configure project :agora_rtc_engine
[        ] Evaluating project ':agora_rtc_engine' using build file 'C:\Users\Harika Nagaraju\AppData\Local\Pub\Cache\hosted\pub.dev\agora_rtc_engine-6.5.3\android\build.gradle'.
[        ] Using default execution profile
[        ] C/C++: android.ndkVersion from module build.gradle is [27.0.12077973]
[        ] C/C++: android.ndkPath from module build.gradle is not set
[        ] C/C++: ndk.dir in local.properties is not set
[        ] C/C++: Not considering ANDROID_NDK_HOME because support was removed after deprecation period.
[        ] C/C++: sdkFolder is C:\Android\Sdk
[        ] C/C++: android.ndkVersion from module build.gradle is [27.0.12077973]
[        ] C/C++: android.ndkPath from module build.gradle is not set
[        ] C/C++: ndk.dir in local.properties is not set
[        ] C/C++: Not considering ANDROID_NDK_HOME because support was removed after deprecation period.
[        ] C/C++: sdkFolder is C:\Android\Sdk
[        ] C/C++: android.ndkVersion from module build.gradle is [27.0.12077973]
[        ] C/C++: android.ndkPath from module build.gradle is not set
[        ] C/C++: ndk.dir in local.properties is not set
[        ] C/C++: Not considering ANDROID_NDK_HOME because support was removed after deprecation period.
[        ] C/C++: sdkFolder is C:\Android\Sdk
[        ] C/C++: android.ndkVersion from module build.gradle is [27.0.12077973]
[        ] C/C++: android.ndkPath from module build.gradle is not set
[        ] C/C++: ndk.dir in local.properties is not set
[        ] C/C++: Not considering ANDROID_NDK_HOME because support was removed after deprecation period.
[        ] C/C++: sdkFolder is C:\Android\Sdk
[        ] C/C++: android.ndkVersion from module build.gradle is [27.0.12077973]
[        ] C/C++: android.ndkPath from module build.gradle is not set
[        ] C/C++: ndk.dir in local.properties is not set
[        ] C/C++: Not considering ANDROID_NDK_HOME because support was removed after deprecation period.
[        ] C/C++: sdkFolder is C:\Android\Sdk
[        ] C/C++: android.ndkVersion from module build.gradle is [27.0.12077973]
[        ] C/C++: android.ndkPath from module build.gradle is not set
[        ] C/C++: ndk.dir in local.properties is not set
[        ] C/C++: Not considering ANDROID_NDK_HOME because support was removed after deprecation period.
[        ] C/C++: sdkFolder is C:\Android\Sdk
[        ] C/C++: android.ndkVersion from module build.gradle is [27.0.12077973]
[        ] C/C++: android.ndkPath from module build.gradle is not set
[        ] C/C++: ndk.dir in local.properties is not set
[        ] C/C++: Not considering ANDROID_NDK_HOME because support was removed after deprecation period.
[        ] C/C++: sdkFolder is C:\Android\Sdk
[        ] C/C++: android.ndkVersion from module build.gradle is [27.0.12077973]
[        ] C/C++: android.ndkPath from module build.gradle is not set
[        ] C/C++: ndk.dir in local.properties is not set
[        ] C/C++: Not considering ANDROID_NDK_HOME because support was removed after deprecation period.
[        ] C/C++: sdkFolder is C:\Android\Sdk
[        ] C/C++: android.ndkVersion from module build.gradle is [27.0.12077973]
[        ] C/C++: android.ndkPath from module build.gradle is not set
[        ] C/C++: ndk.dir in local.properties is not set
[        ] C/C++: Not considering ANDROID_NDK_HOME because support was removed after deprecation period.
[        ] C/C++: sdkFolder is C:\Android\Sdk
[        ] C/C++: android.ndkVersion from module build.gradle is [27.0.12077973]
[        ] C/C++: android.ndkPath from module build.gradle is not set
[        ] C/C++: ndk.dir in local.properties is not set
[        ] C/C++: Not considering ANDROID_NDK_HOME because support was removed after deprecation period.
[        ] C/C++: sdkFolder is C:\Android\Sdk
[        ] C/C++: android.ndkVersion from module build.gradle is [27.0.12077973]
[        ] C/C++: android.ndkPath from module build.gradle is not set
[        ] C/C++: ndk.dir in local.properties is not set
[        ] C/C++: Not considering ANDROID_NDK_HOME because support was removed after deprecation period.
[        ] C/C++: sdkFolder is C:\Android\Sdk
[        ] C/C++: android.ndkVersion from module build.gradle is [27.0.12077973]
[        ] C/C++: android.ndkPath from module build.gradle is not set
[        ] C/C++: ndk.dir in local.properties is not set
[        ] C/C++: Not considering ANDROID_NDK_HOME because support was removed after deprecation period.
[        ] C/C++: sdkFolder is C:\Android\Sdk
[        ] C/C++: android.ndkVersion from module build.gradle is [27.0.12077973]
[        ] C/C++: android.ndkPath from module build.gradle is not set
[        ] C/C++: ndk.dir in local.properties is not set
[        ] C/C++: Not considering ANDROID_NDK_HOME because support was removed after deprecation period.
[        ] C/C++: sdkFolder is C:\Android\Sdk
[        ] C/C++: android.ndkVersion from module build.gradle is [27.0.12077973]
[        ] C/C++: android.ndkPath from module build.gradle is not set
[        ] C/C++: ndk.dir in local.properties is not set
[        ] C/C++: Not considering ANDROID_NDK_HOME because support was removed after deprecation period.
[        ] C/C++: sdkFolder is C:\Android\Sdk
[        ] C/C++: android.ndkVersion from module build.gradle is [27.0.12077973]
[        ] C/C++: android.ndkPath from module build.gradle is not set
[        ] C/C++: ndk.dir in local.properties is not set
[        ] C/C++: Not considering ANDROID_NDK_HOME because support was removed after deprecation period.
[        ] C/C++: sdkFolder is C:\Android\Sdk
[        ] C/C++: android.ndkVersion from module build.gradle is [27.0.12077973]
[        ] C/C++: android.ndkPath from module build.gradle is not set
[        ] C/C++: ndk.dir in local.properties is not set
[        ] C/C++: Not considering ANDROID_NDK_HOME because support was removed after deprecation period.
[        ] C/C++: sdkFolder is C:\Android\Sdk
[        ] C/C++: android.ndkVersion from module build.gradle is [27.0.12077973]
[        ] C/C++: android.ndkPath from module build.gradle is not set
[        ] C/C++: ndk.dir in local.properties is not set
[        ] C/C++: Not considering ANDROID_NDK_HOME because support was removed after deprecation period.
[        ] C/C++: sdkFolder is C:\Android\Sdk
[        ] C/C++: android.ndkVersion from module build.gradle is [27.0.12077973]
[        ] C/C++: android.ndkPath from module build.gradle is not set
[        ] C/C++: ndk.dir in local.properties is not set
[        ] C/C++: Not considering ANDROID_NDK_HOME because support was removed after deprecation period.
[        ] C/C++: sdkFolder is C:\Android\Sdk
[        ] C/C++: android.ndkVersion from module build.gradle is [27.0.12077973]
[        ] C/C++: android.ndkPath from module build.gradle is not set
[        ] C/C++: ndk.dir in local.properties is not set
[        ] C/C++: Not considering ANDROID_NDK_HOME because support was removed after deprecation period.
[        ] C/C++: sdkFolder is C:\Android\Sdk
[        ] > Configure project :firebase_core
[        ] Evaluating project ':firebase_core' using build file 'C:\Users\Harika Nagaraju\AppData\Local\Pub\Cache\hosted\pub.dev\firebase_core-4.4.0\android\build.gradle'.
[        ] Using default execution profile
[        ] > Configure project :firebase_messaging
[        ] Evaluating project ':firebase_messaging' using build file 'C:\Users\Harika Nagaraju\AppData\Local\Pub\Cache\hosted\pub.dev\firebase_messaging-16.1.1\android\build.gradle'.
[        ] Using default execution profile
[        ] > Configure project :flutter_local_notifications
[        ] Evaluating project ':flutter_local_notifications' using build file 'C:\Users\Harika Nagaraju\AppData\Local\Pub\Cache\hosted\pub.dev\flutter_local_notifications-20.0.0\android\build.gradle'.
[        ] Using default execution profile
[  +87 ms] > Configure project :flutter_plugin_android_lifecycle
[        ] Evaluating project ':flutter_plugin_android_lifecycle' using build file 'C:\Users\Harika Nagaraju\AppData\Local\Pub\Cache\hosted\pub.dev\flutter_plugin_android_lifecycle-2.0.33\android\build.gradle'.
[        ] Using default execution profile
[        ] > Configure project :fluttertoast
[        ] Evaluating project ':fluttertoast' using build file 'C:\Users\Harika Nagaraju\AppData\Local\Pub\Cache\hosted\pub.dev\fluttertoast-8.2.14\android\build.gradle'.
[        ] Using default execution profile
[        ] Using Kotlin Gradle Plugin gradle85 variant
[ +106 ms] > Configure project :geolocator_android
[        ] Evaluating project ':geolocator_android' using build file 'C:\Users\Harika Nagaraju\AppData\Local\Pub\Cache\hosted\pub.dev\geolocator_android-5.0.2\android\build.gradle'.
[        ] Using default execution profile
[        ] > Configure project :image_picker_android
[        ] Evaluating project ':image_picker_android' using build file 'C:\Users\Harika Nagaraju\AppData\Local\Pub\Cache\hosted\pub.dev\image_picker_android-0.8.13+13\android\build.gradle'.
[        ] Using default execution profile
[  +94 ms] > Configure project :iris_method_channel
[        ] Evaluating project ':iris_method_channel' using build file 'C:\Users\Harika Nagaraju\AppData\Local\Pub\Cache\hosted\pub.dev\iris_method_channel-2.2.4\android\build.gradle'.
[        ] Using default execution profile
[        ] C/C++: android.ndkVersion from module build.gradle is [27.0.12077973]
[        ] C/C++: android.ndkPath from module build.gradle is not set
[        ] C/C++: ndk.dir in local.properties is not set
[        ] C/C++: Not considering ANDROID_NDK_HOME because support was removed after deprecation period.
[        ] C/C++: sdkFolder is C:\Android\Sdk
[        ] C/C++: android.ndkVersion from module build.gradle is [27.0.12077973]
[        ] C/C++: android.ndkPath from module build.gradle is not set
[        ] C/C++: ndk.dir in local.properties is not set
[        ] C/C++: Not considering ANDROID_NDK_HOME because support was removed after deprecation period.
[        ] C/C++: sdkFolder is C:\Android\Sdk
[        ] C/C++: android.ndkVersion from module build.gradle is [27.0.12077973]
[        ] C/C++: android.ndkPath from module build.gradle is not set
[        ] C/C++: ndk.dir in local.properties is not set
[        ] C/C++: Not considering ANDROID_NDK_HOME because support was removed after deprecation period.
[        ] C/C++: sdkFolder is C:\Android\Sdk
[        ] C/C++: android.ndkVersion from module build.gradle is [27.0.12077973]
[        ] C/C++: android.ndkPath from module build.gradle is not set
[        ] C/C++: ndk.dir in local.properties is not set
[        ] C/C++: Not considering ANDROID_NDK_HOME because support was removed after deprecation period.
[        ] C/C++: sdkFolder is C:\Android\Sdk
[        ] C/C++: android.ndkVersion from module build.gradle is [27.0.12077973]
[        ] C/C++: android.ndkPath from module build.gradle is not set
[        ] C/C++: ndk.dir in local.properties is not set
[        ] C/C++: Not considering ANDROID_NDK_HOME because support was removed after deprecation period.
[        ] C/C++: sdkFolder is C:\Android\Sdk
[        ] C/C++: android.ndkVersion from module build.gradle is [27.0.12077973]
[        ] C/C++: android.ndkPath from module build.gradle is not set
[        ] C/C++: ndk.dir in local.properties is not set
[        ] C/C++: Not considering ANDROID_NDK_HOME because support was removed after deprecation period.
[        ] C/C++: sdkFolder is C:\Android\Sdk
[        ] C/C++: android.ndkVersion from module build.gradle is [27.0.12077973]
[        ] C/C++: android.ndkPath from module build.gradle is not set
[        ] C/C++: ndk.dir in local.properties is not set
[        ] C/C++: Not considering ANDROID_NDK_HOME because support was removed after deprecation period.
[        ] C/C++: sdkFolder is C:\Android\Sdk
[        ] C/C++: android.ndkVersion from module build.gradle is [27.0.12077973]
[        ] C/C++: android.ndkPath from module build.gradle is not set
[        ] C/C++: ndk.dir in local.properties is not set
[        ] C/C++: Not considering ANDROID_NDK_HOME because support was removed after deprecation period.
[        ] C/C++: sdkFolder is C:\Android\Sdk
[        ] C/C++: android.ndkVersion from module build.gradle is [27.0.12077973]
[        ] C/C++: android.ndkPath from module build.gradle is not set
[        ] C/C++: ndk.dir in local.properties is not set
[        ] C/C++: Not considering ANDROID_NDK_HOME because support was removed after deprecation period.
[        ] C/C++: sdkFolder is C:\Android\Sdk
[        ] C/C++: android.ndkVersion from module build.gradle is [27.0.12077973]
[        ] C/C++: android.ndkPath from module build.gradle is not set
[        ] C/C++: ndk.dir in local.properties is not set
[        ] C/C++: Not considering ANDROID_NDK_HOME because support was removed after deprecation period.
[        ] C/C++: sdkFolder is C:\Android\Sdk
[        ] C/C++: android.ndkVersion from module build.gradle is [27.0.12077973]
[        ] C/C++: android.ndkPath from module build.gradle is not set
[        ] C/C++: ndk.dir in local.properties is not set
[        ] C/C++: Not considering ANDROID_NDK_HOME because support was removed after deprecation period.
[        ] C/C++: sdkFolder is C:\Android\Sdk
[        ] C/C++: android.ndkVersion from module build.gradle is [27.0.12077973]
[        ] C/C++: android.ndkPath from module build.gradle is not set
[        ] C/C++: ndk.dir in local.properties is not set
[        ] C/C++: Not considering ANDROID_NDK_HOME because support was removed after deprecation period.
[        ] C/C++: sdkFolder is C:\Android\Sdk
[        ] C/C++: android.ndkVersion from module build.gradle is [27.0.12077973]
[        ] C/C++: android.ndkPath from module build.gradle is not set
[        ] C/C++: ndk.dir in local.properties is not set
[        ] C/C++: Not considering ANDROID_NDK_HOME because support was removed after deprecation period.
[        ] C/C++: sdkFolder is C:\Android\Sdk
[        ] C/C++: android.ndkVersion from module build.gradle is [27.0.12077973]
[        ] C/C++: android.ndkPath from module build.gradle is not set
[        ] C/C++: ndk.dir in local.properties is not set
[        ] C/C++: Not considering ANDROID_NDK_HOME because support was removed after deprecation period.
[        ] C/C++: sdkFolder is C:\Android\Sdk
[        ] C/C++: android.ndkVersion from module build.gradle is [27.0.12077973]
[        ] C/C++: android.ndkPath from module build.gradle is not set
[        ] C/C++: ndk.dir in local.properties is not set
[        ] C/C++: Not considering ANDROID_NDK_HOME because support was removed after deprecation period.
[        ] C/C++: sdkFolder is C:\Android\Sdk
[        ] C/C++: android.ndkVersion from module build.gradle is [27.0.12077973]
[        ] C/C++: android.ndkPath from module build.gradle is not set
[        ] C/C++: ndk.dir in local.properties is not set
[        ] C/C++: Not considering ANDROID_NDK_HOME because support was removed after deprecation period.
[        ] C/C++: sdkFolder is C:\Android\Sdk
[        ] C/C++: android.ndkVersion from module build.gradle is [27.0.12077973]
[        ] C/C++: android.ndkPath from module build.gradle is not set
[        ] C/C++: ndk.dir in local.properties is not set
[        ] C/C++: Not considering ANDROID_NDK_HOME because support was removed after deprecation period.
[        ] C/C++: sdkFolder is C:\Android\Sdk
[        ] C/C++: android.ndkVersion from module build.gradle is [27.0.12077973]
[        ] C/C++: android.ndkPath from module build.gradle is not set
[        ] C/C++: ndk.dir in local.properties is not set
[   +1 ms] C/C++: Not considering ANDROID_NDK_HOME because support was removed after deprecation period.
[        ] C/C++: sdkFolder is C:\Android\Sdk
[        ] C/C++: android.ndkVersion from module build.gradle is [27.0.12077973]
[        ] C/C++: android.ndkPath from module build.gradle is not set
[        ] C/C++: ndk.dir in local.properties is not set
[        ] C/C++: Not considering ANDROID_NDK_HOME because support was removed after deprecation period.
[        ] C/C++: sdkFolder is C:\Android\Sdk
[        ] > Configure project :package_info_plus
[        ] Evaluating project ':package_info_plus' using build file 'C:\Users\Harika Nagaraju\AppData\Local\Pub\Cache\hosted\pub.dev\package_info_plus-9.0.0\android\build.gradle'.
[        ] Using default execution profile
[        ] Using Kotlin Gradle Plugin gradle85 variant
[  +83 ms] > Configure project :path_provider_android
[        ] Evaluating project ':path_provider_android' using build file 'C:\Users\Harika Nagaraju\AppData\Local\Pub\Cache\hosted\pub.dev\path_provider_android-2.2.22\android\build.gradle'.
[        ] Using default execution profile
[        ] > Configure project :permission_handler_android
[        ] Evaluating project ':permission_handler_android' using build file 'C:\Users\Harika Nagaraju\AppData\Local\Pub\Cache\hosted\pub.dev\permission_handler_android-13.0.1\android\build.gradle'.
[        ] Using default execution profile
[        ] > Configure project :razorpay_flutter
[        ] Evaluating project ':razorpay_flutter' using build file 'C:\Users\Harika Nagaraju\AppData\Local\Pub\Cache\hosted\pub.dev\razorpay_flutter-1.4.1\android\build.gradle'.
[        ] Using default execution profile
[ +110 ms] > Configure project :share_plus
[        ] Evaluating project ':share_plus' using build file 'C:\Users\Harika Nagaraju\AppData\Local\Pub\Cache\hosted\pub.dev\share_plus-12.0.1\android\build.gradle'.
[        ] Using default execution profile
[        ] Using Kotlin Gradle Plugin gradle85 variant
[        ] > Configure project :shared_preferences_android
[        ] Evaluating project ':shared_preferences_android' using build file 'C:\Users\Harika Nagaraju\AppData\Local\Pub\Cache\hosted\pub.dev\shared_preferences_android-2.4.20\android\build.gradle'.
[        ] Using default execution profile
[        ] Using Kotlin Gradle Plugin gradle85 variant
[  +90 ms] > Configure project :url_launcher_android
[        ] Evaluating project ':url_launcher_android' using build file 'C:\Users\Harika Nagaraju\AppData\Local\Pub\Cache\hosted\pub.dev\url_launcher_android-6.3.28\android\build.gradle'.
[        ] Using default execution profile
[        ] All projects evaluated.
[        ] Task name matched 'assembleDebug'
[        ] Selected primary task 'assembleDebug' from project :
[        ] Adding -Xuse-inline-scopes-numbers Kotlin compiler flag for task :app:compileDebugKotlin
[ +200 ms] file or directory 'C:\Users\Harika Nagaraju\AppData\Local\Pub\Cache\hosted\pub.dev\razorpay_flutter-1.4.1\android\libs', not found
[        ] file or directory 'C:\Users\Harika Nagaraju\AppData\Local\Pub\Cache\hosted\pub.dev\razorpay_flutter-1.4.1\android\libs', not found
[        ] file or directory 'C:\Users\Harika Nagaraju\AppData\Local\Pub\Cache\hosted\pub.dev\razorpay_flutter-1.4.1\android\libs', not found
[        ] file or directory 'C:\Users\Harika Nagaraju\AppData\Local\Pub\Cache\hosted\pub.dev\razorpay_flutter-1.4.1\android\libs', not found
[   +3 ms] Tasks to be executed: [task ':agora_rtc_engine:preBuild', task ':agora_rtc_engine:preDebugBuild', task ':agora_rtc_engine:configureCMakeDebug[arm64-v8a]', task ':agora_rtc_engine:buildCMakeDebug[arm64-v8a]', task ':agora_rtc_engine:configureCMakeDebug[armeabi-v7a]', task ':agora_rtc_engine:buildCMakeDebug[armeabi-v7a]', task ':agora_rtc_engine:configureCMakeDebug[x86]', task ':agora_rtc_engine:buildCMakeDebug[x86]', task ':agora_rtc_engine:configureCMakeDebug[x86_64]', task ':agora_rtc_engine:buildCMakeDebug[x86_64]', task ':agora_rtc_engine:mergeDebugJniLibFolders', task ':agora_rtc_engine:mergeDebugNativeLibs', task ':agora_rtc_engine:stripDebugDebugSymbols', task ':agora_rtc_engine:copyDebugJniLibsProjectAndLocalJars', task ':agora_rtc_engine:generateDebugResValues', task ':agora_rtc_engine:generateDebugResources', task ':agora_rtc_engine:packageDebugResources', task ':agora_rtc_engine:parseDebugLocalResources', task ':agora_rtc_engine:generateDebugRFile', task ':iris_method_channel:preBuild', task ':iris_method_channel:preDebugBuild', task ':iris_method_channel:generateDebugResValues', task ':iris_method_channel:generateDebugResources', task ':iris_method_channel:packageDebugResources', task ':iris_method_channel:parseDebugLocalResources', task ':iris_method_channel:generateDebugRFile', task ':iris_method_channel:javaPreCompileDebug', task ':iris_method_channel:compileDebugJavaWithJavac', task ':iris_method_channel:bundleLibCompileToJarDebug', task ':agora_rtc_engine:extractDebugAnnotations', task ':agora_rtc_engine:extractDeepLinksForAarDebug', task ':agora_rtc_engine:mergeDebugShaders', task ':agora_rtc_engine:compileDebugShaders', task ':agora_rtc_engine:generateDebugAssets', task ':agora_rtc_engine:mergeDebugAssets', task ':agora_rtc_engine:javaPreCompileDebug', task ':agora_rtc_engine:compileDebugJavaWithJavac', task ':agora_rtc_engine:mergeDebugGeneratedProguardFiles', task ':agora_rtc_engine:mergeDebugConsumerProguardFiles', task ':agora_rtc_engine:prepareDebugArtProfile', task ':agora_rtc_engine:prepareLintJarForPublish', task ':agora_rtc_engine:processDebugManifest', task ':agora_rtc_engine:processDebugJavaRes', task ':agora_rtc_engine:mergeDebugJavaResource', task ':agora_rtc_engine:syncDebugLibJars', task ':agora_rtc_engine:writeDebugAarMetadata', task ':agora_rtc_engine:bundleDebugAar', task ':agora_rtc_engine:assembleDebug', task ':app:DebugMinSdkCheck', task ':app:preBuild', task ':app:preDebugBuild', task ':app:mergeDebugNativeDebugMetadata', task ':agora_rtc_engine:bundleLibCompileToJarDebug', task ':app:checkKotlinGradlePluginConfigurationErrors', task ':app:compileFlutterBuildDebug', task ':app:packJniLibsflutterBuildDebug', task ':agora_rtc_engine:compileDebugLibraryResources', task ':firebase_core:preBuild', task ':firebase_core:preDebugBuild', task ':firebase_core:writeDebugAarMetadata', task ':firebase_messaging:preBuild', task ':firebase_messaging:preDebugBuild', task ':firebase_messaging:writeDebugAarMetadata', task ':flutter_local_notifications:preBuild', task ':flutter_local_notifications:preDebugBuild', task ':flutter_local_notifications:writeDebugAarMetadata', task ':flutter_plugin_android_lifecycle:preBuild', task ':flutter_plugin_android_lifecycle:preDebugBuild', task ':flutter_plugin_android_lifecycle:writeDebugAarMetadata', task ':fluttertoast:preBuild', task ':fluttertoast:preDebugBuild', task ':fluttertoast:writeDebugAarMetadata', task ':geolocator_android:preBuild', task ':geolocator_android:preDebugBuild', task ':geolocator_android:writeDebugAarMetadata', task ':image_picker_android:preBuild', task ':image_picker_android:preDebugBuild', task ':image_picker_android:writeDebugAarMetadata', task ':iris_method_channel:writeDebugAarMetadata', task ':package_info_plus:preBuild', task ':package_info_plus:preDebugBuild', task ':package_info_plus:writeDebugAarMetadata', task ':path_provider_android:preBuild', task ':path_provider_android:preDebugBuild', task ':path_provider_android:writeDebugAarMetadata', task ':permission_handler_android:preBuild', task ':permission_handler_android:preDebugBuild', task ':permission_handler_android:writeDebugAarMetadata', task ':razorpay_flutter:preBuild', task ':razorpay_flutter:preDebugBuild', task ':razorpay_flutter:writeDebugAarMetadata', task ':share_plus:preBuild', task ':share_plus:preDebugBuild', task ':share_plus:writeDebugAarMetadata', task ':shared_preferences_android:preBuild', task ':shared_preferences_android:preDebugBuild', task ':shared_preferences_android:writeDebugAarMetadata', task ':url_launcher_android:preBuild', task ':url_launcher_android:preDebugBuild', task ':url_launcher_android:writeDebugAarMetadata', task ':app:checkDebugAarMetadata', task ':app:cleanMergeDebugAssets', task ':app:mergeDebugShaders', task ':app:compileDebugShaders', task ':app:generateDebugAssets', task ':firebase_core:mergeDebugShaders', task ':firebase_core:compileDebugShaders', task ':firebase_core:generateDebugAssets', task ':firebase_core:mergeDebugAssets', task ':firebase_messaging:mergeDebugShaders', task ':firebase_messaging:compileDebugShaders', task ':firebase_messaging:generateDebugAssets', task ':firebase_messaging:mergeDebugAssets', task ':flutter_local_notifications:mergeDebugShaders', task ':flutter_local_notifications:compileDebugShaders', task ':flutter_local_notifications:generateDebugAssets', task ':flutter_local_notifications:mergeDebugAssets', task ':flutter_plugin_android_lifecycle:mergeDebugShaders', task ':flutter_plugin_android_lifecycle:compileDebugShaders', task ':flutter_plugin_android_lifecycle:generateDebugAssets', task ':flutter_plugin_android_lifecycle:mergeDebugAssets', task ':fluttertoast:mergeDebugShaders', task ':fluttertoast:compileDebugShaders', task ':fluttertoast:generateDebugAssets', task ':fluttertoast:mergeDebugAssets', task ':geolocator_android:mergeDebugShaders', task ':geolocator_android:compileDebugShaders', task ':geolocator_android:generateDebugAssets', task ':geolocator_android:mergeDebugAssets', task ':image_picker_android:mergeDebugShaders', task ':image_picker_android:compileDebugShaders', task ':image_picker_android:generateDebugAssets', task ':image_picker_android:mergeDebugAssets', task ':iris_method_channel:mergeDebugShaders', task ':iris_method_channel:compileDebugShaders', task ':iris_method_channel:generateDebugAssets', task ':iris_method_channel:mergeDebugAssets', task ':package_info_plus:mergeDebugShaders', task ':package_info_plus:compileDebugShaders', task ':package_info_plus:generateDebugAssets', task ':package_info_plus:mergeDebugAssets', task ':path_provider_android:mergeDebugShaders', task ':path_provider_android:compileDebugShaders', task ':path_provider_android:generateDebugAssets', task ':path_provider_android:mergeDebugAssets', task ':permission_handler_android:mergeDebugShaders', task ':permission_handler_android:compileDebugShaders', task ':permission_handler_android:generateDebugAssets', task ':permission_handler_android:mergeDebugAssets', task ':razorpay_flutter:mergeDebugShaders', task ':razorpay_flutter:compileDebugShaders', task ':razorpay_flutter:generateDebugAssets', task ':razorpay_flutter:mergeDebugAssets', task ':share_plus:mergeDebugShaders', task ':share_plus:compileDebugShaders', task ':share_plus:generateDebugAssets', task ':share_plus:mergeDebugAssets', task ':shared_preferences_android:mergeDebugShaders', task ':shared_preferences_android:compileDebugShaders', task ':shared_preferences_android:generateDebugAssets', task ':shared_preferences_android:mergeDebugAssets', task ':url_launcher_android:mergeDebugShaders', task ':url_launcher_android:compileDebugShaders', task ':url_launcher_android:generateDebugAssets', task ':url_launcher_android:mergeDebugAssets', task ':app:mergeDebugAssets', task ':app:copyFlutterAssetsDebug', task ':app:generateDebugResValues', task ':app:processDebugGoogleServices', task ':firebase_core:generateDebugResValues', task ':firebase_core:generateDebugResources', task ':firebase_core:packageDebugResources', task ':firebase_messaging:generateDebugResValues', task ':firebase_messaging:generateDebugResources', task ':firebase_messaging:packageDebugResources', task ':flutter_local_notifications:generateDebugResValues', task ':flutter_local_notifications:generateDebugResources', task ':flutter_local_notifications:packageDebugResources', task ':flutter_plugin_android_lifecycle:generateDebugResValues', task ':flutter_plugin_android_lifecycle:generateDebugResources', task ':flutter_plugin_android_lifecycle:packageDebugResources', task ':fluttertoast:generateDebugResValues', task ':fluttertoast:generateDebugResources', task ':fluttertoast:packageDebugResources', task ':geolocator_android:generateDebugResValues', task ':geolocator_android:generateDebugResources', task ':geolocator_android:packageDebugResources', task ':image_picker_android:generateDebugResValues', task ':image_picker_android:generateDebugResources', task ':image_picker_android:packageDebugResources', task ':package_info_plus:generateDebugResValues', task ':package_info_plus:generateDebugResources', task ':package_info_plus:packageDebugResources', task ':path_provider_android:generateDebugResValues', task ':path_provider_android:generateDebugResources', task ':path_provider_android:packageDebugResources', task ':permission_handler_android:generateDebugResValues', task ':permission_handler_android:generateDebugResources', task ':permission_handler_android:packageDebugResources', task ':razorpay_flutter:generateDebugResValues', task ':razorpay_flutter:generateDebugResources', task ':razorpay_flutter:packageDebugResources', task ':share_plus:generateDebugResValues', task ':share_plus:generateDebugResources', task ':share_plus:packageDebugResources', task ':shared_preferences_android:generateDebugResValues', task ':shared_preferences_android:generateDebugResources', task ':shared_preferences_android:packageDebugResources', task ':url_launcher_android:generateDebugResValues', task ':url_launcher_android:generateDebugResources', task ':url_launcher_android:packageDebugResources', task ':app:mapDebugSourceSetPaths', task ':app:generateDebugResources', task ':app:mergeDebugResources', task ':app:packageDebugResources', task ':app:parseDebugLocalResources', task ':app:createDebugCompatibleScreenManifests', task ':agora_rtc_engine:extractDeepLinksDebug', task ':app:extractDeepLinksDebug', task ':firebase_core:extractDeepLinksDebug', task ':firebase_core:processDebugManifest', task ':firebase_messaging:extractDeepLinksDebug', task ':firebase_messaging:processDebugManifest', task ':flutter_local_notifications:extractDeepLinksDebug', task ':flutter_local_notifications:processDebugManifest', task ':flutter_plugin_android_lifecycle:extractDeepLinksDebug', task ':flutter_plugin_android_lifecycle:processDebugManifest', task ':fluttertoast:extractDeepLinksDebug', task ':fluttertoast:processDebugManifest', task ':geolocator_android:extractDeepLinksDebug', task ':geolocator_android:processDebugManifest', task ':image_picker_android:extractDeepLinksDebug', task ':image_picker_android:processDebugManifest', task ':iris_method_channel:extractDeepLinksDebug', task ':iris_method_channel:processDebugManifest', task ':package_info_plus:extractDeepLinksDebug', task ':package_info_plus:processDebugManifest', task ':path_provider_android:extractDeepLinksDebug', task ':path_provider_android:processDebugManifest', task ':permission_handler_android:extractDeepLinksDebug', task ':permission_handler_android:processDebugManifest', task ':razorpay_flutter:extractDeepLinksDebug', task ':razorpay_flutter:processDebugManifest', task ':share_plus:extractDeepLinksDebug', task ':share_plus:processDebugManifest', task ':shared_preferences_android:extractDeepLinksDebug', task ':shared_preferences_android:processDebugManifest', task ':url_launcher_android:extractDeepLinksDebug', task ':url_launcher_android:processDebugManifest', task ':app:processDebugMainManifest', task ':app:processDebugManifest', task ':app:processDebugManifestForPackage', task ':firebase_core:compileDebugLibraryResources', task ':firebase_core:parseDebugLocalResources', task ':firebase_core:generateDebugRFile', task ':firebase_messaging:compileDebugLibraryResources', task ':firebase_messaging:parseDebugLocalResources', task ':firebase_messaging:generateDebugRFile', task ':flutter_local_notifications:compileDebugLibraryResources', task ':flutter_local_notifications:parseDebugLocalResources', task ':flutter_local_notifications:generateDebugRFile', task ':flutter_plugin_android_lifecycle:compileDebugLibraryResources', task ':flutter_plugin_android_lifecycle:parseDebugLocalResources', task ':flutter_plugin_android_lifecycle:generateDebugRFile', task ':fluttertoast:compileDebugLibraryResources', task ':fluttertoast:parseDebugLocalResources', task ':fluttertoast:generateDebugRFile', task ':geolocator_android:compileDebugLibraryResources', task ':geolocator_android:parseDebugLocalResources', task ':geolocator_android:generateDebugRFile', task ':image_picker_android:compileDebugLibraryResources', task ':image_picker_android:parseDebugLocalResources', task ':image_picker_android:generateDebugRFile', task ':iris_method_channel:compileDebugLibraryResources', task ':package_info_plus:compileDebugLibraryResources', task ':package_info_plus:parseDebugLocalResources', task ':package_info_plus:generateDebugRFile', task ':path_provider_android:compileDebugLibraryResources', task ':path_provider_android:parseDebugLocalResources', task ':path_provider_android:generateDebugRFile', task ':permission_handler_android:compileDebugLibraryResources', task ':permission_handler_android:parseDebugLocalResources', task ':permission_handler_android:generateDebugRFile', task ':razorpay_flutter:compileDebugLibraryResources', task ':razorpay_flutter:parseDebugLocalResources', task ':razorpay_flutter:generateDebugRFile', task ':share_plus:compileDebugLibraryResources', task ':share_plus:parseDebugLocalResources', task ':share_plus:generateDebugRFile', task ':shared_preferences_android:compileDebugLibraryResources', task ':shared_preferences_android:parseDebugLocalResources', task ':shared_preferences_android:generateDebugRFile', task ':url_launcher_android:compileDebugLibraryResources', task ':url_launcher_android:parseDebugLocalResources', task ':url_launcher_android:generateDebugRFile', task ':app:processDebugResources', task ':firebase_core:generateDebugBuildConfig', task ':firebase_core:javaPreCompileDebug', task ':firebase_core:compileDebugJavaWithJavac', task ':firebase_core:bundleLibCompileToJarDebug', task ':firebase_messaging:generateDebugBuildConfig', task ':firebase_messaging:javaPreCompileDebug', task ':firebase_messaging:compileDebugJavaWithJavac', task ':firebase_messaging:bundleLibCompileToJarDebug', task ':flutter_local_notifications:javaPreCompileDebug', task ':flutter_local_notifications:compileDebugJavaWithJavac', task ':flutter_local_notifications:bundleLibCompileToJarDebug', task ':flutter_plugin_android_lifecycle:javaPreCompileDebug', task ':flutter_plugin_android_lifecycle:compileDebugJavaWithJavac', task ':flutter_plugin_android_lifecycle:bundleLibCompileToJarDebug', task ':fluttertoast:checkKotlinGradlePluginConfigurationErrors', task ':fluttertoast:compileDebugKotlin', task ':fluttertoast:javaPreCompileDebug', task ':fluttertoast:compileDebugJavaWithJavac', task ':fluttertoast:bundleLibCompileToJarDebug', task ':geolocator_android:javaPreCompileDebug', task ':geolocator_android:compileDebugJavaWithJavac', task ':geolocator_android:bundleLibCompileToJarDebug', task ':image_picker_android:javaPreCompileDebug', task ':image_picker_android:compileDebugJavaWithJavac', task ':image_picker_android:bundleLibCompileToJarDebug', task ':package_info_plus:checkKotlinGradlePluginConfigurationErrors', task ':package_info_plus:compileDebugKotlin', task ':package_info_plus:javaPreCompileDebug', task ':package_info_plus:compileDebugJavaWithJavac', task ':package_info_plus:bundleLibCompileToJarDebug', task ':path_provider_android:javaPreCompileDebug', task ':path_provider_android:compileDebugJavaWithJavac', task ':path_provider_android:bundleLibCompileToJarDebug', task ':permission_handler_android:javaPreCompileDebug', task ':permission_handler_android:compileDebugJavaWithJavac', task ':permission_handler_android:bundleLibCompileToJarDebug', task ':razorpay_flutter:javaPreCompileDebug', task ':razorpay_flutter:compileDebugJavaWithJavac', task ':razorpay_flutter:bundleLibCompileToJarDebug', task ':share_plus:checkKotlinGradlePluginConfigurationErrors', task ':share_plus:compileDebugKotlin', task ':share_plus:javaPreCompileDebug', task ':share_plus:compileDebugJavaWithJavac', task ':share_plus:bundleLibCompileToJarDebug', task ':shared_preferences_android:checkKotlinGradlePluginConfigurationErrors', task ':shared_preferences_android:compileDebugKotlin', task ':shared_preferences_android:javaPreCompileDebug', task ':shared_preferences_android:compileDebugJavaWithJavac', task ':shared_preferences_android:bundleLibCompileToJarDebug', task ':url_launcher_android:generateDebugBuildConfig', task ':url_launcher_android:javaPreCompileDebug', task ':url_launcher_android:compileDebugJavaWithJavac', task ':url_launcher_android:bundleLibCompileToJarDebug', task ':app:compileDebugKotlin', task ':app:javaPreCompileDebug', task ':app:compileDebugJavaWithJavac', task ':app:compressDebugAssets', task ':app:l8DexDesugarLibDebug', task ':app:processDebugJavaRes', task ':firebase_core:processDebugJavaRes', task ':firebase_messaging:processDebugJavaRes', task ':flutter_local_notifications:processDebugJavaRes', task ':flutter_plugin_android_lifecycle:processDebugJavaRes', task ':fluttertoast:processDebugJavaRes', task ':geolocator_android:processDebugJavaRes', task ':image_picker_android:processDebugJavaRes', task ':iris_method_channel:processDebugJavaRes', task ':package_info_plus:processDebugJavaRes', task ':path_provider_android:processDebugJavaRes', task ':permission_handler_android:processDebugJavaRes', task ':razorpay_flutter:processDebugJavaRes', task ':share_plus:processDebugJavaRes', task ':shared_preferences_android:processDebugJavaRes', task ':url_launcher_android:processDebugJavaRes', task ':app:mergeDebugJavaResource', task ':app:checkDebugDuplicateClasses', task ':app:desugarDebugFileDependencies', task ':app:mergeExtDexDebug', task ':agora_rtc_engine:bundleLibRuntimeToDirDebug', task ':firebase_messaging:bundleLibRuntimeToDirDebug', task ':firebase_core:bundleLibRuntimeToDirDebug', task ':flutter_local_notifications:bundleLibRuntimeToDirDebug', task ':image_picker_android:bundleLibRuntimeToDirDebug', task ':flutter_plugin_android_lifecycle:bundleLibRuntimeToDirDebug', task ':fluttertoast:bundleLibRuntimeToDirDebug', task ':geolocator_android:bundleLibRuntimeToDirDebug', task ':iris_method_channel:bundleLibRuntimeToDirDebug', task ':package_info_plus:bundleLibRuntimeToDirDebug', task ':path_provider_android:bundleLibRuntimeToDirDebug', task ':permission_handler_android:bundleLibRuntimeToDirDebug', task ':razorpay_flutter:bundleLibRuntimeToDirDebug', task ':share_plus:bundleLibRuntimeToDirDebug', task ':shared_preferences_android:bundleLibRuntimeToDirDebug', task ':url_launcher_android:bundleLibRuntimeToDirDebug', task ':app:mergeLibDexDebug', task ':app:dexBuilderDebug', task ':app:mergeProjectDexDebug', task ':agora_rtc_engine:copyDebugJniLibsProjectOnly', task ':app:configureCMakeDebug[arm64-v8a]', task ':app:buildCMakeDebug[arm64-v8a]', task ':app:configureCMakeDebug[armeabi-v7a]', task ':app:buildCMakeDebug[armeabi-v7a]', task ':app:configureCMakeDebug[x86_64]', task ':app:buildCMakeDebug[x86_64]', task ':app:mergeDebugJniLibFolders', task ':firebase_core:mergeDebugJniLibFolders', task ':firebase_core:mergeDebugNativeLibs', task ':firebase_core:copyDebugJniLibsProjectOnly', task ':firebase_messaging:mergeDebugJniLibFolders', task ':firebase_messaging:mergeDebugNativeLibs', task ':firebase_messaging:copyDebugJniLibsProjectOnly', task ':flutter_local_notifications:mergeDebugJniLibFolders', task ':flutter_local_notifications:mergeDebugNativeLibs', task ':flutter_local_notifications:copyDebugJniLibsProjectOnly', task ':flutter_plugin_android_lifecycle:mergeDebugJniLibFolders', task ':flutter_plugin_android_lifecycle:mergeDebugNativeLibs', task ':flutter_plugin_android_lifecycle:copyDebugJniLibsProjectOnly', task ':fluttertoast:mergeDebugJniLibFolders', task ':fluttertoast:mergeDebugNativeLibs', task ':fluttertoast:copyDebugJniLibsProjectOnly', task ':geolocator_android:mergeDebugJniLibFolders', task ':geolocator_android:mergeDebugNativeLibs', task ':geolocator_android:copyDebugJniLibsProjectOnly', task ':image_picker_android:mergeDebugJniLibFolders', task ':image_picker_android:mergeDebugNativeLibs', task ':image_picker_android:copyDebugJniLibsProjectOnly', task ':iris_method_channel:configureCMakeDebug[arm64-v8a]', task ':iris_method_channel:buildCMakeDebug[arm64-v8a]', task ':iris_method_channel:configureCMakeDebug[armeabi-v7a]', task ':iris_method_channel:buildCMakeDebug[armeabi-v7a]', task ':iris_method_channel:configureCMakeDebug[x86]', task ':iris_method_channel:buildCMakeDebug[x86]', task ':iris_method_channel:configureCMakeDebug[x86_64]', task ':iris_method_channel:buildCMakeDebug[x86_64]', task ':iris_method_channel:mergeDebugJniLibFolders', task ':iris_method_channel:mergeDebugNativeLibs', task ':iris_method_channel:copyDebugJniLibsProjectOnly', task ':package_info_plus:mergeDebugJniLibFolders', task ':package_info_plus:mergeDebugNativeLibs', task ':package_info_plus:copyDebugJniLibsProjectOnly', task ':path_provider_android:mergeDebugJniLibFolders', task ':path_provider_android:mergeDebugNativeLibs', task ':path_provider_android:copyDebugJniLibsProjectOnly', task ':permission_handler_android:mergeDebugJniLibFolders', task ':permission_handler_android:mergeDebugNativeLibs', task ':permission_handler_android:copyDebugJniLibsProjectOnly', task ':razorpay_flutter:mergeDebugJniLibFolders', task ':razorpay_flutter:mergeDebugNativeLibs', task ':razorpay_flutter:copyDebugJniLibsProjectOnly', task ':share_plus:mergeDebugJniLibFolders', task ':share_plus:mergeDebugNativeLibs', task ':share_plus:copyDebugJniLibsProjectOnly', task ':shared_preferences_android:mergeDebugJniLibFolders', task ':shared_preferences_android:mergeDebugNativeLibs', task ':shared_preferences_android:copyDebugJniLibsProjectOnly', task ':url_launcher_android:mergeDebugJniLibFolders', task ':url_launcher_android:mergeDebugNativeLibs', task ':url_launcher_android:copyDebugJniLibsProjectOnly', task ':app:mergeDebugNativeLibs', task ':app:stripDebugDebugSymbols', task ':app:validateSigningDebug', task ':app:writeDebugAppMetadata', task ':app:writeDebugSigningConfigVersions', task ':app:packageDebug', task ':app:createDebugApkListingFileRedirect', task ':app:assembleDebug', task ':firebase_core:stripDebugDebugSymbols', task ':firebase_core:copyDebugJniLibsProjectAndLocalJars', task ':firebase_core:extractDebugAnnotations', task ':firebase_core:extractDeepLinksForAarDebug', task ':firebase_core:mergeDebugGeneratedProguardFiles', task ':firebase_core:mergeDebugConsumerProguardFiles', task ':firebase_core:prepareDebugArtProfile', task ':firebase_core:prepareLintJarForPublish', task ':firebase_core:mergeDebugJavaResource', task ':firebase_core:syncDebugLibJars', task ':firebase_core:bundleDebugAar', task ':firebase_core:assembleDebug', task ':firebase_messaging:stripDebugDebugSymbols', task ':firebase_messaging:copyDebugJniLibsProjectAndLocalJars', task ':firebase_messaging:extractDebugAnnotations', task ':firebase_messaging:extractDeepLinksForAarDebug', task ':firebase_messaging:mergeDebugGeneratedProguardFiles', task ':firebase_messaging:mergeDebugConsumerProguardFiles', task ':firebase_messaging:prepareDebugArtProfile', task ':firebase_messaging:prepareLintJarForPublish', task ':firebase_messaging:mergeDebugJavaResource', task ':firebase_messaging:syncDebugLibJars', task ':firebase_messaging:bundleDebugAar', task ':firebase_messaging:assembleDebug', task ':flutter_local_notifications:stripDebugDebugSymbols', task ':flutter_local_notifications:copyDebugJniLibsProjectAndLocalJars', task ':flutter_local_notifications:extractDebugAnnotations', task ':flutter_local_notifications:extractDeepLinksForAarDebug', task ':flutter_local_notifications:mergeDebugGeneratedProguardFiles', task ':flutter_local_notifications:mergeDebugConsumerProguardFiles', task ':flutter_local_notifications:prepareDebugArtProfile', task ':flutter_local_notifications:prepareLintJarForPublish', task ':flutter_local_notifications:mergeDebugJavaResource', task ':flutter_local_notifications:syncDebugLibJars', task ':flutter_local_notifications:bundleDebugAar', task ':flutter_local_notifications:assembleDebug', task ':flutter_plugin_android_lifecycle:stripDebugDebugSymbols', task ':flutter_plugin_android_lifecycle:copyDebugJniLibsProjectAndLocalJars', task ':flutter_plugin_android_lifecycle:extractDebugAnnotations', task ':flutter_plugin_android_lifecycle:extractDeepLinksForAarDebug', task ':flutter_plugin_android_lifecycle:mergeDebugGeneratedProguardFiles', task ':flutter_plugin_android_lifecycle:mergeDebugConsumerProguardFiles', task ':flutter_plugin_android_lifecycle:prepareDebugArtProfile', task ':flutter_plugin_android_lifecycle:prepareLintJarForPublish', task ':flutter_plugin_android_lifecycle:mergeDebugJavaResource', task ':flutter_plugin_android_lifecycle:syncDebugLibJars', task ':flutter_plugin_android_lifecycle:bundleDebugAar', task ':flutter_plugin_android_lifecycle:assembleDebug', task ':fluttertoast:stripDebugDebugSymbols', task ':fluttertoast:copyDebugJniLibsProjectAndLocalJars', task ':fluttertoast:extractDebugAnnotations', task ':fluttertoast:extractDeepLinksForAarDebug', task ':fluttertoast:mergeDebugGeneratedProguardFiles', task ':fluttertoast:mergeDebugConsumerProguardFiles', task ':fluttertoast:prepareDebugArtProfile', task ':fluttertoast:prepareLintJarForPublish', task ':fluttertoast:mergeDebugJavaResource', task ':fluttertoast:syncDebugLibJars', task ':fluttertoast:bundleDebugAar', task ':fluttertoast:assembleDebug', task ':geolocator_android:stripDebugDebugSymbols', task ':geolocator_android:copyDebugJniLibsProjectAndLocalJars', task ':geolocator_android:extractDebugAnnotations', task ':geolocator_android:extractDeepLinksForAarDebug', task ':geolocator_android:mergeDebugGeneratedProguardFiles', task ':geolocator_android:mergeDebugConsumerProguardFiles', task ':geolocator_android:prepareDebugArtProfile', task ':geolocator_android:prepareLintJarForPublish', task ':geolocator_android:mergeDebugJavaResource', task ':geolocator_android:syncDebugLibJars', task ':geolocator_android:bundleDebugAar', task ':geolocator_android:assembleDebug', task ':image_picker_android:stripDebugDebugSymbols', task ':image_picker_android:copyDebugJniLibsProjectAndLocalJars', task ':image_picker_android:extractDebugAnnotations', task ':image_picker_android:extractDeepLinksForAarDebug', task ':image_picker_android:mergeDebugGeneratedProguardFiles', task ':image_picker_android:mergeDebugConsumerProguardFiles', task ':image_picker_android:prepareDebugArtProfile', task ':image_picker_android:prepareLintJarForPublish', task ':image_picker_android:mergeDebugJavaResource', task ':image_picker_android:syncDebugLibJars', task ':image_picker_android:bundleDebugAar', task ':image_picker_android:assembleDebug', task ':iris_method_channel:stripDebugDebugSymbols', task ':iris_method_channel:copyDebugJniLibsProjectAndLocalJars', task ':iris_method_channel:extractDebugAnnotations', task ':iris_method_channel:extractDeepLinksForAarDebug', task ':iris_method_channel:mergeDebugGeneratedProguardFiles', task ':iris_method_channel:mergeDebugConsumerProguardFiles', task ':iris_method_channel:prepareDebugArtProfile', task ':iris_method_channel:prepareLintJarForPublish', task ':iris_method_channel:mergeDebugJavaResource', task ':iris_method_channel:syncDebugLibJars', task ':iris_method_channel:bundleDebugAar', task ':iris_method_channel:assembleDebug', task ':package_info_plus:stripDebugDebugSymbols', task ':package_info_plus:copyDebugJniLibsProjectAndLocalJars', task ':package_info_plus:extractDebugAnnotations', task ':package_info_plus:extractDeepLinksForAarDebug', task ':package_info_plus:mergeDebugGeneratedProguardFiles', task ':package_info_plus:mergeDebugConsumerProguardFiles', task ':package_info_plus:prepareDebugArtProfile', task ':package_info_plus:prepareLintJarForPublish', task ':package_info_plus:mergeDebugJavaResource', task ':package_info_plus:syncDebugLibJars', task ':package_info_plus:bundleDebugAar', task ':package_info_plus:assembleDebug', task ':path_provider_android:stripDebugDebugSymbols', task ':path_provider_android:copyDebugJniLibsProjectAndLocalJars', task ':path_provider_android:extractDebugAnnotations', task ':path_provider_android:extractDeepLinksForAarDebug', task ':path_provider_android:mergeDebugGeneratedProguardFiles', task ':path_provider_android:mergeDebugConsumerProguardFiles', task ':path_provider_android:prepareDebugArtProfile', task ':path_provider_android:prepareLintJarForPublish', task ':path_provider_android:mergeDebugJavaResource', task ':path_provider_android:syncDebugLibJars', task ':path_provider_android:bundleDebugAar', task ':path_provider_android:assembleDebug', task ':permission_handler_android:stripDebugDebugSymbols', task ':permission_handler_android:copyDebugJniLibsProjectAndLocalJars', task ':permission_handler_android:extractDebugAnnotations', task ':permission_handler_android:extractDeepLinksForAarDebug', task ':permission_handler_android:mergeDebugGeneratedProguardFiles', task ':permission_handler_android:mergeDebugConsumerProguardFiles', task ':permission_handler_android:prepareDebugArtProfile', task ':permission_handler_android:prepareLintJarForPublish', task ':permission_handler_android:mergeDebugJavaResource', task ':permission_handler_android:syncDebugLibJars', task ':permission_handler_android:bundleDebugAar', task ':permission_handler_android:assembleDebug', task ':razorpay_flutter:stripDebugDebugSymbols', task ':razorpay_flutter:copyDebugJniLibsProjectAndLocalJars', task ':razorpay_flutter:extractDebugAnnotations', task ':razorpay_flutter:extractDeepLinksForAarDebug', task ':razorpay_flutter:mergeDebugGeneratedProguardFiles', task ':razorpay_flutter:mergeDebugConsumerProguardFiles', task ':razorpay_flutter:prepareDebugArtProfile', task ':razorpay_flutter:prepareLintJarForPublish', task ':razorpay_flutter:mergeDebugJavaResource', task ':razorpay_flutter:syncDebugLibJars', task ':razorpay_flutter:bundleDebugAar', task ':razorpay_flutter:assembleDebug', task ':share_plus:stripDebugDebugSymbols', task ':share_plus:copyDebugJniLibsProjectAndLocalJars', task ':share_plus:extractDebugAnnotations', task ':share_plus:extractDeepLinksForAarDebug', task ':share_plus:mergeDebugGeneratedProguardFiles', task ':share_plus:mergeDebugConsumerProguardFiles', task ':share_plus:prepareDebugArtProfile', task ':share_plus:prepareLintJarForPublish', task ':share_plus:mergeDebugJavaResource', task ':share_plus:syncDebugLibJars', task ':share_plus:bundleDebugAar', task ':share_plus:assembleDebug', task ':shared_preferences_android:stripDebugDebugSymbols', task ':shared_preferences_android:copyDebugJniLibsProjectAndLocalJars', task ':shared_preferences_android:extractDebugAnnotations', task ':shared_preferences_android:extractDeepLinksForAarDebug', task ':shared_preferences_android:mergeDebugGeneratedProguardFiles', task ':shared_preferences_android:mergeDebugConsumerProguardFiles', task ':shared_preferences_android:prepareDebugArtProfile', task ':shared_preferences_android:prepareLintJarForPublish', task ':shared_preferences_android:mergeDebugJavaResource', task ':shared_preferences_android:syncDebugLibJars', task ':shared_preferences_android:bundleDebugAar', task ':shared_preferences_android:assembleDebug', task ':url_launcher_android:stripDebugDebugSymbols', task ':url_launcher_android:copyDebugJniLibsProjectAndLocalJars', task ':url_launcher_android:extractDebugAnnotations', task ':url_launcher_android:extractDeepLinksForAarDebug', task ':url_launcher_android:mergeDebugGeneratedProguardFiles', task ':url_launcher_android:mergeDebugConsumerProguardFiles', task ':url_launcher_android:prepareDebugArtProfile', task ':url_launcher_android:prepareLintJarForPublish', task ':url_launcher_android:mergeDebugJavaResource', task ':url_launcher_android:syncDebugLibJars', task ':url_launcher_android:bundleDebugAar', task ':url_launcher_android:assembleDebug']
[   +1 ms] Tasks that were excluded: []
[        ] work action Parameters of ClassesDirToClassesTransform (Thread[#1532,Execution worker Thread 6,5,main]) started.
[        ] work action Parameters of DexingNoClasspathTransform (Thread[#1532,Execution worker Thread 6,5,main]) started.
[        ] Resolve mutations for :agora_rtc_engine:preBuild (Thread[#1526,included builds,5,main]) started.
[        ] :agora_rtc_engine:preBuild (Thread[#1535,Execution worker Thread 9,5,main]) started.
[        ] > Task :agora_rtc_engine:preBuild UP-TO-DATE
[        ] Skipping task ':agora_rtc_engine:preBuild' as it has no actions.
[        ] Resolve mutations for :agora_rtc_engine:preDebugBuild (Thread[#1535,Execution worker Thread 9,5,main]) started.
[        ] :agora_rtc_engine:preDebugBuild (Thread[#1541,Execution worker Thread 15,5,main]) started.
[        ] > Task :agora_rtc_engine:preDebugBuild UP-TO-DATE
[        ] Skipping task ':agora_rtc_engine:preDebugBuild' as it has no actions.
[        ] Resolve mutations for :agora_rtc_engine:configureCMakeDebug[arm64-v8a] (Thread[#1541,Execution worker Thread 15,5,main]) started.
[        ] :agora_rtc_engine:configureCMakeDebug[arm64-v8a] (Thread[#1541,Execution worker Thread 15,5,main]) started.
[        ] > Task :agora_rtc_engine:configureCMakeDebug[arm64-v8a]
[        ] Caching disabled for task ':agora_rtc_engine:configureCMakeDebug[arm64-v8a]' because:
[        ]   Build cache is disabled
[        ]   Caching has been disabled for the task
[        ] Task ':agora_rtc_engine:configureCMakeDebug[arm64-v8a]' is not up-to-date because:
[        ]   Task.upToDateWhen is false.
[        ] C/C++: C:\Users\Harika Nagaraju\AppData\Local\Pub\Cache\hosted\pub.dev\agora_rtc_engine-6.5.3\android\src\main\cpp\CMakeLists.txt debug|arm64-v8a : Start JSON generation. Platform version: 21 min SDK version: arm64-v8a
[        ] C/C++: C:\Users\Harika Nagaraju\AppData\Local\Pub\Cache\hosted\pub.dev\agora_rtc_engine-6.5.3\android\src\main\cpp\CMakeLists.txt debug|arm64-v8a : JSON 'C:\Users\Harika Nagaraju\AppData\Local\Pub\Cache\hosted\pub.dev\agora_rtc_engine-6.5.3\android\.cxx\Debug\3v252q1m\arm64-v8a\android_gradle_build.json' was up-to-date
[        ] C/C++: C:\Users\Harika Nagaraju\AppData\Local\Pub\Cache\hosted\pub.dev\agora_rtc_engine-6.5.3\android\src\main\cpp\CMakeLists.txt debug|arm64-v8a : JSON generation completed without problems
[        ] C/C++: C:\Users\Harika Nagaraju\AppData\Local\Pub\Cache\hosted\pub.dev\agora_rtc_engine-6.5.3\android\src\main\cpp\CMakeLists.txt debug|arm64-v8a : Writing build model to C:\Fusionvertex\dating_app_boyflow\build\agora_rtc_engine\intermediates\cxx\Debug\3v252q1m\logs\arm64-v8a\build_model.json
[        ] Resolve mutations for :agora_rtc_engine:buildCMakeDebug[arm64-v8a] (Thread[#1541,Execution worker Thread 15,5,main]) started.
[        ] :agora_rtc_engine:buildCMakeDebug[arm64-v8a] (Thread[#1541,Execution worker Thread 15,5,main]) started.
[ +100 ms] > Task :agora_rtc_engine:buildCMakeDebug[arm64-v8a]
[        ] Caching disabled for task ':agora_rtc_engine:buildCMakeDebug[arm64-v8a]' because:
[        ]   Build cache is disabled
[        ]   Caching has been disabled for the task
[        ] Task ':agora_rtc_engine:buildCMakeDebug[arm64-v8a]' is not up-to-date because:
[        ]   Task.upToDateWhen is false.
[        ] C/C++: starting build
[        ] C/C++: reading expected JSONs
[        ] C/C++: done reading expected JSONs
[        ] C/C++: executing build commands for targets that produce .so files or executables
[        ] C/C++: evaluate miniconfig
[        ] C/C++: evaluate library iris_rendering_android (arm64-v8a)
[        ] C/C++: building target library iris_rendering_android because no targets are specified.
[        ] C/C++: about to build targets iris_rendering_android
[        ] C/C++: Build iris_rendering_android
[        ] C/C++: @echo off
[        ] "C:\\Android\\Sdk\\cmake\\3.22.1\\bin\\ninja.exe" ^
[        ]   -C ^
[        ]   "C:\\Users\\Harika Nagaraju\\AppData\\Local\\Pub\\Cache\\hosted\\pub.dev\\agora_rtc_engine-6.5.3\\android\\.cxx\\Debug\\3v252q1m\\arm64-v8a" ^
[        ]   iris_rendering_android
[        ] Starting process 'command 'C:\Android\Sdk\cmake\3.22.1\bin\ninja.exe''. Working directory: C:\Fusionvertex\dating_app_boyflow\android Command: C:\Android\Sdk\cmake\3.22.1\bin\ninja.exe -C C:\Users\Harika Nagaraju\AppData\Local\Pub\Cache\hosted\pub.dev\agora_rtc_engine-6.5.3\android\.cxx\Debug\3v252q1m\arm64-v8a iris_rendering_android
[        ] Successfully started process 'command 'C:\Android\Sdk\cmake\3.22.1\bin\ninja.exe''
[        ] C/C++: Received process result: 0
[        ] C/C++: check expected build outputs
[        ] C/C++: build complete
[        ] Resolve mutations for :agora_rtc_engine:configureCMakeDebug[armeabi-v7a] (Thread[#1541,Execution worker Thread 15,5,main]) started.
[        ] :agora_rtc_engine:configureCMakeDebug[armeabi-v7a] (Thread[#1541,Execution worker Thread 15,5,main]) started.
[        ] > Task :agora_rtc_engine:configureCMakeDebug[armeabi-v7a]
[        ] Caching disabled for task ':agora_rtc_engine:configureCMakeDebug[armeabi-v7a]' because:
[        ]   Build cache is disabled
[        ]   Caching has been disabled for the task
[        ] Task ':agora_rtc_engine:configureCMakeDebug[armeabi-v7a]' is not up-to-date because:
[        ]   Task.upToDateWhen is false.
[        ] C/C++: C:\Users\Harika Nagaraju\AppData\Local\Pub\Cache\hosted\pub.dev\agora_rtc_engine-6.5.3\android\src\main\cpp\CMakeLists.txt debug|armeabi-v7a : Start JSON generation. Platform version: 21 min SDK version: armeabi-v7a
[        ] C/C++: C:\Users\Harika Nagaraju\AppData\Local\Pub\Cache\hosted\pub.dev\agora_rtc_engine-6.5.3\android\src\main\cpp\CMakeLists.txt debug|armeabi-v7a : JSON 'C:\Users\Harika Nagaraju\AppData\Local\Pub\Cache\hosted\pub.dev\agora_rtc_engine-6.5.3\android\.cxx\Debug\3v252q1m\armeabi-v7a\android_gradle_build.json' was up-to-date
[        ] C/C++: C:\Users\Harika Nagaraju\AppData\Local\Pub\Cache\hosted\pub.dev\agora_rtc_engine-6.5.3\android\src\main\cpp\CMakeLists.txt debug|armeabi-v7a : JSON generation completed without problems
[        ] C/C++: C:\Users\Harika Nagaraju\AppData\Local\Pub\Cache\hosted\pub.dev\agora_rtc_engine-6.5.3\android\src\main\cpp\CMakeLists.txt debug|armeabi-v7a : Writing build model to C:\Fusionvertex\dating_app_boyflow\build\agora_rtc_engine\intermediates\cxx\Debug\3v252q1m\logs\armeabi-v7a\build_model.json
[        ] Resolve mutations for :agora_rtc_engine:buildCMakeDebug[armeabi-v7a] (Thread[#1541,Execution worker Thread 15,5,main]) started.
[        ] :agora_rtc_engine:buildCMakeDebug[armeabi-v7a] (Thread[#1541,Execution worker Thread 15,5,main]) started.
[        ] > Task :agora_rtc_engine:buildCMakeDebug[armeabi-v7a]
[        ] Caching disabled for task ':agora_rtc_engine:buildCMakeDebug[armeabi-v7a]' because:
[        ]   Build cache is disabled
[        ]   Caching has been disabled for the task
[        ] Task ':agora_rtc_engine:buildCMakeDebug[armeabi-v7a]' is not up-to-date because:
[        ]   Task.upToDateWhen is false.
[        ] C/C++: starting build
[        ] C/C++: reading expected JSONs
[        ] C/C++: done reading expected JSONs
[        ] C/C++: executing build commands for targets that produce .so files or executables
[        ] C/C++: evaluate miniconfig
[        ] C/C++: evaluate library iris_rendering_android (armeabi-v7a)
[        ] C/C++: building target library iris_rendering_android because no targets are specified.
[        ] C/C++: about to build targets iris_rendering_android
[        ] C/C++: Build iris_rendering_android
[        ] C/C++: @echo off
[        ] "C:\\Android\\Sdk\\cmake\\3.22.1\\bin\\ninja.exe" ^
[        ]   -C ^
[        ]   "C:\\Users\\Harika Nagaraju\\AppData\\Local\\Pub\\Cache\\hosted\\pub.dev\\agora_rtc_engine-6.5.3\\android\\.cxx\\Debug\\3v252q1m\\armeabi-v7a" ^
[        ]   iris_rendering_android
[        ] Starting process 'command 'C:\Android\Sdk\cmake\3.22.1\bin\ninja.exe''. Working directory: C:\Fusionvertex\dating_app_boyflow\android Command: C:\Android\Sdk\cmake\3.22.1\bin\ninja.exe -C C:\Users\Harika Nagaraju\AppData\Local\Pub\Cache\hosted\pub.dev\agora_rtc_engine-6.5.3\android\.cxx\Debug\3v252q1m\armeabi-v7a iris_rendering_android
[        ] Successfully started process 'command 'C:\Android\Sdk\cmake\3.22.1\bin\ninja.exe''
[        ] C/C++: Received process result: 0
[        ] C/C++: check expected build outputs
[        ] C/C++: build complete
[        ] Resolve mutations for :agora_rtc_engine:configureCMakeDebug[x86] (Thread[#1541,Execution worker Thread 15,5,main]) started.
[        ] :agora_rtc_engine:configureCMakeDebug[x86] (Thread[#1541,Execution worker Thread 15,5,main]) started.
[        ] > Task :agora_rtc_engine:configureCMakeDebug[x86]
[        ] Caching disabled for task ':agora_rtc_engine:configureCMakeDebug[x86]' because:
[        ]   Build cache is disabled
[        ]   Caching has been disabled for the task
[        ] Task ':agora_rtc_engine:configureCMakeDebug[x86]' is not up-to-date because:
[        ]   Task.upToDateWhen is false.
[        ] C/C++: C:\Users\Harika Nagaraju\AppData\Local\Pub\Cache\hosted\pub.dev\agora_rtc_engine-6.5.3\android\src\main\cpp\CMakeLists.txt debug|x86 : Start JSON generation. Platform version: 21 min SDK version: x86
[        ] C/C++: C:\Users\Harika Nagaraju\AppData\Local\Pub\Cache\hosted\pub.dev\agora_rtc_engine-6.5.3\android\src\main\cpp\CMakeLists.txt debug|x86 : JSON 'C:\Users\Harika Nagaraju\AppData\Local\Pub\Cache\hosted\pub.dev\agora_rtc_engine-6.5.3\android\.cxx\Debug\3v252q1m\x86\android_gradle_build.json' was up-to-date
[        ] C/C++: C:\Users\Harika Nagaraju\AppData\Local\Pub\Cache\hosted\pub.dev\agora_rtc_engine-6.5.3\android\src\main\cpp\CMakeLists.txt debug|x86 : JSON generation completed without problems
[        ] C/C++: C:\Users\Harika Nagaraju\AppData\Local\Pub\Cache\hosted\pub.dev\agora_rtc_engine-6.5.3\android\src\main\cpp\CMakeLists.txt debug|x86 : Writing build model to C:\Fusionvertex\dating_app_boyflow\build\agora_rtc_engine\intermediates\cxx\Debug\3v252q1m\logs\x86\build_model.json
[        ] Resolve mutations for :agora_rtc_engine:buildCMakeDebug[x86] (Thread[#1541,Execution worker Thread 15,5,main]) started.
[        ] :agora_rtc_engine:buildCMakeDebug[x86] (Thread[#1541,Execution worker Thread 15,5,main]) started.
[  +86 ms] > Task :agora_rtc_engine:buildCMakeDebug[x86]
[        ] Caching disabled for task ':agora_rtc_engine:buildCMakeDebug[x86]' because:
[        ]   Build cache is disabled
[        ]   Caching has been disabled for the task
[        ] Task ':agora_rtc_engine:buildCMakeDebug[x86]' is not up-to-date because:
[        ]   Task.upToDateWhen is false.
[        ] C/C++: starting build
[        ] C/C++: reading expected JSONs
[        ] C/C++: done reading expected JSONs
[        ] C/C++: executing build commands for targets that produce .so files or executables
[        ] C/C++: evaluate miniconfig
[        ] C/C++: evaluate library iris_rendering_android (x86)
[        ] C/C++: building target library iris_rendering_android because no targets are specified.
[        ] C/C++: about to build targets iris_rendering_android
[        ] C/C++: Build iris_rendering_android
[        ] C/C++: @echo off
[        ] "C:\\Android\\Sdk\\cmake\\3.22.1\\bin\\ninja.exe" ^
[        ]   -C ^
[        ]   "C:\\Users\\Harika Nagaraju\\AppData\\Local\\Pub\\Cache\\hosted\\pub.dev\\agora_rtc_engine-6.5.3\\android\\.cxx\\Debug\\3v252q1m\\x86" ^
[        ]   iris_rendering_android
[        ] Starting process 'command 'C:\Android\Sdk\cmake\3.22.1\bin\ninja.exe''. Working directory: C:\Fusionvertex\dating_app_boyflow\android Command: C:\Android\Sdk\cmake\3.22.1\bin\ninja.exe -C C:\Users\Harika Nagaraju\AppData\Local\Pub\Cache\hosted\pub.dev\agora_rtc_engine-6.5.3\android\.cxx\Debug\3v252q1m\x86 iris_rendering_android
[        ] Successfully started process 'command 'C:\Android\Sdk\cmake\3.22.1\bin\ninja.exe''
[        ] C/C++: Received process result: 0
[        ] C/C++: check expected build outputs
[        ] C/C++: build complete
[        ] Resolve mutations for :agora_rtc_engine:configureCMakeDebug[x86_64] (Thread[#1541,Execution worker Thread 15,5,main]) started.
[        ] :agora_rtc_engine:configureCMakeDebug[x86_64] (Thread[#1541,Execution worker Thread 15,5,main]) started.
[        ] > Task :agora_rtc_engine:configureCMakeDebug[x86_64]
[        ] Caching disabled for task ':agora_rtc_engine:configureCMakeDebug[x86_64]' because:
[        ]   Build cache is disabled
[        ]   Caching has been disabled for the task
[        ] Task ':agora_rtc_engine:configureCMakeDebug[x86_64]' is not up-to-date because:
[        ]   Task.upToDateWhen is false.
[        ] C/C++: C:\Users\Harika Nagaraju\AppData\Local\Pub\Cache\hosted\pub.dev\agora_rtc_engine-6.5.3\android\src\main\cpp\CMakeLists.txt debug|x86_64 : Start JSON generation. Platform version: 21 min SDK version: x86_64
[        ] C/C++: C:\Users\Harika Nagaraju\AppData\Local\Pub\Cache\hosted\pub.dev\agora_rtc_engine-6.5.3\android\src\main\cpp\CMakeLists.txt debug|x86_64 : JSON 'C:\Users\Harika Nagaraju\AppData\Local\Pub\Cache\hosted\pub.dev\agora_rtc_engine-6.5.3\android\.cxx\Debug\3v252q1m\x86_64\android_gradle_build.json' was up-to-date
[        ] C/C++: C:\Users\Harika Nagaraju\AppData\Local\Pub\Cache\hosted\pub.dev\agora_rtc_engine-6.5.3\android\src\main\cpp\CMakeLists.txt debug|x86_64 : JSON generation completed without problems
[        ] C/C++: C:\Users\Harika Nagaraju\AppData\Local\Pub\Cache\hosted\pub.dev\agora_rtc_engine-6.5.3\android\src\main\cpp\CMakeLists.txt debug|x86_64 : Writing build model to C:\Fusionvertex\dating_app_boyflow\build\agora_rtc_engine\intermediates\cxx\Debug\3v252q1m\logs\x86_64\build_model.json
[        ] Resolve mutations for :agora_rtc_engine:buildCMakeDebug[x86_64] (Thread[#1541,Execution worker Thread 15,5,main]) started.
[        ] :agora_rtc_engine:buildCMakeDebug[x86_64] (Thread[#1541,Execution worker Thread 15,5,main]) started.
[        ] > Task :agora_rtc_engine:buildCMakeDebug[x86_64]
[        ] Caching disabled for task ':agora_rtc_engine:buildCMakeDebug[x86_64]' because:
[        ]   Build cache is disabled
[        ]   Caching has been disabled for the task
[        ] Task ':agora_rtc_engine:buildCMakeDebug[x86_64]' is not up-to-date because:
[        ]   Task.upToDateWhen is false.
[        ] C/C++: starting build
[        ] C/C++: reading expected JSONs
[        ] C/C++: done reading expected JSONs
[        ] C/C++: executing build commands for targets that produce .so files or executables
[        ] C/C++: evaluate miniconfig
[        ] C/C++: evaluate library iris_rendering_android (x86_64)
[        ] C/C++: building target library iris_rendering_android because no targets are specified.
[        ] C/C++: about to build targets iris_rendering_android
[        ] C/C++: Build iris_rendering_android
[        ] C/C++: @echo off
[        ] "C:\\Android\\Sdk\\cmake\\3.22.1\\bin\\ninja.exe" ^
[        ]   -C ^
[        ]   "C:\\Users\\Harika Nagaraju\\AppData\\Local\\Pub\\Cache\\hosted\\pub.dev\\agora_rtc_engine-6.5.3\\android\\.cxx\\Debug\\3v252q1m\\x86_64" ^
[        ]   iris_rendering_android
[        ] Starting process 'command 'C:\Android\Sdk\cmake\3.22.1\bin\ninja.exe''. Working directory: C:\Fusionvertex\dating_app_boyflow\android Command: C:\Android\Sdk\cmake\3.22.1\bin\ninja.exe -C C:\Users\Harika Nagaraju\AppData\Local\Pub\Cache\hosted\pub.dev\agora_rtc_engine-6.5.3\android\.cxx\Debug\3v252q1m\x86_64 iris_rendering_android
[        ] Successfully started process 'command 'C:\Android\Sdk\cmake\3.22.1\bin\ninja.exe''
[        ] C/C++: Received process result: 0
[        ] C/C++: check expected build outputs
[        ] C/C++: build complete
[        ] Resolve mutations for :agora_rtc_engine:mergeDebugJniLibFolders (Thread[#1541,Execution worker Thread 15,5,main]) started.
[        ] :agora_rtc_engine:mergeDebugJniLibFolders (Thread[#1541,Execution worker Thread 15,5,main]) started.
[        ] > Task :agora_rtc_engine:mergeDebugJniLibFolders UP-TO-DATE
[        ] Caching disabled for task ':agora_rtc_engine:mergeDebugJniLibFolders' because:
[        ]   Build cache is disabled
[        ]   Simple merging task
[        ] Skipping task ':agora_rtc_engine:mergeDebugJniLibFolders' as it is up-to-date.
[        ] Resolve mutations for :agora_rtc_engine:mergeDebugNativeLibs (Thread[#1541,Execution worker Thread 15,5,main]) started.
[  +20 ms] :agora_rtc_engine:mergeDebugNativeLibs (Thread[#1541,Execution worker Thread 15,5,main]) started.
[        ] > Task :agora_rtc_engine:mergeDebugNativeLibs UP-TO-DATE
[        ] Caching disabled for task ':agora_rtc_engine:mergeDebugNativeLibs' because:
[        ]   Build cache is disabled
[        ]   Caching has been disabled for the task
[        ] Skipping task ':agora_rtc_engine:mergeDebugNativeLibs' as it is up-to-date.
[        ] Resolve mutations for :agora_rtc_engine:stripDebugDebugSymbols (Thread[#1541,Execution worker Thread 15,5,main]) started.
[        ] :agora_rtc_engine:stripDebugDebugSymbols (Thread[#1541,Execution worker Thread 15,5,main]) started.
[        ] > Task :agora_rtc_engine:stripDebugDebugSymbols UP-TO-DATE
[        ] Caching disabled for task ':agora_rtc_engine:stripDebugDebugSymbols' because:
[        ]   Build cache is disabled
[        ]   Caching has been disabled for the task
[        ] Skipping task ':agora_rtc_engine:stripDebugDebugSymbols' as it is up-to-date.
[        ] Resolve mutations for :agora_rtc_engine:copyDebugJniLibsProjectAndLocalJars (Thread[#1541,Execution worker Thread 15,5,main]) started.
[        ] :agora_rtc_engine:copyDebugJniLibsProjectAndLocalJars (Thread[#1541,Execution worker Thread 15,5,main]) started.
[        ] > Task :agora_rtc_engine:copyDebugJniLibsProjectAndLocalJars UP-TO-DATE
[        ] Caching disabled for task ':agora_rtc_engine:copyDebugJniLibsProjectAndLocalJars' because:
[        ]   Build cache is disabled
[        ]   Caching has been disabled for the task
[        ] Skipping task ':agora_rtc_engine:copyDebugJniLibsProjectAndLocalJars' as it is up-to-date.
[        ] Resolve mutations for :agora_rtc_engine:generateDebugResValues (Thread[#1541,Execution worker Thread 15,5,main]) started.
[        ] :agora_rtc_engine:generateDebugResValues (Thread[#1541,Execution worker Thread 15,5,main]) started.
[        ] > Task :agora_rtc_engine:generateDebugResValues UP-TO-DATE
[        ] Caching disabled for task ':agora_rtc_engine:generateDebugResValues' because:
[        ]   Build cache is disabled
[        ] Skipping task ':agora_rtc_engine:generateDebugResValues' as it is up-to-date.
[        ] Resolve mutations for :agora_rtc_engine:generateDebugResources (Thread[#1541,Execution worker Thread 15,5,main]) started.
[        ] :agora_rtc_engine:generateDebugResources (Thread[#1541,Execution worker Thread 15,5,main]) started.
[        ] > Task :agora_rtc_engine:generateDebugResources UP-TO-DATE
[        ] Caching disabled for task ':agora_rtc_engine:generateDebugResources' because:
[        ]   Build cache is disabled
[        ] Skipping task ':agora_rtc_engine:generateDebugResources' as it is up-to-date.
[        ] Resolve mutations for :agora_rtc_engine:packageDebugResources (Thread[#1541,Execution worker Thread 15,5,main]) started.
[        ] :agora_rtc_engine:packageDebugResources (Thread[#1541,Execution worker Thread 15,5,main]) started.
[        ] > Task :agora_rtc_engine:packageDebugResources UP-TO-DATE
[        ] Caching disabled for task ':agora_rtc_engine:packageDebugResources' because:
[        ]   Build cache is disabled
[        ] Skipping task ':agora_rtc_engine:packageDebugResources' as it is up-to-date.
[        ] work action resolve packageDebugResources (project :agora_rtc_engine) (Thread[#1541,Execution worker Thread 15,5,main]) started.
[        ] Resolve mutations for :agora_rtc_engine:parseDebugLocalResources (Thread[#1541,Execution worker Thread 15,5,main]) started.
[        ] :agora_rtc_engine:parseDebugLocalResources (Thread[#1541,Execution worker Thread 15,5,main]) started.
[        ] > Task :agora_rtc_engine:parseDebugLocalResources UP-TO-DATE
[        ] Caching disabled for task ':agora_rtc_engine:parseDebugLocalResources' because:
[        ]   Build cache is disabled
[        ] Skipping task ':agora_rtc_engine:parseDebugLocalResources' as it is up-to-date.
[        ] Resolve mutations for :agora_rtc_engine:generateDebugRFile (Thread[#1541,Execution worker Thread 15,5,main]) started.
[        ] :agora_rtc_engine:generateDebugRFile (Thread[#1541,Execution worker Thread 15,5,main]) started.
[        ] > Task :agora_rtc_engine:generateDebugRFile UP-TO-DATE
[        ] Caching disabled for task ':agora_rtc_engine:generateDebugRFile' because:
[        ]   Build cache is disabled
[        ] Skipping task ':agora_rtc_engine:generateDebugRFile' as it is up-to-date.
[        ] work action resolve package-aware-r.txt (project :agora_rtc_engine) (Thread[#1541,Execution worker Thread 15,5,main]) started.
[        ] Resolve mutations for :iris_method_channel:preBuild (Thread[#1541,Execution worker Thread 15,5,main]) started.
[        ] :iris_method_channel:preBuild (Thread[#1541,Execution worker Thread 15,5,main]) started.
[        ] > Task :iris_method_channel:preBuild UP-TO-DATE
[        ] Skipping task ':iris_method_channel:preBuild' as it has no actions.
[        ] Resolve mutations for :iris_method_channel:preDebugBuild (Thread[#1541,Execution worker Thread 15,5,main]) started.
[        ] :iris_method_channel:preDebugBuild (Thread[#1541,Execution worker Thread 15,5,main]) started.
[        ] > Task :iris_method_channel:preDebugBuild UP-TO-DATE
[        ] Skipping task ':iris_method_channel:preDebugBuild' as it has no actions.
[        ] Resolve mutations for :iris_method_channel:generateDebugResValues (Thread[#1541,Execution worker Thread 15,5,main]) started.
[        ] :iris_method_channel:generateDebugResValues (Thread[#1541,Execution worker Thread 15,5,main]) started.
[        ] > Task :iris_method_channel:generateDebugResValues UP-TO-DATE
[        ] Caching disabled for task ':iris_method_channel:generateDebugResValues' because:
[        ]   Build cache is disabled
[        ] Skipping task ':iris_method_channel:generateDebugResValues' as it is up-to-date.
[        ] Resolve mutations for :iris_method_channel:generateDebugResources (Thread[#1541,Execution worker Thread 15,5,main]) started.
[        ] :iris_method_channel:generateDebugResources (Thread[#1541,Execution worker Thread 15,5,main]) started.
[        ] > Task :iris_method_channel:generateDebugResources UP-TO-DATE
[        ] Caching disabled for task ':iris_method_channel:generateDebugResources' because:
[        ]   Build cache is disabled
[        ] Skipping task ':iris_method_channel:generateDebugResources' as it is up-to-date.
[        ] Resolve mutations for :iris_method_channel:packageDebugResources (Thread[#1541,Execution worker Thread 15,5,main]) started.
[        ] :iris_method_channel:packageDebugResources (Thread[#1541,Execution worker Thread 15,5,main]) started.
[        ] > Task :iris_method_channel:packageDebugResources UP-TO-DATE
[        ] Caching disabled for task ':iris_method_channel:packageDebugResources' because:
[        ]   Build cache is disabled
[        ] Skipping task ':iris_method_channel:packageDebugResources' as it is up-to-date.
[        ] work action resolve packageDebugResources (project :iris_method_channel) (Thread[#1541,Execution worker Thread 15,5,main]) started.
[        ] Resolve mutations for :iris_method_channel:parseDebugLocalResources (Thread[#1541,Execution worker Thread 15,5,main]) started.
[        ] :iris_method_channel:parseDebugLocalResources (Thread[#1541,Execution worker Thread 15,5,main]) started.
[        ] > Task :iris_method_channel:parseDebugLocalResources UP-TO-DATE
[        ] Caching disabled for task ':iris_method_channel:parseDebugLocalResources' because:
[        ]   Build cache is disabled
[        ] Skipping task ':iris_method_channel:parseDebugLocalResources' as it is up-to-date.
[        ] Resolve mutations for :iris_method_channel:generateDebugRFile (Thread[#1541,Execution worker Thread 15,5,main]) started.
[        ] :iris_method_channel:generateDebugRFile (Thread[#1541,Execution worker Thread 15,5,main]) started.
[        ] > Task :iris_method_channel:generateDebugRFile UP-TO-DATE
[        ] Caching disabled for task ':iris_method_channel:generateDebugRFile' because:
[        ]   Build cache is disabled
[        ] Skipping task ':iris_method_channel:generateDebugRFile' as it is up-to-date.
[        ] work action resolve package-aware-r.txt (project :iris_method_channel) (Thread[#1541,Execution worker Thread 15,5,main]) started.
[        ] Resolve mutations for :iris_method_channel:javaPreCompileDebug (Thread[#1541,Execution worker Thread 15,5,main]) started.
[        ] :iris_method_channel:javaPreCompileDebug (Thread[#1541,Execution worker Thread 15,5,main]) started.
[        ] > Task :iris_method_channel:javaPreCompileDebug UP-TO-DATE
[        ] Caching disabled for task ':iris_method_channel:javaPreCompileDebug' because:
[        ]   Build cache is disabled
[        ] Skipping task ':iris_method_channel:javaPreCompileDebug' as it is up-to-date.
[        ] Resolve mutations for :iris_method_channel:compileDebugJavaWithJavac (Thread[#1541,Execution worker Thread 15,5,main]) started.
[        ] :iris_method_channel:compileDebugJavaWithJavac (Thread[#1541,Execution worker Thread 15,5,main]) started.
[  +60 ms] > Task :iris_method_channel:compileDebugJavaWithJavac UP-TO-DATE
[        ] Custom actions are attached to task ':iris_method_channel:compileDebugJavaWithJavac'.
[        ] Caching disabled for task ':iris_method_channel:compileDebugJavaWithJavac' because:
[        ]   Build cache is disabled
[        ] Skipping task ':iris_method_channel:compileDebugJavaWithJavac' as it is up-to-date.
[        ] No compile result for :iris_method_channel:compileDebugJavaWithJavac
[        ] No compile result for :iris_method_channel:compileDebugJavaWithJavac
[        ] Resolve mutations for :iris_method_channel:bundleLibCompileToJarDebug (Thread[#1541,Execution worker Thread 15,5,main]) started.
[        ] :iris_method_channel:bundleLibCompileToJarDebug (Thread[#1541,Execution worker Thread 15,5,main]) started.
[        ] > Task :iris_method_channel:bundleLibCompileToJarDebug UP-TO-DATE
[        ] Caching disabled for task ':iris_method_channel:bundleLibCompileToJarDebug' because:
[        ]   Build cache is disabled
[        ]   Simple merging task
[        ] Skipping task ':iris_method_channel:bundleLibCompileToJarDebug' as it is up-to-date.
[        ] work action resolve classes.jar (project :iris_method_channel) (Thread[#1541,Execution worker Thread 15,5,main]) started.
[        ] Resolve mutations for :agora_rtc_engine:extractDebugAnnotations (Thread[#1541,Execution worker Thread 15,5,main]) started.
[        ] :agora_rtc_engine:extractDebugAnnotations (Thread[#1541,Execution worker Thread 15,5,main]) started.
[        ] > Task :agora_rtc_engine:extractDebugAnnotations UP-TO-DATE
[        ] Caching disabled for task ':agora_rtc_engine:extractDebugAnnotations' because:
[        ]   Build cache is disabled
[        ] Skipping task ':agora_rtc_engine:extractDebugAnnotations' as it is up-to-date.
[        ] Resolve mutations for :agora_rtc_engine:extractDeepLinksForAarDebug (Thread[#1541,Execution worker Thread 15,5,main]) started.
[        ] :agora_rtc_engine:extractDeepLinksForAarDebug (Thread[#1541,Execution worker Thread 15,5,main]) started.
[        ] > Task :agora_rtc_engine:extractDeepLinksForAarDebug UP-TO-DATE
[        ] Caching disabled for task ':agora_rtc_engine:extractDeepLinksForAarDebug' because:
[        ]   Build cache is disabled
[        ] Skipping task ':agora_rtc_engine:extractDeepLinksForAarDebug' as it is up-to-date.
[        ] Resolve mutations for :agora_rtc_engine:mergeDebugShaders (Thread[#1541,Execution worker Thread 15,5,main]) started.
[        ] :agora_rtc_engine:mergeDebugShaders (Thread[#1541,Execution worker Thread 15,5,main]) started.
[        ] > Task :agora_rtc_engine:mergeDebugShaders UP-TO-DATE
[        ] Caching disabled for task ':agora_rtc_engine:mergeDebugShaders' because:
[        ]   Build cache is disabled
[        ]   Simple merging task
[        ] Skipping task ':agora_rtc_engine:mergeDebugShaders' as it is up-to-date.
[        ] Resolve mutations for :agora_rtc_engine:compileDebugShaders (Thread[#1541,Execution worker Thread 15,5,main]) started.
[        ] :agora_rtc_engine:compileDebugShaders (Thread[#1541,Execution worker Thread 15,5,main]) started.
[        ] > Task :agora_rtc_engine:compileDebugShaders NO-SOURCE
[        ] Skipping task ':agora_rtc_engine:compileDebugShaders' as it has no source files and no previous output files.
[        ] Resolve mutations for :agora_rtc_engine:generateDebugAssets (Thread[#1541,Execution worker Thread 15,5,main]) started.
[        ] :agora_rtc_engine:generateDebugAssets (Thread[#1541,Execution worker Thread 15,5,main]) started.
[        ] > Task :agora_rtc_engine:generateDebugAssets UP-TO-DATE
[        ] Skipping task ':agora_rtc_engine:generateDebugAssets' as it has no actions.
[        ] Resolve mutations for :agora_rtc_engine:mergeDebugAssets (Thread[#1541,Execution worker Thread 15,5,main]) started.
[        ] :agora_rtc_engine:mergeDebugAssets (Thread[#1541,Execution worker Thread 15,5,main]) started.
[        ] > Task :agora_rtc_engine:mergeDebugAssets UP-TO-DATE
[        ] Caching disabled for task ':agora_rtc_engine:mergeDebugAssets' because:
[        ]   Build cache is disabled
[        ]   Simple merging task
[        ] Skipping task ':agora_rtc_engine:mergeDebugAssets' as it is up-to-date.
[        ] work action resolve mergeDebugAssets (project :agora_rtc_engine) (Thread[#1541,Execution worker Thread 15,5,main]) started.
[        ] Resolve mutations for :agora_rtc_engine:javaPreCompileDebug (Thread[#1541,Execution worker Thread 15,5,main]) started.
[        ] :agora_rtc_engine:javaPreCompileDebug (Thread[#1541,Execution worker Thread 15,5,main]) started.
[        ] > Task :agora_rtc_engine:javaPreCompileDebug UP-TO-DATE
[        ] Caching disabled for task ':agora_rtc_engine:javaPreCompileDebug' because:
[        ]   Build cache is disabled
[        ] Skipping task ':agora_rtc_engine:javaPreCompileDebug' as it is up-to-date.
[        ] Resolve mutations for :agora_rtc_engine:compileDebugJavaWithJavac (Thread[#1541,Execution worker Thread 15,5,main]) started.
[        ] :agora_rtc_engine:compileDebugJavaWithJavac (Thread[#1541,Execution worker Thread 15,5,main]) started.
[        ] > Task :agora_rtc_engine:compileDebugJavaWithJavac UP-TO-DATE
[        ] Custom actions are attached to task ':agora_rtc_engine:compileDebugJavaWithJavac'.
[        ] Caching disabled for task ':agora_rtc_engine:compileDebugJavaWithJavac' because:
[        ]   Build cache is disabled
[        ] Skipping task ':agora_rtc_engine:compileDebugJavaWithJavac' as it is up-to-date.
[        ] No compile result for :agora_rtc_engine:compileDebugJavaWithJavac
[        ] No compile result for :agora_rtc_engine:compileDebugJavaWithJavac
[        ] Resolve mutations for :agora_rtc_engine:mergeDebugGeneratedProguardFiles (Thread[#1541,Execution worker Thread 15,5,main]) started.
[        ] :agora_rtc_engine:mergeDebugGeneratedProguardFiles (Thread[#1541,Execution worker Thread 15,5,main]) started.
[        ] > Task :agora_rtc_engine:mergeDebugGeneratedProguardFiles UP-TO-DATE
[        ] Caching disabled for task ':agora_rtc_engine:mergeDebugGeneratedProguardFiles' because:
[        ]   Build cache is disabled
[        ]   Simple merging task
[        ] Skipping task ':agora_rtc_engine:mergeDebugGeneratedProguardFiles' as it is up-to-date.
[        ] Resolve mutations for :agora_rtc_engine:mergeDebugConsumerProguardFiles (Thread[#1541,Execution worker Thread 15,5,main]) started.
[        ] :agora_rtc_engine:mergeDebugConsumerProguardFiles (Thread[#1541,Execution worker Thread 15,5,main]) started.
[        ] > Task :agora_rtc_engine:mergeDebugConsumerProguardFiles UP-TO-DATE
[        ] Caching disabled for task ':agora_rtc_engine:mergeDebugConsumerProguardFiles' because:
[        ]   Build cache is disabled
[        ]   Simple merging task
[        ] Skipping task ':agora_rtc_engine:mergeDebugConsumerProguardFiles' as it is up-to-date.
[        ] Resolve mutations for :agora_rtc_engine:prepareDebugArtProfile (Thread[#1541,Execution worker Thread 15,5,main]) started.
[        ] :agora_rtc_engine:prepareDebugArtProfile (Thread[#1541,Execution worker Thread 15,5,main]) started.
[        ] > Task :agora_rtc_engine:prepareDebugArtProfile UP-TO-DATE
[        ] Caching disabled for task ':agora_rtc_engine:prepareDebugArtProfile' because:
[        ]   Build cache is disabled
[        ]   Caching has been disabled for the task
[        ] Skipping task ':agora_rtc_engine:prepareDebugArtProfile' as it is up-to-date.
[        ] Resolve mutations for :agora_rtc_engine:prepareLintJarForPublish (Thread[#1541,Execution worker Thread 15,5,main]) started.
[        ] :agora_rtc_engine:prepareLintJarForPublish (Thread[#1541,Execution worker Thread 15,5,main]) started.
[        ] > Task :agora_rtc_engine:prepareLintJarForPublish UP-TO-DATE
[        ] Caching disabled for task ':agora_rtc_engine:prepareLintJarForPublish' because:
[        ]   Build cache is disabled
[        ]   Caching has been disabled for the task
[        ] Skipping task ':agora_rtc_engine:prepareLintJarForPublish' as it is up-to-date.
[        ] Resolve mutations for :agora_rtc_engine:processDebugManifest (Thread[#1541,Execution worker Thread 15,5,main]) started.
[        ] :agora_rtc_engine:processDebugManifest (Thread[#1541,Execution worker Thread 15,5,main]) started.
[        ] > Task :agora_rtc_engine:processDebugManifest UP-TO-DATE
[        ] Caching disabled for task ':agora_rtc_engine:processDebugManifest' because:
[        ]   Build cache is disabled
[        ] Skipping task ':agora_rtc_engine:processDebugManifest' as it is up-to-date.
[        ] work action resolve AndroidManifest.xml (project :agora_rtc_engine) (Thread[#1539,Execution worker Thread 13,5,main]) started.
[        ] Resolve mutations for :agora_rtc_engine:processDebugJavaRes (Thread[#1539,Execution worker Thread 13,5,main]) started.
[        ] :agora_rtc_engine:processDebugJavaRes (Thread[#1539,Execution worker Thread 13,5,main]) started.
[        ] > Task :agora_rtc_engine:processDebugJavaRes NO-SOURCE
[        ] file or directory 'C:\Users\Harika Nagaraju\AppData\Local\Pub\Cache\hosted\pub.dev\agora_rtc_engine-6.5.3\android\src\main\resources', not found
[        ] file or directory 'C:\Users\Harika Nagaraju\AppData\Local\Pub\Cache\hosted\pub.dev\agora_rtc_engine-6.5.3\android\src\debug\resources', not found
[        ] Skipping task ':agora_rtc_engine:processDebugJavaRes' as it has no source files and no previous output files.
[        ] work action resolve out (project :agora_rtc_engine) (Thread[#1539,Execution worker Thread 13,5,main]) started.
[        ] Resolve mutations for :agora_rtc_engine:mergeDebugJavaResource (Thread[#1539,Execution worker Thread 13,5,main]) started.
[        ] :agora_rtc_engine:mergeDebugJavaResource (Thread[#1539,Execution worker Thread 13,5,main]) started.
[        ] > Task :agora_rtc_engine:mergeDebugJavaResource UP-TO-DATE
[        ] Caching disabled for task ':agora_rtc_engine:mergeDebugJavaResource' because:
[        ]   Build cache is disabled
[        ]   Caching has been disabled for the task
[        ] Skipping task ':agora_rtc_engine:mergeDebugJavaResource' as it is up-to-date.
[        ] Resolve mutations for :agora_rtc_engine:syncDebugLibJars (Thread[#1539,Execution worker Thread 13,5,main]) started.
[        ] :agora_rtc_engine:syncDebugLibJars (Thread[#1539,Execution worker Thread 13,5,main]) started.
[        ] > Task :agora_rtc_engine:syncDebugLibJars UP-TO-DATE
[        ] Caching disabled for task ':agora_rtc_engine:syncDebugLibJars' because:
[        ]   Build cache is disabled
[        ] Skipping task ':agora_rtc_engine:syncDebugLibJars' as it is up-to-date.
[        ] Resolve mutations for :agora_rtc_engine:writeDebugAarMetadata (Thread[#1539,Execution worker Thread 13,5,main]) started.
[        ] :agora_rtc_engine:writeDebugAarMetadata (Thread[#1539,Execution worker Thread 13,5,main]) started.
[        ] > Task :agora_rtc_engine:writeDebugAarMetadata UP-TO-DATE
[        ] Caching disabled for task ':agora_rtc_engine:writeDebugAarMetadata' because:
[        ]   Build cache is disabled
[        ]   Caching has been disabled for the task
[        ] Skipping task ':agora_rtc_engine:writeDebugAarMetadata' as it is up-to-date.
[        ] work action resolve aar-metadata.properties (project :agora_rtc_engine) (Thread[#1539,Execution worker Thread 13,5,main]) started.
[        ] Resolve mutations for :agora_rtc_engine:bundleDebugAar (Thread[#1539,Execution worker Thread 13,5,main]) started.
[        ] :agora_rtc_engine:bundleDebugAar (Thread[#1539,Execution worker Thread 13,5,main]) started.
[        ] > Task :agora_rtc_engine:bundleDebugAar UP-TO-DATE
[        ] Caching disabled for task ':agora_rtc_engine:bundleDebugAar' because:
[        ]   Build cache is disabled
[        ]   Caching has been disabled for the task
[        ] Skipping task ':agora_rtc_engine:bundleDebugAar' as it is up-to-date.
[        ] Resolve mutations for :agora_rtc_engine:assembleDebug (Thread[#1539,Execution worker Thread 13,5,main]) started.
[        ] :agora_rtc_engine:assembleDebug (Thread[#1539,Execution worker Thread 13,5,main]) started.
[        ] > Task :agora_rtc_engine:assembleDebug UP-TO-DATE
[        ] Skipping task ':agora_rtc_engine:assembleDebug' as it has no actions.
[        ] Resolve mutations for :app:DebugMinSdkCheck (Thread[#1539,Execution worker Thread 13,5,main]) started.
[        ] :app:DebugMinSdkCheck (Thread[#1539,Execution worker Thread 13,5,main]) started.
[        ] > Task :app:DebugMinSdkCheck
[        ] Caching disabled for task ':app:DebugMinSdkCheck' because:
[        ]   Build cache is disabled
[        ] Task ':app:DebugMinSdkCheck' is not up-to-date because:
[        ]   Task has not declared any outputs despite executing actions.
[        ] Resolve mutations for :app:preBuild (Thread[#1539,Execution worker Thread 13,5,main]) started.
[        ] :app:preBuild (Thread[#1539,Execution worker Thread 13,5,main]) started.
[        ] > Task :app:preBuild UP-TO-DATE
[        ] Skipping task ':app:preBuild' as it has no actions.
[        ] Resolve mutations for :app:preDebugBuild (Thread[#1539,Execution worker Thread 13,5,main]) started.
[        ] :app:preDebugBuild (Thread[#1539,Execution worker Thread 13,5,main]) started.
[        ] > Task :app:preDebugBuild UP-TO-DATE
[        ] Skipping task ':app:preDebugBuild' as it has no actions.
[        ] Resolve mutations for :app:mergeDebugNativeDebugMetadata (Thread[#1539,Execution worker Thread 13,5,main]) started.
[        ] :app:mergeDebugNativeDebugMetadata (Thread[#1539,Execution worker Thread 13,5,main]) started.
[        ] > Task :app:mergeDebugNativeDebugMetadata NO-SOURCE
[        ] Skipping task ':app:mergeDebugNativeDebugMetadata' as it has no source files and no previous output files.
[        ] Resolve mutations for :agora_rtc_engine:bundleLibCompileToJarDebug (Thread[#1539,Execution worker Thread 13,5,main]) started.
[        ] :agora_rtc_engine:bundleLibCompileToJarDebug (Thread[#1539,Execution worker Thread 13,5,main]) started.
[        ] > Task :agora_rtc_engine:bundleLibCompileToJarDebug UP-TO-DATE
[        ] Caching disabled for task ':agora_rtc_engine:bundleLibCompileToJarDebug' because:
[        ]   Build cache is disabled
[        ]   Simple merging task
[        ] Skipping task ':agora_rtc_engine:bundleLibCompileToJarDebug' as it is up-to-date.
[        ] work action resolve classes.jar (project :agora_rtc_engine) (Thread[#1539,Execution worker Thread 13,5,main]) started.
[        ] Resolve mutations for :app:checkKotlinGradlePluginConfigurationErrors (Thread[#1539,Execution worker Thread 13,5,main]) started.
[        ] :app:checkKotlinGradlePluginConfigurationErrors (Thread[#1539,Execution worker Thread 13,5,main]) started.
[        ] > Task :app:checkKotlinGradlePluginConfigurationErrors SKIPPED
[        ] Skipping task ':app:checkKotlinGradlePluginConfigurationErrors' as task onlyIf 'errorDiagnostics are present' is false.
[        ] Resolve mutations for :app:compileFlutterBuildDebug (Thread[#1539,Execution worker Thread 13,5,main]) started.
[        ] :app:compileFlutterBuildDebug (Thread[#1539,Execution worker Thread 13,5,main]) started.
[+1982 ms] > Task :app:compileFlutterBuildDebug
[        ] Caching disabled for task ':app:compileFlutterBuildDebug' because:
[        ]   Build cache is disabled
[        ]   Caching has not been enabled for the task
[        ] Task ':app:compileFlutterBuildDebug' is not up-to-date because:
[        ]   Task has failed previously.
[        ] Starting process 'command 'C:\programTools\flutter\bin\flutter.bat''. Working directory: C:\Fusionvertex\dating_app_boyflow Command: C:\programTools\flutter\bin\flutter.bat --verbose assemble --no-version-check --depfile C:\Fusionvertex\dating_app_boyflow\build\app\intermediates\flutter\debug/flutter_build.d --output C:\Fusionvertex\dating_app_boyflow\build\app\intermediates\flutter\debug -dTargetFile=lib\main.dart -dTargetPlatform=android -dBuildMode=debug -dTrackWidgetCreation=true --DartDefines=RkxVVFRFUl9WRVJTSU9OPTMuMzUuNw==,RkxVVFRFUl9DSEFOTkVMPXN0YWJsZQ==,RkxVVFRFUl9HSVRfVVJMPWh0dHBzOi8vZ2l0aHViLmNvbS9mbHV0dGVyL2ZsdXR0ZXIuZ2l0,RkxVVFRFUl9GUkFNRVdPUktfUkVWSVNJT049YWRjOTAxMDYyNQ==,RkxVVFRFUl9FTkdJTkVfUkVWSVNJT049MDM1MzE2NTY1YQ==,RkxVVFRFUl9EQVJUX1ZFUlNJT049My45LjI= -dFlavor= -dAndroidArchs=android-arm android-arm64 android-x64 -dMinSdkVersion=24 debug_android_application
[        ] Successfully started process 'command 'C:\programTools\flutter\bin\flutter.bat''
[        ] [ +359 ms] Artifact Instance of 'MaterialFonts' is not required, skipping update.
[        ] [        ] Artifact Instance of 'GradleWrapper' is not required, skipping update.
[        ] [        ] Artifact Instance of 'AndroidGenSnapshotArtifacts' is not required, skipping update.
[        ] [        ] Artifact Instance of 'AndroidInternalBuildArtifacts' is not required, skipping update.
[        ] [        ] Artifact Instance of 'IOSEngineArtifacts' is not required, skipping update.
[        ] [        ] Artifact Instance of 'FlutterWebSdk' is not required, skipping update.
[        ] [        ] Artifact Instance of 'LegacyCanvasKitRemover' is not required, skipping update.
[        ] [        ] Artifact Instance of 'FlutterSdk' is not required, skipping update.
[        ] [        ] Artifact Instance of 'WindowsEngineArtifacts' is not required, skipping update.
[        ] [        ] Artifact Instance of 'MacOSEngineArtifacts' is not required, skipping update.
[        ] [        ] Artifact Instance of 'LinuxEngineArtifacts' is not required, skipping update.
[        ] [        ] Artifact Instance of 'LinuxFuchsiaSDKArtifacts' is not required, skipping update.
[        ] [        ] Artifact Instance of 'MacOSFuchsiaSDKArtifacts' is not required, skipping update.
[        ] [        ] Artifact Instance of 'FlutterRunnerSDKArtifacts' is not required, skipping update.
[        ] [        ] Artifact Instance of 'FlutterRunnerDebugSymbols' is not required, skipping update.
[        ] [        ] Artifact Instance of 'IosUsbArtifacts' is not required, skipping update.
[        ] [        ] Artifact Instance of 'IosUsbArtifacts' is not required, skipping update.
[        ] [        ] Artifact Instance of 'IosUsbArtifacts' is not required, skipping update.
[        ] [        ] Artifact Instance of 'IosUsbArtifacts' is not required, skipping update.
[        ] [        ] Artifact Instance of 'IosUsbArtifacts' is not required, skipping update.
[        ] [        ] Artifact Instance of 'IosUsbArtifacts' is not required, skipping update.
[        ] [        ] Artifact Instance of 'FontSubsetArtifacts' is not required, skipping update.
[        ] [        ] Artifact Instance of 'PubDependencies' is not required, skipping update.
[        ] [   +7 ms] Artifact Instance of 'AndroidGenSnapshotArtifacts' is not required, skipping update.
[        ] [        ] Artifact Instance of 'AndroidInternalBuildArtifacts' is not required, skipping update.
[        ] [        ] Artifact Instance of 'IOSEngineArtifacts' is not required, skipping update.
[        ] [        ] Artifact Instance of 'FlutterWebSdk' is not required, skipping update.
[        ] [        ] Artifact Instance of 'FlutterEngineStamp' is not required, skipping update.
[        ] [        ] Artifact Instance of 'LegacyCanvasKitRemover' is not required, skipping update.
[        ] [   +1 ms] Artifact Instance of 'WindowsEngineArtifacts' is not required, skipping update.
[        ] [        ] Artifact Instance of 'MacOSEngineArtifacts' is not required, skipping update.
[        ] [        ] Artifact Instance of 'LinuxEngineArtifacts' is not required, skipping update.
[        ] [        ] Artifact Instance of 'LinuxFuchsiaSDKArtifacts' is not required, skipping update.
[        ] [        ] Artifact Instance of 'MacOSFuchsiaSDKArtifacts' is not required, skipping update.
[        ] [        ] Artifact Instance of 'FlutterRunnerSDKArtifacts' is not required, skipping update.
[        ] [        ] Artifact Instance of 'FlutterRunnerDebugSymbols' is not required, skipping update.
[        ] [  +37 ms] Artifact Instance of 'MaterialFonts' is not required, skipping update.
[        ] [        ] Artifact Instance of 'GradleWrapper' is not required, skipping update.
[        ] [   +1 ms] Artifact Instance of 'AndroidInternalBuildArtifacts' is not required, skipping update.
[        ] [        ] Artifact Instance of 'IOSEngineArtifacts' is not required, skipping update.
[        ] [        ] Artifact Instance of 'FlutterWebSdk' is not required, skipping update.
[        ] [        ] Artifact Instance of 'FlutterEngineStamp' is not required, skipping update.
[        ] [        ] Artifact Instance of 'LegacyCanvasKitRemover' is not required, skipping update.
[        ] [        ] Artifact Instance of 'FlutterSdk' is not required, skipping update.
[        ] [        ] Artifact Instance of 'WindowsEngineArtifacts' is not required, skipping update.
[        ] [        ] Artifact Instance of 'MacOSEngineArtifacts' is not required, skipping update.
[        ] [        ] Artifact Instance of 'LinuxEngineArtifacts' is not required, skipping update.
[        ] [        ] Artifact Instance of 'LinuxFuchsiaSDKArtifacts' is not required, skipping update.
[        ] [        ] Artifact Instance of 'MacOSFuchsiaSDKArtifacts' is not required, skipping update.
[        ] [        ] Artifact Instance of 'FlutterRunnerSDKArtifacts' is not required, skipping update.
[        ] [        ] Artifact Instance of 'FlutterRunnerDebugSymbols' is not required, skipping update.
[        ] [        ] Artifact Instance of 'IosUsbArtifacts' is not required, skipping update.
[        ] [        ] Artifact Instance of 'IosUsbArtifacts' is not required, skipping update.
[        ] [        ] Artifact Instance of 'IosUsbArtifacts' is not required, skipping update.
[        ] [        ] Artifact Instance of 'IosUsbArtifacts' is not required, skipping update.
[        ] [        ] Artifact Instance of 'IosUsbArtifacts' is not required, skipping update.
[        ] [        ] Artifact Instance of 'IosUsbArtifacts' is not required, skipping update.
[        ] [        ] Artifact Instance of 'FontSubsetArtifacts' is not required, skipping update.
[        ] [        ] Artifact Instance of 'PubDependencies' is not required, skipping update.
[        ] [  +28 ms] Initializing file store
[        ] [  +15 ms] Done initializing file store
[        ] [  +38 ms] Skipping target: gen_dart_plugin_registrant
[        ] [   +1 ms] Skipping target: dart_build
[        ] [        ] Skipping target: gen_localizations
[        ] [        ] Skipping target: install_code_assets
[        ] [  +34 ms] invalidated build due to missing files: C:\Fusionvertex\dating_app_boyflow\lib\api_service\api_service.dart
[        ] [ +302 ms] kernel_snapshot_program: Starting due to {InvalidatedReasonKind.outputSetAddition: The following outputs were added to the output set: C:\Fusionvertex\dating_app_boyflow\.dart_tool\flutter_build\4cf6ef26366a2cbcd71001e8d9896413\app.dill, InvalidatedReasonKind.inputMissing: The following inputs were missing: C:\Fusionvertex\dating_app_boyflow\lib\api_service\api_service.dart}
[        ] [   +9 ms] C:\programTools\flutter\bin\cache\dart-sdk\bin\dartaotruntime.exe C:\programTools\flutter\bin\cache\dart-sdk\bin\snapshots\frontend_server_aot.dart.snapshot --sdk-root C:\programTools\flutter\bin\cache\artifacts\engine\common\flutter_patched_sdk/ --target=flutter --no-print-incremental-dependencies -DFLUTTER_VERSION=3.35.7 -DFLUTTER_CHANNEL=stable -DFLUTTER_GIT_URL=https://github.com/flutter/flutter.git -DFLUTTER_FRAMEWORK_REVISION=adc9010625 -DFLUTTER_ENGINE_REVISION=035316565a -DFLUTTER_DART_VERSION=3.9.2 -DFLUTTER_APP_FLAVOR= -Ddart.vm.profile=false -Ddart.vm.product=false --enable-asserts --track-widget-creation --no-link-platform --packages C:\Fusionvertex\dating_app_boyflow\.dart_tool\package_config.json --output-dill C:\Fusionvertex\dating_app_boyflow\.dart_tool\flutter_build\4cf6ef26366a2cbcd71001e8d9896413\app.dill --depfile C:\Fusionvertex\dating_app_boyflow\.dart_tool\flutter_build\4cf6ef26366a2cbcd71001e8d9896413\kernel_snapshot_program.d --incremental --initialize-from-dill C:\Fusionvertex\dating_app_boyflow\.dart_tool\flutter_build\4cf6ef26366a2cbcd71001e8d9896413\app.dill --source file:///C:/Fusionvertex/dating_app_boyflow/.dart_tool/flutter_build/dart_plugin_registrant.dart --source package:flutter/src/dart_plugin_registrant.dart -Dflutter.dart_plugin_registrant=file:///C:/Fusionvertex/dating_app_boyflow/.dart_tool/flutter_build/dart_plugin_registrant.dart --verbosity=error package:Boy_flow/main.dart
[ +603 ms] [+1016 ms] lib/views/screens/help_videos_screen.dart:1:8: Error: Error when reading 'lib/api_service/api_service.dart': The system cannot find the file specified.
[   +1 ms] [   +1 ms] import 'package:Boy_flow/api_service/api_service.dart';
[        ] [        ]        ^
[        ] [  +57 ms] lib/views/screens/account_screen.dart:369:23: Error: Couldn't find constructor 'PaymentPage'.
[        ] [        ]       'screen': const PaymentPage(), // Default payment page or we can trigger sheet
[        ] [        ]                       ^^^^^^^^^^^
[        ] [  +22 ms] lib/services/fcm_service.dart:30:77: Error: String starting with ' must end with '.
[        ] [        ]       _saveTokenEndpoint = '${ApiEndPoints.baseUrls/male-user/save-fcm-token';
[        ] [        ]                                                                             ^^
[        ] [        ] lib/services/fcm_service.dart:30:28: Error: String starting with ' must end with '.
[        ] [        ]       _saveTokenEndpoint = '${ApiEndPoints.baseUrls/male-user/save-fcm-token';
[        ] [        ]                            ^^^^^^^^^^^^^^^^^^^^^^^^^^^^^^^^^^^^^^^^^^^^^^^^^^^^...
[        ] [        ] lib/services/fcm_service.dart:29:41: Error: Can't find '}' to match '{'.
[        ] [        ]     if (!_saveTokenEndpointInitialized) {
[        ] [        ]                                         ^
[        ] [        ] lib/services/fcm_service.dart:30:77: Error: Expected '}' before this.
[        ] [        ]       _saveTokenEndpoint = '${ApiEndPoints.baseUrls/male-user/save-fcm-token';
[        ] [        ]                                                                             ^^
[        ] [        ] lib/services/fcm_service.dart:33:5: Error: Expected ';' after this.
[        ] [        ]     return _saveTokenEndpoint;
[        ] [        ]     ^^^^^^
[        ] [        ] lib/services/fcm_service.dart:30:53: Error: The getter 'male' isn't defined for the type 'FCMService'.
[        ] [        ]  - 'FCMService' is from 'package:Boy_flow/services/fcm_service.dart' ('lib/services/fcm_service.dart').
[        ] [        ] Try correcting the name to the name of an existing getter, or defining a getter or field named 'male'.
[        ] [        ]       _saveTokenEndpoint = '${ApiEndPoints.baseUrls/male-user/save-fcm-token';
[        ] [        ]                                                     ^^^^
[        ] [        ] lib/services/fcm_service.dart:30:52: Error: The operator '/' isn't defined for the type 'String'.
[        ] [        ] Try correcting the operator to an existing operator, or defining a '/' operator.
[        ] [        ]       _saveTokenEndpoint = '${ApiEndPoints.baseUrls/male-user/save-fcm-token';
[        ] [        ]                                                    ^
[        ] [        ] lib/services/fcm_service.dart:30:58: Error: The getter 'user' isn't defined for the type 'FCMService'.
[        ] [        ]  - 'FCMService' is from 'package:Boy_flow/services/fcm_service.dart' ('lib/services/fcm_service.dart').
[        ] [        ] Try correcting the name to the name of an existing getter, or defining a getter or field named 'user'.
[        ] [        ]       _saveTokenEndpoint = '${ApiEndPoints.baseUrls/male-user/save-fcm-token';
[        ] [        ]                                                          ^^^^
[        ] [        ] lib/services/fcm_service.dart:30:63: Error: The getter 'save' isn't defined for the type 'FCMService'.
[        ] [        ]  - 'FCMService' is from 'package:Boy_flow/services/fcm_service.dart' ('lib/services/fcm_service.dart').
[        ] [        ] Try correcting the name to the name of an existing getter, or defining a getter or field named 'save'.
[        ] [        ]       _saveTokenEndpoint = '${ApiEndPoints.baseUrls/male-user/save-fcm-token';
[        ] [        ]                                                               ^^^^
[        ] [        ] lib/services/fcm_service.dart:30:68: Error: The getter 'fcm' isn't defined for the type 'FCMService'.
[        ] [        ]  - 'FCMService' is from 'package:Boy_flow/services/fcm_service.dart' ('lib/services/fcm_service.dart').
[        ] [        ] Try correcting the name to the name of an existing getter, or defining a getter or field named 'fcm'.
[        ] [        ]       _saveTokenEndpoint = '${ApiEndPoints.baseUrls/male-user/save-fcm-token';
[        ] [        ]                                                                    ^^^
[        ] [        ] lib/services/fcm_service.dart:30:72: Error: The getter 'token' isn't defined for the type 'FCMService'.
[        ] [        ]  - 'FCMService' is from 'package:Boy_flow/services/fcm_service.dart' ('lib/services/fcm_service.dart').
[        ] [        ] Try correcting the name to the name of an existing getter, or defining a getter or field named 'token'.
[        ] [        ]       _saveTokenEndpoint = '${ApiEndPoints.baseUrls/male-user/save-fcm-token';
[        ] [        ]                                                                        ^^^^^
[        ] [        ] lib/services/fcm_service.dart:28:14: Error: A non-null value must be returned since the return type 'String' doesn't allow null.
[        ] [        ]   String get saveTokenEndpoint {
[        ] [        ]              ^
[        ] [        ] lib/controllers/api_controller.dart:41:28: Error: Can't find '}' to match '{'.
[        ] [        ]       if (response is Map) {
[        ] [        ]                            ^
[        ] [        ] lib/services/api_service.dart:1688:9: Error: Can't find '}' to match '{'.
[        ] [        ]     try {
[        ] [        ]         ^
[        ] [        ] lib/services/api_service.dart:2007:32: Error: 'fetchChatMessages' is already declared in this scope.
[        ] [        ]   Future<Map<String, dynamic>> fetchChatMessages(String chatRoomId) async {
[        ] [        ]                                ^^^^^^^^^^^^^^^^^
[        ] [        ] lib/services/api_service.dart:803:32: Context: Previous declaration of 'fetchChatMessages'.
[        ] [        ]   Future<Map<String, dynamic>> fetchChatMessages(String chatRoomId) async {
[        ] [        ]                                ^^^^^^^^^^^^^^^^^
[        ] [        ] lib/services/api_service.dart:1771:15: Error: Type 'Gift' not found.
[        ] [        ]   Future<List<Gift>> getAllGifts() async {
[        ] [        ]               ^^^^
[        ] [        ] lib/services/api_service.dart:1825:10: Error: Type 'SendGiftResponse' not found.
[        ] [        ]   Future<SendGiftResponse> sendGift(String femaleUserId, String giftId) async {
[        ] [        ]          ^^^^^^^^^^^^^^^^
[        ] [        ] lib/services/api_service.dart:1880:10: Error: Type 'ProfileModel' not found.
[        ] [        ]   Future<ProfileModel> getProfileDetails() async {
[        ] [        ]          ^^^^^^^^^^^^
[        ] [        ] lib/services/api_service.dart:1688:5: Error: A try block must be followed by an 'on', 'catch', or 'finally' clause.
[        ] [        ] Try adding either a catch or finally clause, or remove the try statement.
[        ] [        ]     try {
[        ] [        ]     ^^^
[        ] [        ] lib/services/api_service.dart:1787:23: Error: 'Gift' isn't a type.
[        ] [        ]           return List<Gift>.from(
[        ] [        ]                       ^^^^
[        ] [        ] lib/services/api_service.dart:1776:30: Error: The getter '_dio' isn't defined for the type 'ApiService'.
[        ] [        ]  - 'ApiService' is from 'package:Boy_flow/services/api_service.dart' ('lib/services/api_service.dart').
[        ] [        ] Try correcting the name to the name of an existing getter, or defining a getter or field named '_dio'.
[        ] [        ]       final response = await _dio.get(
[        ] [        ]                              ^^^^
[        ] [        ] lib/services/api_service.dart:1788:40: Error: The getter 'Gift' isn't defined for the type 'ApiService'.
[        ] [        ]  - 'ApiService' is from 'package:Boy_flow/services/api_service.dart' ('lib/services/api_service.dart').
[        ] [        ] Try correcting the name to the name of an existing getter, or defining a getter or field named 'Gift'.
[        ] [        ]             data['data'].map((item) => Gift.fromJson(item)),
[        ] [        ]                                        ^^^^
[        ] [        ] lib/services/api_service.dart:1830:30: Error: The getter '_dio' isn't defined for the type 'ApiService'.
[        ] [        ]  - 'ApiService' is from 'package:Boy_flow/services/api_service.dart' ('lib/services/api_service.dart').
[        ] [        ] Try correcting the name to the name of an existing getter, or defining a getter or field named '_dio'.
[        ] [        ]       final response = await _dio.post(
[        ] [        ]                              ^^^^
[        ] [        ] lib/services/api_service.dart:1842:18: Error: The getter 'SendGiftResponse' isn't defined for the type 'ApiService'.
[        ] [        ]  - 'ApiService' is from 'package:Boy_flow/services/api_service.dart' ('lib/services/api_service.dart').
[        ] [        ] Try correcting the name to the name of an existing getter, or defining a getter or field named 'SendGiftResponse'.
[        ] [        ]           return SendGiftResponse.fromJson(data);
[        ] [        ]                  ^^^^^^^^^^^^^^^^
[        ] [        ] lib/services/api_service.dart:1890:30: Error: The getter '_dio' isn't defined for the type 'ApiService'.
[        ] [        ]  - 'ApiService' is from 'package:Boy_flow/services/api_service.dart' ('lib/services/api_service.dart').
[        ] [        ] Try correcting the name to the name of an existing getter, or defining a getter or field named '_dio'.
[        ] [        ]       final response = await _dio.post(
[        ] [        ]                              ^^^^
[        ] [        ] lib/services/api_service.dart:1902:18: Error: The getter 'ProfileModel' isn't defined for the type 'ApiService'.
[        ] [        ]  - 'ApiService' is from 'package:Boy_flow/services/api_service.dart' ('lib/services/api_service.dart').
[        ] [        ] Try correcting the name to the name of an existing getter, or defining a getter or field named 'ProfileModel'.
[        ] [        ]           return ProfileModel.fromJson(data);
[        ] [        ]                  ^^^^^^^^^^^^
[        ] [        ] lib/views/screens/followers_screen.dart:42:7: Error: The setter '_loading' isn't defined for the type '_MyFollowersScreenState'.
[        ] [        ]  - '_MyFollowersScreenState' is from 'package:Boy_flow/views/screens/followers_screen.dart' ('lib/views/screens/followers_screen.dart').
[        ] [        ] Try correcting the name to the name of an existing setter, or defining a setter or field named '_loading'.
[        ] [        ]       _loading = true;
[        ] [        ]       ^^^^^^^^
[        ] [        ] lib/views/screens/followers_screen.dart:43:7: Error: The setter '_error' isn't defined for the type '_MyFollowersScreenState'.
[        ] [        ]  - '_MyFollowersScreenState' is from 'package:Boy_flow/views/screens/followers_screen.dart' ('lib/views/screens/followers_screen.dart').
[        ] [        ] Try correcting the name to the name of an existing setter, or defining a setter or field named '_error'.
[        ] [        ]       _error = null;
[        ] [        ]       ^^^^^^
[        ] [        ] lib/views/screens/followers_screen.dart:50:26: Error: The getter 'http' isn't defined for the type '_MyFollowersScreenState'.
[        ] [        ]  - '_MyFollowersScreenState' is from 'package:Boy_flow/views/screens/followers_screen.dart' ('lib/views/screens/followers_screen.dart').
[  +84 ms] [        ] Try correcting the name to the name of an existing getter, or defining a getter or field named 'http'.
[        ] [        ]       final resp = await http.get(url);
[        ] [        ]                          ^^^^
[        ] [        ] lib/views/screens/followers_screen.dart:95:9: Error: The setter '_followers' isn't defined for the type '_MyFollowersScreenState'.
[        ] [        ]  - '_MyFollowersScreenState' is from 'package:Boy_flow/views/screens/followers_screen.dart' ('lib/views/screens/followers_screen.dart').
[        ] [        ] Try correcting the name to the name of an existing setter, or defining a setter or field named '_followers'.
[        ] [        ]         _followers = mapped;
[        ] [        ]         ^^^^^^^^^^
[        ] [        ] lib/views/screens/followers_screen.dart:96:9: Error: The setter '_loading' isn't defined for the type '_MyFollowersScreenState'.
[        ] [        ]  - '_MyFollowersScreenState' is from 'package:Boy_flow/views/screens/followers_screen.dart' ('lib/views/screens/followers_screen.dart').
[        ] [        ] Try correcting the name to the name of an existing setter, or defining a setter or field named '_loading'.
[        ] [        ]         _loading = false;
[        ] [        ]         ^^^^^^^^
[        ] [        ] lib/views/screens/followers_screen.dart:101:9: Error: The setter '_loading' isn't defined for the type '_MyFollowersScreenState'.
[        ] [        ]  - '_MyFollowersScreenState' is from 'package:Boy_flow/views/screens/followers_screen.dart' ('lib/views/screens/followers_screen.dart').
[        ] [        ] Try correcting the name to the name of an existing setter, or defining a setter or field named '_loading'.
[        ] [        ]         _loading = false;
[        ] [        ]         ^^^^^^^^
[        ] [        ] lib/views/screens/followers_screen.dart:102:9: Error: The setter '_error' isn't defined for the type '_MyFollowersScreenState'.
[        ] [        ]  - '_MyFollowersScreenState' is from 'package:Boy_flow/views/screens/followers_screen.dart' ('lib/views/screens/followers_screen.dart').
[        ] [        ] Try correcting the name to the name of an existing setter, or defining a setter or field named '_error'.
[        ] [        ]         _error = e.toString();
[        ] [        ]         ^^^^^^
[        ] [        ] lib/views/screens/followers_screen.dart:110:26: Error: The getter 'http' isn't defined for the type '_MyFollowersScreenState'.
[        ] [        ]  - '_MyFollowersScreenState' is from 'package:Boy_flow/views/screens/followers_screen.dart' ('lib/views/screens/followers_screen.dart').
[        ] [        ] Try correcting the name to the name of an existing getter, or defining a getter or field named 'http'.
[        ] [        ]       final resp = await http.get(url);
[        ] [        ]                          ^^^^
[        ] [        ] lib/views/screens/followers_screen.dart:137:9: Error: The setter '_favourites' isn't defined for the type '_MyFollowersScreenState'.
[        ] [        ]  - '_MyFollowersScreenState' is from 'package:Boy_flow/views/screens/followers_screen.dart' ('lib/views/screens/followers_screen.dart').
[        ] [        ] Try correcting the name to the name of an existing setter, or defining a setter or field named '_favourites'.
[        ] [        ]         _favourites = favIds;
[        ] [        ]         ^^^^^^^^^^^
[        ] [        ] lib/views/screens/followers_screen.dart:150:13: Error: The getter 'http' isn't defined for the type '_MyFollowersScreenState'.
[        ] [        ]  - '_MyFollowersScreenState' is from 'package:Boy_flow/views/screens/followers_screen.dart' ('lib/views/screens/followers_screen.dart').
[        ] [        ] Try correcting the name to the name of an existing getter, or defining a getter or field named 'http'.
[        ] [        ]       await http.post(
[        ] [        ]             ^^^^
[        ] [        ] lib/views/screens/followers_screen.dart:158:9: Error: The getter '_favourites' isn't defined for the type '_MyFollowersScreenState'.
[        ] [        ]  - '_MyFollowersScreenState' is from 'package:Boy_flow/views/screens/followers_screen.dart' ('lib/views/screens/followers_screen.dart').
[        ] [        ] Try correcting the name to the name of an existing getter, or defining a getter or field named '_favourites'.
[        ] [        ]         _favourites.add(userId);
[        ] [        ]         ^^^^^^^^^^^
[        ] [        ] lib/views/screens/followers_screen.dart:171:13: Error: The getter 'http' isn't defined for the type '_MyFollowersScreenState'.
[        ] [        ]  - '_MyFollowersScreenState' is from 'package:Boy_flow/views/screens/followers_screen.dart' ('lib/views/screens/followers_screen.dart').
[        ] [        ] Try correcting the name to the name of an existing getter, or defining a getter or field named 'http'.
[        ] [        ]       await http.delete(
[        ] [        ]             ^^^^
[        ] [        ] lib/views/screens/followers_screen.dart:179:9: Error: The getter '_favourites' isn't defined for the type '_MyFollowersScreenState'.
[        ] [        ]  - '_MyFollowersScreenState' is from 'package:Boy_flow/views/screens/followers_screen.dart' ('lib/views/screens/followers_screen.dart').
[        ] [        ] Try correcting the name to the name of an existing getter, or defining a getter or field named '_favourites'.
[        ] [        ]         _favourites.remove(userId);
[        ] [        ]         ^^^^^^^^^^^
[        ] [        ] lib/views/screens/followers_screen.dart:188:7: Error: The setter '_loading' isn't defined for the type '_MyFollowersScreenState'.
[        ] [        ]  - '_MyFollowersScreenState' is from 'package:Boy_flow/views/screens/followers_screen.dart' ('lib/views/screens/followers_screen.dart').
[        ] [        ] Try correcting the name to the name of an existing setter, or defining a setter or field named '_loading'.
[        ] [        ]       _loading = true;
[        ] [        ]       ^^^^^^^^
[        ] [        ] lib/views/screens/followers_screen.dart:189:7: Error: The setter '_error' isn't defined for the type '_MyFollowersScreenState'.
[        ] [        ]  - '_MyFollowersScreenState' is from 'package:Boy_flow/views/screens/followers_screen.dart' ('lib/views/screens/followers_screen.dart').
[        ] [        ] Try correcting the name to the name of an existing setter, or defining a setter or field named '_error'.
[        ] [        ]       _error = null;
[        ] [        ]       ^^^^^^
[        ] [        ] lib/views/screens/followers_screen.dart:196:26: Error: The getter 'http' isn't defined for the type '_MyFollowersScreenState'.
[        ] [        ]  - '_MyFollowersScreenState' is from 'package:Boy_flow/views/screens/followers_screen.dart' ('lib/views/screens/followers_screen.dart').
[        ] [        ] Try correcting the name to the name of an existing getter, or defining a getter or field named 'http'.
[        ] [        ]       final resp = await http.get(url);
[        ] [        ]                          ^^^^
[        ] [        ] lib/views/screens/followers_screen.dart:241:9: Error: The setter '_following' isn't defined for the type '_MyFollowersScreenState'.
[        ] [        ]  - '_MyFollowersScreenState' is from 'package:Boy_flow/views/screens/followers_screen.dart' ('lib/views/screens/followers_screen.dart').
[        ] [        ] Try correcting the name to the name of an existing setter, or defining a setter or field named '_following'.
[        ] [        ]         _following = mapped;
[        ] [        ]         ^^^^^^^^^^
[        ] [        ] lib/views/screens/followers_screen.dart:242:9: Error: The setter '_loading' isn't defined for the type '_MyFollowersScreenState'.
[        ] [        ]  - '_MyFollowersScreenState' is from 'package:Boy_flow/views/screens/followers_screen.dart' ('lib/views/screens/followers_screen.dart').
[        ] [        ] Try correcting the name to the name of an existing setter, or defining a setter or field named '_loading'.
[        ] [        ]         _loading = false;
[        ] [        ]         ^^^^^^^^
[        ] [        ] lib/views/screens/followers_screen.dart:247:9: Error: The setter '_loading' isn't defined for the type '_MyFollowersScreenState'.
[        ] [        ]  - '_MyFollowersScreenState' is from 'package:Boy_flow/views/screens/followers_screen.dart' ('lib/views/screens/followers_screen.dart').
[        ] [        ] Try correcting the name to the name of an existing setter, or defining a setter or field named '_loading'.
[        ] [        ]         _loading = false;
[        ] [        ]         ^^^^^^^^
[        ] [        ] lib/views/screens/followers_screen.dart:248:9: Error: The setter '_error' isn't defined for the type '_MyFollowersScreenState'.
[        ] [        ]  - '_MyFollowersScreenState' is from 'package:Boy_flow/views/screens/followers_screen.dart' ('lib/views/screens/followers_screen.dart').
[        ] [        ] Try correcting the name to the name of an existing setter, or defining a setter or field named '_error'.
[        ] [        ]         _error = e.toString();
[        ] [        ]         ^^^^^^
[        ] [        ] lib/views/screens/followers_screen.dart:310:40: Error: The getter '_handleRefresh' isn't defined for the type '_MyFollowersScreenState'.
[        ] [        ]  - '_MyFollowersScreenState' is from 'package:Boy_flow/views/screens/followers_screen.dart' ('lib/views/screens/followers_screen.dart').
[        ] [        ] Try correcting the name to the name of an existing getter, or defining a getter or field named '_handleRefresh'.
[        ] [        ]                             onRefresh: _handleRefresh,
[        ] [        ]                                        ^^^^^^^^^^^^^^
[        ] [        ] lib/views/screens/female_profile_screen.dart:117:7: Error: '_FemaleProfileScreenState' is already declared in this scope.
[        ] [        ] class _FemaleProfileScreenState extends State<FemaleProfileScreen> {
[        ] [        ]       ^^^^^^^^^^^^^^^^^^^^^^^^^
[        ] [        ] lib/views/screens/female_profile_screen.dart:16:7: Context: Previous declaration of '_FemaleProfileScreenState'.
[        ] [        ] class _FemaleProfileScreenState extends State<FemaleProfileScreen> {
[        ] [        ]       ^^^^^^^^^^^^^^^^^^^^^^^^^
[        ] [        ] lib/views/screens/female_profile_screen.dart:16:7: Error: The non-abstract class '_FemaleProfileScreenState' is missing implementations for these members:
[        ] [        ]  - State.build
[        ] [        ] Try to either
[        ] [        ]  - provide an implementation,
[        ] [        ]  - inherit an implementation from a superclass or mixin,
[        ] [        ]  - mark the class as abstract, or
[        ] [        ]  - provide a 'noSuchMethod' implementation.
[        ] [        ] class _FemaleProfileScreenState extends State<FemaleProfileScreen> {
[        ] [        ]       ^^^^^^^^^^^^^^^^^^^^^^^^^
[        ] [        ] /C:/programTools/flutter/packages/flutter/lib/src/widgets/framework.dart:1461:10: Context: 'State.build' is defined here.
[        ] [        ]   Widget build(BuildContext context);
[        ] [        ]          ^^^^^
[        ] [        ] lib/views/screens/female_profile_screen.dart:45:31: Error: The method 'OutgoingCallScreen' isn't defined for the type '_FemaleProfileScreenState'.
[        ] [        ]  - '_FemaleProfileScreenState' is from 'package:Boy_flow/views/screens/female_profile_screen.dart' ('lib/views/screens/female_profile_screen.dart').
[        ] [        ] Try correcting the name to the name of an existing method, or defining a method named 'OutgoingCallScreen'.
[        ] [        ]               builder: (_) => OutgoingCallScreen(
[        ] [        ]                               ^^^^^^^^^^^^^^^^^^
[        ] [        ] lib/views/screens/female_profile_screen.dart:223:25: Error: The method 'CallNotificationService' isn't defined for the type '_FemaleProfileScreenState#1'.
[        ] [        ]  - '_FemaleProfileScreenState#1' is from 'package:Boy_flow/views/screens/female_profile_screen.dart' ('lib/views/screens/female_profile_screen.dart').
[        ] [        ] Try correcting the name to the name of an existing method, or defining a method named 'CallNotificationService'.
[        ] [        ]     final callService = CallNotificationService();
[        ] [        ]                         ^^^^^^^^^^^^^^^^^^^^^^^
[        ] [        ] lib/views/screens/female_profile_screen.dart:239:31: Error: The method 'AgoraVideoCallScreen' isn't defined for the type '_FemaleProfileScreenState#1'.
[        ] [        ]  - '_FemaleProfileScreenState#1' is from 'package:Boy_flow/views/screens/female_profile_screen.dart' ('lib/views/screens/female_profile_screen.dart').
[        ] [        ] Try correcting the name to the name of an existing method, or defining a method named 'AgoraVideoCallScreen'.
[        ] [        ]         builder: (context) => AgoraVideoCallScreen(
[        ] [        ]                               ^^^^^^^^^^^^^^^^^^^^
[        ] [        ] lib/views/screens/female_profile_screen.dart:297:29: Error: The getter 'user' isn't defined for the type '_FemaleProfileScreenState#1'.
[        ] [        ]  - '_FemaleProfileScreenState#1' is from 'package:Boy_flow/views/screens/female_profile_screen.dart' ('lib/views/screens/female_profile_screen.dart').
[        ] [        ] Try correcting the name to the name of an existing getter, or defining a getter or field named 'user'.
[        ] [        ]                             user.avatarUrl != null && user.avatarUrl!.isNotEmpty
[        ] [        ]                             ^^^^
[        ] [        ] lib/views/screens/female_profile_screen.dart:297:55: Error: The getter 'user' isn't defined for the type '_FemaleProfileScreenState#1'.
[        ] [        ]  - '_FemaleProfileScreenState#1' is from 'package:Boy_flow/views/screens/female_profile_screen.dart' ('lib/views/screens/female_profile_screen.dart').
[        ] [        ] Try correcting the name to the name of an existing getter, or defining a getter or field named 'user'.
[        ] [        ]                             user.avatarUrl != null && user.avatarUrl!.isNotEmpty
[        ] [        ]                                                       ^^^^
[        ] [        ] lib/views/screens/female_profile_screen.dart:298:44: Error: The getter 'user' isn't defined for the type '_FemaleProfileScreenState#1'.
[        ] [        ]  - '_FemaleProfileScreenState#1' is from 'package:Boy_flow/views/screens/female_profile_screen.dart' ('lib/views/screens/female_profile_screen.dart').
[        ] [        ] Try correcting the name to the name of an existing getter, or defining a getter or field named 'user'.
[        ] [        ]                             ? NetworkImage(user.avatarUrl!)
[        ] [        ]                                            ^^^^
[        ] [        ] lib/views/screens/female_profile_screen.dart:300:32: Error: The getter 'user' isn't defined for the type '_FemaleProfileScreenState#1'.
[        ] [        ]  - '_FemaleProfileScreenState#1' is from 'package:Boy_flow/views/screens/female_profile_screen.dart' ('lib/views/screens/female_profile_screen.dart').
[        ] [        ] Try correcting the name to the name of an existing getter, or defining a getter or field named 'user'.
[        ] [        ]                         child: user.avatarUrl == null || user.avatarUrl!.isEmpty
[        ] [        ]                                ^^^^
[        ] [        ] lib/views/screens/female_profile_screen.dart:300:58: Error: The getter 'user' isn't defined for the type '_FemaleProfileScreenState#1'.
[        ] [        ]  - '_FemaleProfileScreenState#1' is from 'package:Boy_flow/views/screens/female_profile_screen.dart' ('lib/views/screens/female_profile_screen.dart').
[        ] [        ] Try correcting the name to the name of an existing getter, or defining a getter or field named 'user'.
[        ] [        ]                         child: user.avatarUrl == null || user.avatarUrl!.isEmpty
[        ] [        ]                                                          ^^^^
[        ] [        ] lib/views/screens/female_profile_screen.dart:457:31: Error: The getter '_isCallLoading' isn't defined for the type '_FemaleProfileScreenState#1'.
[        ] [        ]  - '_FemaleProfileScreenState#1' is from 'package:Boy_flow/views/screens/female_profile_screen.dart' ('lib/views/screens/female_profile_screen.dart').
[        ] [        ] Try correcting the name to the name of an existing getter, or defining a getter or field named '_isCallLoading'.
[        ] [        ]                         icon: _isCallLoading
[        ] [        ]                               ^^^^^^^^^^^^^^
[        ] [        ] lib/views/screens/female_profile_screen.dart:470:27: Error: The getter '_isCallLoading' isn't defined for the type '_FemaleProfileScreenState#1'.
[        ] [        ]  - '_FemaleProfileScreenState#1' is from 'package:Boy_flow/views/screens/female_profile_screen.dart' ('lib/views/screens/female_profile_screen.dart').
[        ] [        ] Try correcting the name to the name of an existing getter, or defining a getter or field named '_isCallLoading'.
[        ] [        ]                           _isCallLoading ? "Calling..." : "Call",
[        ] [        ]                           ^^^^^^^^^^^^^^
[ +193 ms] [ +275 ms] Persisting file store
[ +106 ms] [  +11 ms] Done persisting file store
[        ] [   +2 ms] Target kernel_snapshot_program failed: Exception
[        ]            #0      KernelSnapshot.build (package:flutter_tools/src/build_system/targets/common.dart:282:7)
[        ]            <asynchronous suspension>
[        ]            #1      _BuildInstance._invokeInternal (package:flutter_tools/src/build_system/build_system.dart:873:9)
[        ]            <asynchronous suspension>
[        ]            #2      Future.wait.<anonymous closure> (dart:async/future.dart:525:21)
[        ]            <asynchronous suspension>
[        ]            #3      _BuildInstance.invokeTarget (package:flutter_tools/src/build_system/build_system.dart:811:32)
[        ]            <asynchronous suspension>
[        ]            #4      FlutterBuildSystem.build (package:flutter_tools/src/build_system/build_system.dart:631:16)
[        ]            <asynchronous suspension>
[        ]            #5      AssembleCommand.runCommand (package:flutter_tools/src/commands/assemble.dart:346:32)
[        ]            <asynchronous suspension>
[        ]            #6      FlutterCommand.run.<anonymous closure> (package:flutter_tools/src/runner/flutter_command.dart:1581:27)
[        ]            <asynchronous suspension>
[        ]            #7      AppContext.run.<anonymous closure> (package:flutter_tools/src/base/context.dart:154:19)
[        ]            <asynchronous suspension>
[        ]            #8      CommandRunner.runCommand (package:args/command_runner.dart:212:13)
[        ]            <asynchronous suspension>
[        ]            #9      FlutterCommandRunner.runCommand.<anonymous closure> (package:flutter_tools/src/runner/flutter_command_runner.dart:503:9)
[        ]            <asynchronous suspension>
[        ]            #10     AppContext.run.<anonymous closure> (package:flutter_tools/src/base/context.dart:154:19)
[        ]            <asynchronous suspension>
[        ]            #11     FlutterCommandRunner.runCommand (package:flutter_tools/src/runner/flutter_command_runner.dart:438:5)
[        ]            <asynchronous suspension>
[        ]            #12     run.<anonymous closure>.<anonymous closure> (package:flutter_tools/runner.dart:98:11)
[        ]            <asynchronous suspension>
[        ]            #13     AppContext.run.<anonymous closure> (package:flutter_tools/src/base/context.dart:154:19)
[        ]            <asynchronous suspension>
[        ]            #14     main (package:flutter_tools/executable.dart:101:3)
[        ]            <asynchronous suspension>
[        ] [  +84 ms] 
[        ]            #0      throwToolExit (package:flutter_tools/src/base/common.dart:34:3)
[        ]            #1      AssembleCommand.runCommand (package:flutter_tools/src/commands/assemble.dart:364:7)
[        ]            <asynchronous suspension>
[        ]            #2      FlutterCommand.run.<anonymous closure> (package:flutter_tools/src/runner/flutter_command.dart:1581:27)
[        ]            <asynchronous suspension>
[        ]            #3      AppContext.run.<anonymous closure> (package:flutter_tools/src/base/context.dart:154:19)
[        ]            <asynchronous suspension>
[        ]            #4      CommandRunner.runCommand (package:args/command_runner.dart:212:13)
[        ]            <asynchronous suspension>
[        ]            #5      FlutterCommandRunner.runCommand.<anonymous closure> (package:flutter_tools/src/runner/flutter_command_runner.dart:503:9)
[        ]            <asynchronous suspension>
[        ] [        ] "flutter assemble" took 1,886ms.
[        ] [        ] Running 1 shutdown hook
[        ] [   +1 ms] Shutdown hooks complete
[        ]            #6      AppContext.run.<anonymous closure> (package:flutter_tools/src/base/context.dart:154:19)
[        ]            <asynchronous suspension>
[        ]            #7      FlutterCommandRunner.runCommand (package:flutter_tools/src/runner/flutter_command_runner.dart:438:5)
[        ]            <asynchronous suspension>
[        ]            #8      run.<anonymous closure>.<anonymous closure> (package:flutter_tools/runner.dart:98:11)
[        ]            <asynchronous suspension>
[        ]            #9      AppContext.run.<anonymous closure> (package:flutter_tools/src/base/context.dart:154:19)
[        ]            <asynchronous suspension>
[        ]            #10     main (package:flutter_tools/executable.dart:101:3)
[        ]            <asynchronous suspension>
[ +198 ms] [ +154 ms] exiting with code 1
[        ] > Task :app:compileFlutterBuildDebug FAILED
[ +190 ms] [Incubating] Problems report is available at: file:///C:/Fusionvertex/dating_app_boyflow/build/reports/problems/problems-report.html
[        ] FAILURE: Build failed with an exception.
[        ] * What went wrong:
[        ] Execution failed for task ':app:compileFlutterBuildDebug'.
[        ] > Process 'command 'C:\programTools\flutter\bin\flutter.bat'' finished with non-zero exit value 1
[        ] * Try:
[        ] > Run with --debug option to get more log output.
[        ] > Run with --scan to get full insights.
[        ] > Get more help at https://help.gradle.org.
[        ] * Exception is:
[        ] org.gradle.api.tasks.TaskExecutionException: Execution failed for task ':app:compileFlutterBuildDebug'.
[        ] 	at org.gradle.api.internal.tasks.execution.ExecuteActionsTaskExecuter.lambda$executeIfValid$1(ExecuteActionsTaskExecuter.java:130)
[        ] 	at org.gradle.internal.Try$Failure.ifSuccessfulOrElse(Try.java:293)
[        ] 	at org.gradle.api.internal.tasks.execution.ExecuteActionsTaskExecuter.executeIfValid(ExecuteActionsTaskExecuter.java:128)
[        ] 	at org.gradle.api.internal.tasks.execution.ExecuteActionsTaskExecuter.execute(ExecuteActionsTaskExecuter.java:116)
[        ] 	at org.gradle.api.internal.tasks.execution.ProblemsTaskPathTrackingTaskExecuter.execute(ProblemsTaskPathTrackingTaskExecuter.java:40)
[        ] 	at org.gradle.api.internal.tasks.execution.FinalizePropertiesTaskExecuter.execute(FinalizePropertiesTaskExecuter.java:46)
[        ] 	at org.gradle.api.internal.tasks.execution.ResolveTaskExecutionModeExecuter.execute(ResolveTaskExecutionModeExecuter.java:51)
[        ] 	at org.gradle.api.internal.tasks.execution.SkipTaskWithNoActionsExecuter.execute(SkipTaskWithNoActionsExecuter.java:57)
[        ] 	at org.gradle.api.internal.tasks.execution.SkipOnlyIfTaskExecuter.execute(SkipOnlyIfTaskExecuter.java:74)
[        ] 	at org.gradle.api.internal.tasks.execution.CatchExceptionTaskExecuter.execute(CatchExceptionTaskExecuter.java:36)
[        ] 	at org.gradle.api.internal.tasks.execution.EventFiringTaskExecuter$1.executeTask(EventFiringTaskExecuter.java:77)
[        ] 	at org.gradle.api.internal.tasks.execution.EventFiringTaskExecuter$1.call(EventFiringTaskExecuter.java:55)
[        ] 	at org.gradle.api.internal.tasks.execution.EventFiringTaskExecuter$1.call(EventFiringTaskExecuter.java:52)
[        ] 	at org.gradle.internal.operations.DefaultBuildOperationRunner$CallableBuildOperationWorker.execute(DefaultBuildOperationRunner.java:209)
[        ] 	at org.gradle.internal.operations.DefaultBuildOperationRunner$CallableBuildOperationWorker.execute(DefaultBuildOperationRunner.java:204)
[        ] 	at org.gradle.internal.operations.DefaultBuildOperationRunner$2.execute(DefaultBuildOperationRunner.java:66)
[        ] 	at org.gradle.internal.operations.DefaultBuildOperationRunner$2.execute(DefaultBuildOperationRunner.java:59)
[        ] 	at org.gradle.internal.operations.DefaultBuildOperationRunner.execute(DefaultBuildOperationRunner.java:166)
[        ] 	at org.gradle.internal.operations.DefaultBuildOperationRunner.execute(DefaultBuildOperationRunner.java:59)
[        ] 	at org.gradle.internal.operations.DefaultBuildOperationRunner.call(DefaultBuildOperationRunner.java:53)
[        ] 	at org.gradle.api.internal.tasks.execution.EventFiringTaskExecuter.execute(EventFiringTaskExecuter.java:52)
[        ] 	at org.gradle.execution.plan.LocalTaskNodeExecutor.execute(LocalTaskNodeExecutor.java:42)
[        ] 	at org.gradle.execution.taskgraph.DefaultTaskExecutionGraph$InvokeNodeExecutorsAction.execute(DefaultTaskExecutionGraph.java:331)
[        ] 	at org.gradle.execution.taskgraph.DefaultTaskExecutionGraph$InvokeNodeExecutorsAction.execute(DefaultTaskExecutionGraph.java:318)
[        ] 	at org.gradle.execution.taskgraph.DefaultTaskExecutionGraph$BuildOperationAwareExecutionAction.lambda$execute$0(DefaultTaskExecutionGraph.java:314)
[        ] 	at org.gradle.internal.operations.CurrentBuildOperationRef.with(CurrentBuildOperationRef.java:85)
[        ] 	at org.gradle.execution.taskgraph.DefaultTaskExecutionGraph$BuildOperationAwareExecutionAction.execute(DefaultTaskExecutionGraph.java:314)
[        ] 	at org.gradle.execution.taskgraph.DefaultTaskExecutionGraph$BuildOperationAwareExecutionAction.execute(DefaultTaskExecutionGraph.java:303)
[        ] 	at org.gradle.execution.plan.DefaultPlanExecutor$ExecutorWorker.execute(DefaultPlanExecutor.java:459)
[        ] 	at org.gradle.execution.plan.DefaultPlanExecutor$ExecutorWorker.run(DefaultPlanExecutor.java:376)
[        ] 	at org.gradle.internal.concurrent.ExecutorPolicy$CatchAndRecordFailures.onExecute(ExecutorPolicy.java:64)
[        ] 	at org.gradle.internal.concurrent.AbstractManagedExecutor$1.run(AbstractManagedExecutor.java:48)
[        ] 	at java.base/java.util.concurrent.ThreadPoolExecutor.runWorker(Unknown Source)
[        ] 	at java.base/java.util.concurrent.ThreadPoolExecutor$Worker.run(Unknown Source)
[        ] 	at java.base/java.lang.Thread.run(Unknown Source)
[        ] Caused by: org.gradle.process.internal.ExecException: Process 'command 'C:\programTools\flutter\bin\flutter.bat'' finished with non-zero exit value 1
[        ] 	at org.gradle.process.internal.DefaultExecHandle$ExecResultImpl.assertNormalExitValue(DefaultExecHandle.java:442)
[        ] 	at org.gradle.process.internal.DefaultExecAction.execute(DefaultExecAction.java:49)
[        ] 	at org.gradle.process.internal.DefaultExecActionFactory.exec(DefaultExecActionFactory.java:218)
[        ] 	at org.gradle.process.internal.DefaultExecOperations.exec(DefaultExecOperations.java:37)
[        ] 	at com.flutter.gradle.tasks.BaseFlutterTaskHelper.buildBundle(BaseFlutterTaskHelper.kt:174)
[        ] 	at com.flutter.gradle.tasks.BaseFlutterTask.buildBundle(BaseFlutterTask.kt:147)
[        ] 	at com.flutter.gradle.tasks.FlutterTaskHelper.build$gradle(FlutterTaskHelper.kt:90)
[        ] 	at com.flutter.gradle.tasks.FlutterTask.build(FlutterTask.kt:49)
[        ] 	at java.base/jdk.internal.reflect.DirectMethodHandleAccessor.invoke(Unknown Source)
[        ] 	at java.base/java.lang.reflect.Method.invoke(Unknown Source)
[        ] 	at org.gradle.internal.reflect.JavaMethod.invoke(JavaMethod.java:125)
[        ] 	at org.gradle.api.internal.project.taskfactory.StandardTaskAction.doExecute(StandardTaskAction.java:58)
[        ] 	at org.gradle.api.internal.project.taskfactory.StandardTaskAction.execute(StandardTaskAction.java:51)
[        ] 	at org.gradle.api.internal.project.taskfactory.StandardTaskAction.execute(StandardTaskAction.java:29)
[        ] 	at org.gradle.api.internal.tasks.execution.TaskExecution$3.run(TaskExecution.java:244)
[        ] 	at org.gradle.internal.operations.DefaultBuildOperationRunner$1.execute(DefaultBuildOperationRunner.java:29)
[        ] 	at org.gradle.internal.operations.DefaultBuildOperationRunner$1.execute(DefaultBuildOperationRunner.java:26)
[        ] 	at org.gradle.internal.operations.DefaultBuildOperationRunner$2.execute(DefaultBuildOperationRunner.java:66)
[        ] 	at org.gradle.internal.operations.DefaultBuildOperationRunner$2.execute(DefaultBuildOperationRunner.java:59)
[        ] 	at org.gradle.internal.operations.DefaultBuildOperationRunner.execute(DefaultBuildOperationRunner.java:166)
[        ] 	at org.gradle.internal.operations.DefaultBuildOperationRunner.execute(DefaultBuildOperationRunner.java:59)
[        ] 	at org.gradle.internal.operations.DefaultBuildOperationRunner.run(DefaultBuildOperationRunner.java:47)
[        ] 	at org.gradle.api.internal.tasks.execution.TaskExecution.executeAction(TaskExecution.java:229)
[        ] 	at org.gradle.api.internal.tasks.execution.TaskExecution.executeActions(TaskExecution.java:212)
[        ] 	at org.gradle.api.internal.tasks.execution.TaskExecution.executeWithPreviousOutputFiles(TaskExecution.java:195)
[        ] 	at org.gradle.api.internal.tasks.execution.TaskExecution.execute(TaskExecution.java:162)
[        ] 	at org.gradle.internal.execution.steps.ExecuteStep.executeInternal(ExecuteStep.java:105)
[        ] 	at org.gradle.internal.execution.steps.ExecuteStep.access$000(ExecuteStep.java:44)
[        ] 	at org.gradle.internal.execution.steps.ExecuteStep$1.call(ExecuteStep.java:59)
[        ] 	at org.gradle.internal.execution.steps.ExecuteStep$1.call(ExecuteStep.java:56)
[        ] 	at org.gradle.internal.operations.DefaultBuildOperationRunner$CallableBuildOperationWorker.execute(DefaultBuildOperationRunner.java:209)
[        ] 	at org.gradle.internal.operations.DefaultBuildOperationRunner$CallableBuildOperationWorker.execute(DefaultBuildOperationRunner.java:204)
[        ] 	at org.gradle.internal.operations.DefaultBuildOperationRunner$2.execute(DefaultBuildOperationRunner.java:66)
[        ] 	at org.gradle.internal.operations.DefaultBuildOperationRunner$2.execute(DefaultBuildOperationRunner.java:59)
[        ] 	at org.gradle.internal.operations.DefaultBuildOperationRunner.execute(DefaultBuildOperationRunner.java:166)
[        ] 	at org.gradle.internal.operations.DefaultBuildOperationRunner.execute(DefaultBuildOperationRunner.java:59)
[        ] 	at org.gradle.internal.operations.DefaultBuildOperationRunner.call(DefaultBuildOperationRunner.java:53)
[        ] 	at org.gradle.internal.execution.steps.ExecuteStep.execute(ExecuteStep.java:56)
[        ] 	at org.gradle.internal.execution.steps.ExecuteStep.execute(ExecuteStep.java:44)
[        ] 	at org.gradle.internal.execution.steps.CancelExecutionStep.execute(CancelExecutionStep.java:42)
[        ] 	at org.gradle.internal.execution.steps.TimeoutStep.executeWithoutTimeout(TimeoutStep.java:75)
[        ] 	at org.gradle.internal.execution.steps.TimeoutStep.execute(TimeoutStep.java:55)
[        ] 	at org.gradle.internal.execution.steps.PreCreateOutputParentsStep.execute(PreCreateOutputParentsStep.java:50)
[        ] 	at org.gradle.internal.execution.steps.PreCreateOutputParentsStep.execute(PreCreateOutputParentsStep.java:28)
[        ] 	at org.gradle.internal.execution.steps.RemovePreviousOutputsStep.execute(RemovePreviousOutputsStep.java:67)
[        ] 	at org.gradle.internal.execution.steps.RemovePreviousOutputsStep.execute(RemovePreviousOutputsStep.java:37)
[        ] 	at org.gradle.internal.execution.steps.BroadcastChangingOutputsStep.execute(BroadcastChangingOutputsStep.java:61)
[        ] 	at org.gradle.internal.execution.steps.BroadcastChangingOutputsStep.execute(BroadcastChangingOutputsStep.java:26)
[        ] 	at org.gradle.internal.execution.steps.CaptureOutputsAfterExecutionStep.execute(CaptureOutputsAfterExecutionStep.java:69)
[        ] 	at org.gradle.internal.execution.steps.CaptureOutputsAfterExecutionStep.execute(CaptureOutputsAfterExecutionStep.java:46)
[        ] 	at org.gradle.internal.execution.steps.ResolveInputChangesStep.execute(ResolveInputChangesStep.java:40)
[        ] 	at org.gradle.internal.execution.steps.ResolveInputChangesStep.execute(ResolveInputChangesStep.java:29)
[        ] 	at org.gradle.internal.execution.steps.BuildCacheStep.executeWithoutCache(BuildCacheStep.java:189)
[        ] 	at org.gradle.internal.execution.steps.BuildCacheStep.lambda$execute$1(BuildCacheStep.java:75)
[        ] 	at org.gradle.internal.Either$Right.fold(Either.java:175)
[        ] 	at org.gradle.internal.execution.caching.CachingState.fold(CachingState.java:62)
[        ] 	at org.gradle.internal.execution.steps.BuildCacheStep.execute(BuildCacheStep.java:73)
[        ] 	at org.gradle.internal.execution.steps.BuildCacheStep.execute(BuildCacheStep.java:48)
[        ] 	at org.gradle.internal.execution.steps.StoreExecutionStateStep.execute(StoreExecutionStateStep.java:46)
[        ] 	at org.gradle.internal.execution.steps.StoreExecutionStateStep.execute(StoreExecutionStateStep.java:35)
[        ] 	at org.gradle.internal.execution.steps.SkipUpToDateStep.executeBecause(SkipUpToDateStep.java:75)
[        ] 	at org.gradle.internal.execution.steps.SkipUpToDateStep.lambda$execute$2(SkipUpToDateStep.java:53)
[        ] 	at java.base/java.util.Optional.orElseGet(Unknown Source)
[        ] 	at org.gradle.internal.execution.steps.SkipUpToDateStep.execute(SkipUpToDateStep.java:53)
[        ] 	at org.gradle.internal.execution.steps.SkipUpToDateStep.execute(SkipUpToDateStep.java:35)
[        ] 	at org.gradle.internal.execution.steps.legacy.MarkSnapshottingInputsFinishedStep.execute(MarkSnapshottingInputsFinishedStep.java:37)
[        ] 	at org.gradle.internal.execution.steps.legacy.MarkSnapshottingInputsFinishedStep.execute(MarkSnapshottingInputsFinishedStep.java:27)
[        ] 	at org.gradle.internal.execution.steps.ResolveIncrementalCachingStateStep.executeDelegate(ResolveIncrementalCachingStateStep.java:49)
[        ] 	at org.gradle.internal.execution.steps.ResolveIncrementalCachingStateStep.executeDelegate(ResolveIncrementalCachingStateStep.java:27)
[        ] 	at org.gradle.internal.execution.steps.AbstractResolveCachingStateStep.execute(AbstractResolveCachingStateStep.java:71)
[        ] 	at org.gradle.internal.execution.steps.AbstractResolveCachingStateStep.execute(AbstractResolveCachingStateStep.java:39)
[        ] 	at org.gradle.internal.execution.steps.ResolveChangesStep.execute(ResolveChangesStep.java:65)
[        ] 	at org.gradle.internal.execution.steps.ResolveChangesStep.execute(ResolveChangesStep.java:36)
[        ] 	at org.gradle.internal.execution.steps.ValidateStep.execute(ValidateStep.java:107)
[        ] 	at org.gradle.internal.execution.steps.ValidateStep.execute(ValidateStep.java:56)
[        ] 	at org.gradle.internal.execution.steps.AbstractCaptureStateBeforeExecutionStep.execute(AbstractCaptureStateBeforeExecutionStep.java:64)
[        ] 	at org.gradle.internal.execution.steps.AbstractCaptureStateBeforeExecutionStep.execute(AbstractCaptureStateBeforeExecutionStep.java:43)
[        ] 	at org.gradle.internal.execution.steps.AbstractSkipEmptyWorkStep.executeWithNonEmptySources(AbstractSkipEmptyWorkStep.java:125)
[        ] 	at org.gradle.internal.execution.steps.AbstractSkipEmptyWorkStep.execute(AbstractSkipEmptyWorkStep.java:56)
[        ] 	at org.gradle.internal.execution.steps.AbstractSkipEmptyWorkStep.execute(AbstractSkipEmptyWorkStep.java:36)
[        ] 	at org.gradle.internal.execution.steps.legacy.MarkSnapshottingInputsStartedStep.execute(MarkSnapshottingInputsStartedStep.java:38)
[        ] 	at org.gradle.internal.execution.steps.LoadPreviousExecutionStateStep.execute(LoadPreviousExecutionStateStep.java:36)
[        ] 	at org.gradle.internal.execution.steps.LoadPreviousExecutionStateStep.execute(LoadPreviousExecutionStateStep.java:23)
[        ] 	at org.gradle.internal.execution.steps.HandleStaleOutputsStep.execute(HandleStaleOutputsStep.java:75)
[        ] 	at org.gradle.internal.execution.steps.HandleStaleOutputsStep.execute(HandleStaleOutputsStep.java:41)
[        ] 	at org.gradle.internal.execution.steps.AssignMutableWorkspaceStep.lambda$execute$0(AssignMutableWorkspaceStep.java:35)
[        ] 	at org.gradle.api.internal.tasks.execution.TaskExecution$4.withWorkspace(TaskExecution.java:289)
[        ] 	at org.gradle.internal.execution.steps.AssignMutableWorkspaceStep.execute(AssignMutableWorkspaceStep.java:31)
[        ] 	at org.gradle.internal.execution.steps.AssignMutableWorkspaceStep.execute(AssignMutableWorkspaceStep.java:22)
[        ] 	at org.gradle.internal.execution.steps.ChoosePipelineStep.execute(ChoosePipelineStep.java:40)
[        ] 	at org.gradle.internal.execution.steps.ChoosePipelineStep.execute(ChoosePipelineStep.java:23)
[        ] 	at org.gradle.internal.execution.steps.ExecuteWorkBuildOperationFiringStep.lambda$execute$2(ExecuteWorkBuildOperationFiringStep.java:67)
[        ] 	at java.base/java.util.Optional.orElseGet(Unknown Source)
[        ] 	at org.gradle.internal.execution.steps.ExecuteWorkBuildOperationFiringStep.execute(ExecuteWorkBuildOperationFiringStep.java:67)
[        ] 	at org.gradle.internal.execution.steps.ExecuteWorkBuildOperationFiringStep.execute(ExecuteWorkBuildOperationFiringStep.java:39)
[        ] 	at org.gradle.internal.execution.steps.IdentityCacheStep.execute(IdentityCacheStep.java:46)
[        ] 	at org.gradle.internal.execution.steps.IdentityCacheStep.execute(IdentityCacheStep.java:34)
[        ] 	at org.gradle.internal.execution.steps.IdentifyStep.execute(IdentifyStep.java:48)
[        ] 	at org.gradle.internal.execution.steps.IdentifyStep.execute(IdentifyStep.java:35)
[        ] 	at org.gradle.internal.execution.impl.DefaultExecutionEngine$1.execute(DefaultExecutionEngine.java:61)
[        ] 	at org.gradle.api.internal.tasks.execution.ExecuteActionsTaskExecuter.executeIfValid(ExecuteActionsTaskExecuter.java:127)
[        ] 	at org.gradle.api.internal.tasks.execution.ExecuteActionsTaskExecuter.execute(ExecuteActionsTaskExecuter.java:116)
[        ] 	at org.gradle.api.internal.tasks.execution.ProblemsTaskPathTrackingTaskExecuter.execute(ProblemsTaskPathTrackingTaskExecuter.java:40)
[        ] 	at org.gradle.api.internal.tasks.execution.FinalizePropertiesTaskExecuter.execute(FinalizePropertiesTaskExecuter.java:46)
[        ] 	at org.gradle.api.internal.tasks.execution.ResolveTaskExecutionModeExecuter.execute(ResolveTaskExecutionModeExecuter.java:51)
[        ] 	at org.gradle.api.internal.tasks.execution.SkipTaskWithNoActionsExecuter.execute(SkipTaskWithNoActionsExecuter.java:57)
[        ] 	at org.gradle.api.internal.tasks.execution.SkipOnlyIfTaskExecuter.execute(SkipOnlyIfTaskExecuter.java:74)
[        ] 	at org.gradle.api.internal.tasks.execution.CatchExceptionTaskExecuter.execute(CatchExceptionTaskExecuter.java:36)
[        ] 	at org.gradle.api.internal.tasks.execution.EventFiringTaskExecuter$1.executeTask(EventFiringTaskExecuter.java:77)
[        ] 	at org.gradle.api.internal.tasks.execution.EventFiringTaskExecuter$1.call(EventFiringTaskExecuter.java:55)
[        ] 	at org.gradle.api.internal.tasks.execution.EventFiringTaskExecuter$1.call(EventFiringTaskExecuter.java:52)
[        ] 	at org.gradle.internal.operations.DefaultBuildOperationRunner$CallableBuildOperationWorker.execute(DefaultBuildOperationRunner.java:209)
[        ] 	at org.gradle.internal.operations.DefaultBuildOperationRunner$CallableBuildOperationWorker.execute(DefaultBuildOperationRunner.java:204)
[        ] 	at org.gradle.internal.operations.DefaultBuildOperationRunner$2.execute(DefaultBuildOperationRunner.java:66)
[        ] 	at org.gradle.internal.operations.DefaultBuildOperationRunner$2.execute(DefaultBuildOperationRunner.java:59)
[        ] 	at org.gradle.internal.operations.DefaultBuildOperationRunner.execute(DefaultBuildOperationRunner.java:166)
[        ] 	at org.gradle.internal.operations.DefaultBuildOperationRunner.execute(DefaultBuildOperationRunner.java:59)
[        ] 	at org.gradle.internal.operations.DefaultBuildOperationRunner.call(DefaultBuildOperationRunner.java:53)
[        ] 	at org.gradle.api.internal.tasks.execution.EventFiringTaskExecuter.execute(EventFiringTaskExecuter.java:52)
[        ] 	at org.gradle.execution.plan.LocalTaskNodeExecutor.execute(LocalTaskNodeExecutor.java:42)
[        ] 	at org.gradle.execution.taskgraph.DefaultTaskExecutionGraph$InvokeNodeExecutorsAction.execute(DefaultTaskExecutionGraph.java:331)
[        ] 	at org.gradle.execution.taskgraph.DefaultTaskExecutionGraph$InvokeNodeExecutorsAction.execute(DefaultTaskExecutionGraph.java:318)
[        ] 	at org.gradle.execution.taskgraph.DefaultTaskExecutionGraph$BuildOperationAwareExecutionAction.lambda$execute$0(DefaultTaskExecutionGraph.java:314)
[        ] 	at org.gradle.internal.operations.CurrentBuildOperationRef.with(CurrentBuildOperationRef.java:85)
[        ] 	at org.gradle.execution.taskgraph.DefaultTaskExecutionGraph$BuildOperationAwareExecutionAction.execute(DefaultTaskExecutionGraph.java:314)
[        ] 	at org.gradle.execution.taskgraph.DefaultTaskExecutionGraph$BuildOperationAwareExecutionAction.execute(DefaultTaskExecutionGraph.java:303)
[        ] 	at org.gradle.execution.plan.DefaultPlanExecutor$ExecutorWorker.execute(DefaultPlanExecutor.java:459)
[        ] 	at org.gradle.execution.plan.DefaultPlanExecutor$ExecutorWorker.run(DefaultPlanExecutor.java:376)
[        ] 	at org.gradle.internal.concurrent.ExecutorPolicy$CatchAndRecordFailures.onExecute(ExecutorPolicy.java:64)
[        ] 	at org.gradle.internal.concurrent.AbstractManagedExecutor$1.run(AbstractManagedExecutor.java:48)
[        ] 	at java.base/java.util.concurrent.ThreadPoolExecutor.runWorker(Unknown Source)
[        ] 	at java.base/java.util.concurrent.ThreadPoolExecutor$Worker.run(Unknown Source)
[        ] 	at java.base/java.lang.Thread.run(Unknown Source)
[        ] BUILD FAILED in 5s
[        ] Deprecated Gradle features were used in this build, making it incompatible with Gradle 9.0.
[        ] You can use '--warning-mode all' to show the individual deprecation warnings and determine if they come from your own scripts or plugins.
[        ] For more on this, please refer to https://docs.gradle.org/8.12/userguide/command_line_interface.html#sec:command_line_warnings in the Gradle documentation.
[        ] 47 actionable tasks: 10 executed, 37 up-to-date
[        ] Watched directory hierarchies: [C:\programTools\flutter\packages\flutter_tools\gradle]
[  +97 ms] Running Gradle task 'assembleDebug'... (completed in 5.8s)
[  +59 ms] "flutter apk" took 6,719ms.
[  +84 ms] Gradle task assembleDebug failed with exit code 1
[        ] 
           #0      throwToolExit (package:flutter_tools/src/base/common.dart:34:3)
           #1      AndroidGradleBuilder.buildGradleApp (package:flutter_tools/src/android/gradle.dart:600:7)
           <asynchronous suspension>
           #2      AndroidGradleBuilder.buildApk (package:flutter_tools/src/android/gradle.dart:239:5)
           <asynchronous suspension>
           #3      BuildApkCommand.runCommand (package:flutter_tools/src/commands/build_apk.dart:131:5)
           <asynchronous suspension>
           #4      FlutterCommand.run.<anonymous closure> (package:flutter_tools/src/runner/flutter_command.dart:1581:27)
           <asynchronous suspension>
           #5      AppContext.run.<anonymous closure> (package:flutter_tools/src/base/context.dart:154:19)
           <asynchronous suspension>
           #6      CommandRunner.runCommand (package:args/command_runner.dart:212:13)
           <asynchronous suspension>
           #7      FlutterCommandRunner.runCommand.<anonymous closure> (package:flutter_tools/src/runner/flutter_command_runner.dart:503:9)
           <asynchronous suspension>
           #8      AppContext.run.<anonymous closure> (package:flutter_tools/src/base/context.dart:154:19)
           <asynchronous suspension>
           #9      FlutterCommandRunner.runCommand (package:flutter_tools/src/runner/flutter_command_runner.dart:438:5)
           <asynchronous suspension>
           #10     run.<anonymous closure>.<anonymous closure> (package:flutter_tools/runner.dart:98:11)
           <asynchronous suspension>
           #11     AppContext.run.<anonymous closure> (package:flutter_tools/src/base/context.dart:154:19)
           <asynchronous suspension>
           #12     main (package:flutter_tools/executable.dart:101:3)
           <asynchronous suspension>


[        ] Running 1 shutdown hook
[   +1 ms] Shutdown hooks complete
[ +103 ms] exiting with code 1
